---------- Date: 2017-06-05 05:03:34 ~ IP : 2.62.215.1 ----------
REQUEST URI : /
MOD DETAILS:
   modFile   : /home/h/hgmgroup/public_html/vqmod/xml/da_journal2_image_cdn.xml
   id        : Journal2 Image CDN
   version   : 1.5.x
   vqmver    : 2.4.0
   author    : digital-atelier.com

File Name    : catalog/model/tool/image.php(0)
VQModObject::applyMod - SEARCH NOT FOUND (ABORTING MOD): return $this->config->get('config_ssl') . 'image/' . $new_image;
----------------------------------------------------------------------


---------- Date: 2017-06-05 05:03:34 ~ IP : 2.62.215.1 ----------
REQUEST URI : /index.php?route=journal2/assets/css
MOD DETAILS:
   modFile   : /home/h/hgmgroup/public_html/vqmod/xml/da_journal2_image_cdn.xml
   id        : Journal2 Image CDN
   version   : 1.5.x
   vqmver    : 2.4.0
   author    : digital-atelier.com

File Name    : catalog/model/tool/image.php(0)
VQModObject::applyMod - SEARCH NOT FOUND (ABORTING MOD): return $this->config->get('config_ssl') . 'image/' . $new_image;
----------------------------------------------------------------------


---------- Date: 2017-06-05 05:03:35 ~ IP : 2.62.215.1 ----------
REQUEST URI : /index.php?route=journal2/assets/js
MOD DETAILS:
   modFile   : /home/h/hgmgroup/public_html/vqmod/xml/da_journal2_image_cdn.xml
   id        : Journal2 Image CDN
   version   : 1.5.x
   vqmver    : 2.4.0
   author    : digital-atelier.com

File Name    : catalog/model/tool/image.php(0)
VQModObject::applyMod - SEARCH NOT FOUND (ABORTING MOD): return $this->config->get('config_ssl') . 'image/' . $new_image;
----------------------------------------------------------------------


---------- Date: 2017-06-05 06:37:05 ~ IP : 2.62.215.1 ----------
REQUEST URI : /
MOD DETAILS:
   modFile   : /home/h/hgmgroup/public_html/vqmod/xml/da_journal2_image_cdn.xml
   id        : Journal2 Image CDN
   version   : 1.5.x
   vqmver    : 2.4.0
   author    : digital-atelier.com

File Name    : catalog/model/tool/image.php(0)
VQModObject::applyMod - SEARCH NOT FOUND (ABORTING MOD): return $this->config->get('config_ssl') . 'image/' . $new_image;
----------------------------------------------------------------------


---------- Date: 2017-06-05 06:37:05 ~ IP : 2.62.215.1 ----------
REQUEST URI : /index.php?route=journal2/assets/css
MOD DETAILS:
   modFile   : /home/h/hgmgroup/public_html/vqmod/xml/da_journal2_image_cdn.xml
   id        : Journal2 Image CDN
   version   : 1.5.x
   vqmver    : 2.4.0
   author    : digital-atelier.com

File Name    : catalog/model/tool/image.php(0)
VQModObject::applyMod - SEARCH NOT FOUND (ABORTING MOD): return $this->config->get('config_ssl') . 'image/' . $new_image;
----------------------------------------------------------------------


---------- Date: 2017-06-05 06:37:05 ~ IP : 2.62.215.1 ----------
REQUEST URI : /index.php?route=journal2/assets/js
MOD DETAILS:
   modFile   : /home/h/hgmgroup/public_html/vqmod/xml/da_journal2_image_cdn.xml
   id        : Journal2 Image CDN
   version   : 1.5.x
   vqmver    : 2.4.0
   author    : digital-atelier.com

File Name    : catalog/model/tool/image.php(0)
VQModObject::applyMod - SEARCH NOT FOUND (ABORTING MOD): return $this->config->get('config_ssl') . 'image/' . $new_image;
----------------------------------------------------------------------


---------- Date: 2017-06-05 06:56:29 ~ IP : 2.62.215.1 ----------
REQUEST URI : /index.php?route=information/information&amp;information_id=32
MOD DETAILS:
   modFile   : /home/h/hgmgroup/public_html/vqmod/xml/da_journal2_image_cdn.xml
   id        : Journal2 Image CDN
   version   : 1.5.x
   vqmver    : 2.4.0
   author    : digital-atelier.com

File Name    : catalog/model/tool/image.php(0)
VQModObject::applyMod - SEARCH NOT FOUND (ABORTING MOD): return $this->config->get('config_ssl') . 'image/' . $new_image;
----------------------------------------------------------------------


---------- Date: 2017-06-05 06:56:29 ~ IP : 2.62.215.1 ----------
REQUEST URI : /index.php?route=journal2/assets/css
MOD DETAILS:
   modFile   : /home/h/hgmgroup/public_html/vqmod/xml/da_journal2_image_cdn.xml
   id        : Journal2 Image CDN
   version   : 1.5.x
   vqmver    : 2.4.0
   author    : digital-atelier.com

File Name    : catalog/model/tool/image.php(0)
VQModObject::applyMod - SEARCH NOT FOUND (ABORTING MOD): return $this->config->get('config_ssl') . 'image/' . $new_image;
----------------------------------------------------------------------


---------- Date: 2017-06-05 06:56:29 ~ IP : 2.62.215.1 ----------
REQUEST URI : /index.php?route=journal2/assets/js
MOD DETAILS:
   modFile   : /home/h/hgmgroup/public_html/vqmod/xml/da_journal2_image_cdn.xml
   id        : Journal2 Image CDN
   version   : 1.5.x
   vqmver    : 2.4.0
   author    : digital-atelier.com

File Name    : catalog/model/tool/image.php(0)
VQModObject::applyMod - SEARCH NOT FOUND (ABORTING MOD): return $this->config->get('config_ssl') . 'image/' . $new_image;
----------------------------------------------------------------------


---------- Date: 2017-06-05 06:56:41 ~ IP : 2.62.215.1 ----------
REQUEST URI : /index.php?route=information/information&amp;information_id=21
MOD DETAILS:
   modFile   : /home/h/hgmgroup/public_html/vqmod/xml/da_journal2_image_cdn.xml
   id        : Journal2 Image CDN
   version   : 1.5.x
   vqmver    : 2.4.0
   author    : digital-atelier.com

File Name    : catalog/model/tool/image.php(0)
VQModObject::applyMod - SEARCH NOT FOUND (ABORTING MOD): return $this->config->get('config_ssl') . 'image/' . $new_image;
----------------------------------------------------------------------


---------- Date: 2017-06-05 06:56:41 ~ IP : 2.62.215.1 ----------
REQUEST URI : /index.php?route=journal2/assets/css
MOD DETAILS:
   modFile   : /home/h/hgmgroup/public_html/vqmod/xml/da_journal2_image_cdn.xml
   id        : Journal2 Image CDN
   version   : 1.5.x
   vqmver    : 2.4.0
   author    : digital-atelier.com

File Name    : catalog/model/tool/image.php(0)
VQModObject::applyMod - SEARCH NOT FOUND (ABORTING MOD): return $this->config->get('config_ssl') . 'image/' . $new_image;
----------------------------------------------------------------------


---------- Date: 2017-06-05 06:56:41 ~ IP : 2.62.215.1 ----------
REQUEST URI : /index.php?route=journal2/assets/js
MOD DETAILS:
   modFile   : /home/h/hgmgroup/public_html/vqmod/xml/da_journal2_image_cdn.xml
   id        : Journal2 Image CDN
   version   : 1.5.x
   vqmver    : 2.4.0
   author    : digital-atelier.com

File Name    : catalog/model/tool/image.php(0)
VQModObject::applyMod - SEARCH NOT FOUND (ABORTING MOD): return $this->config->get('config_ssl') . 'image/' . $new_image;
----------------------------------------------------------------------


---------- Date: 2017-06-05 07:27:43 ~ IP : 2.62.215.1 ----------
REQUEST URI : /index.php?route=module/cart
MOD DETAILS:
   modFile   : /home/h/hgmgroup/public_html/vqmod/xml/da_journal2_image_cdn.xml
   id        : Journal2 Image CDN
   version   : 1.5.x
   vqmver    : 2.4.0
   author    : digital-atelier.com

File Name    : catalog/model/tool/image.php(0)
VQModObject::applyMod - SEARCH NOT FOUND (ABORTING MOD): return $this->config->get('config_ssl') . 'image/' . $new_image;
----------------------------------------------------------------------


---------- Date: 2017-06-05 07:27:48 ~ IP : 2.62.215.1 ----------
REQUEST URI : /index.php?route=module/cart&amp;remove=294
MOD DETAILS:
   modFile   : /home/h/hgmgroup/public_html/vqmod/xml/da_journal2_image_cdn.xml
   id        : Journal2 Image CDN
   version   : 1.5.x
   vqmver    : 2.4.0
   author    : digital-atelier.com

File Name    : catalog/model/tool/image.php(0)
VQModObject::applyMod - SEARCH NOT FOUND (ABORTING MOD): return $this->config->get('config_ssl') . 'image/' . $new_image;
----------------------------------------------------------------------


---------- Date: 2017-06-05 07:27:49 ~ IP : 2.62.215.1 ----------
REQUEST URI : /index.php?route=module/cart&amp;remove=295
MOD DETAILS:
   modFile   : /home/h/hgmgroup/public_html/vqmod/xml/da_journal2_image_cdn.xml
   id        : Journal2 Image CDN
   version   : 1.5.x
   vqmver    : 2.4.0
   author    : digital-atelier.com

File Name    : catalog/model/tool/image.php(0)
VQModObject::applyMod - SEARCH NOT FOUND (ABORTING MOD): return $this->config->get('config_ssl') . 'image/' . $new_image;
----------------------------------------------------------------------


---------- Date: 2017-06-05 07:27:52 ~ IP : 2.62.215.1 ----------
REQUEST URI : /index.php?route=common/home
MOD DETAILS:
   modFile   : /home/h/hgmgroup/public_html/vqmod/xml/da_journal2_image_cdn.xml
   id        : Journal2 Image CDN
   version   : 1.5.x
   vqmver    : 2.4.0
   author    : digital-atelier.com

File Name    : catalog/model/tool/image.php(0)
VQModObject::applyMod - SEARCH NOT FOUND (ABORTING MOD): return $this->config->get('config_ssl') . 'image/' . $new_image;
----------------------------------------------------------------------


---------- Date: 2017-06-05 07:27:52 ~ IP : 2.62.215.1 ----------
REQUEST URI : /index.php?route=journal2/assets/css
MOD DETAILS:
   modFile   : /home/h/hgmgroup/public_html/vqmod/xml/da_journal2_image_cdn.xml
   id        : Journal2 Image CDN
   version   : 1.5.x
   vqmver    : 2.4.0
   author    : digital-atelier.com

File Name    : catalog/model/tool/image.php(0)
VQModObject::applyMod - SEARCH NOT FOUND (ABORTING MOD): return $this->config->get('config_ssl') . 'image/' . $new_image;
----------------------------------------------------------------------


---------- Date: 2017-06-05 07:27:52 ~ IP : 2.62.215.1 ----------
REQUEST URI : /index.php?route=journal2/assets/js
MOD DETAILS:
   modFile   : /home/h/hgmgroup/public_html/vqmod/xml/da_journal2_image_cdn.xml
   id        : Journal2 Image CDN
   version   : 1.5.x
   vqmver    : 2.4.0
   author    : digital-atelier.com

File Name    : catalog/model/tool/image.php(0)
VQModObject::applyMod - SEARCH NOT FOUND (ABORTING MOD): return $this->config->get('config_ssl') . 'image/' . $new_image;
----------------------------------------------------------------------


---------- Date: 2017-06-05 08:21:11 ~ IP : 2.62.215.1 ----------
REQUEST URI : /index.php?route=module/cart
MOD DETAILS:
   modFile   : /home/h/hgmgroup/public_html/vqmod/xml/da_journal2_image_cdn.xml
   id        : Journal2 Image CDN
   version   : 1.5.x
   vqmver    : 2.4.0
   author    : digital-atelier.com

File Name    : catalog/model/tool/image.php(0)
VQModObject::applyMod - SEARCH NOT FOUND (ABORTING MOD): return $this->config->get('config_ssl') . 'image/' . $new_image;
----------------------------------------------------------------------


---------- Date: 2017-06-05 09:44:24 ~ IP : 2.62.215.1 ----------
REQUEST URI : /index.php?route=common/home
MOD DETAILS:
   modFile   : /home/h/hgmgroup/public_html/vqmod/xml/da_journal2_image_cdn.xml
   id        : Journal2 Image CDN
   version   : 1.5.x
   vqmver    : 2.4.0
   author    : digital-atelier.com

File Name    : catalog/model/tool/image.php(0)
VQModObject::applyMod - SEARCH NOT FOUND (ABORTING MOD): return $this->config->get('config_ssl') . 'image/' . $new_image;
----------------------------------------------------------------------


---------- Date: 2017-06-05 09:44:25 ~ IP : 2.62.215.1 ----------
REQUEST URI : /index.php?route=journal2/assets/css
MOD DETAILS:
   modFile   : /home/h/hgmgroup/public_html/vqmod/xml/da_journal2_image_cdn.xml
   id        : Journal2 Image CDN
   version   : 1.5.x
   vqmver    : 2.4.0
   author    : digital-atelier.com

File Name    : catalog/model/tool/image.php(0)
VQModObject::applyMod - SEARCH NOT FOUND (ABORTING MOD): return $this->config->get('config_ssl') . 'image/' . $new_image;
----------------------------------------------------------------------


---------- Date: 2017-06-05 09:44:25 ~ IP : 2.62.215.1 ----------
REQUEST URI : /index.php?route=journal2/assets/js
MOD DETAILS:
   modFile   : /home/h/hgmgroup/public_html/vqmod/xml/da_journal2_image_cdn.xml
   id        : Journal2 Image CDN
   version   : 1.5.x
   vqmver    : 2.4.0
   author    : digital-atelier.com

File Name    : catalog/model/tool/image.php(0)
VQModObject::applyMod - SEARCH NOT FOUND (ABORTING MOD): return $this->config->get('config_ssl') . 'image/' . $new_image;
----------------------------------------------------------------------


---------- Date: 2017-06-05 10:41:47 ~ IP : 2.62.215.1 ----------
REQUEST URI : /
MOD DETAILS:
   modFile   : /home/h/hgmgroup/public_html/vqmod/xml/da_journal2_image_cdn.xml
   id        : Journal2 Image CDN
   version   : 1.5.x
   vqmver    : 2.4.0
   author    : digital-atelier.com

File Name    : catalog/model/tool/image.php(0)
VQModObject::applyMod - SEARCH NOT FOUND (ABORTING MOD): return $this->config->get('config_ssl') . 'image/' . $new_image;
----------------------------------------------------------------------


---------- Date: 2017-06-05 10:41:48 ~ IP : 2.62.215.1 ----------
REQUEST URI : /index.php?route=journal2/assets/css
MOD DETAILS:
   modFile   : /home/h/hgmgroup/public_html/vqmod/xml/da_journal2_image_cdn.xml
   id        : Journal2 Image CDN
   version   : 1.5.x
   vqmver    : 2.4.0
   author    : digital-atelier.com

File Name    : catalog/model/tool/image.php(0)
VQModObject::applyMod - SEARCH NOT FOUND (ABORTING MOD): return $this->config->get('config_ssl') . 'image/' . $new_image;
----------------------------------------------------------------------


---------- Date: 2017-06-05 10:41:48 ~ IP : 2.62.215.1 ----------
REQUEST URI : /index.php?route=journal2/assets/js
MOD DETAILS:
   modFile   : /home/h/hgmgroup/public_html/vqmod/xml/da_journal2_image_cdn.xml
   id        : Journal2 Image CDN
   version   : 1.5.x
   vqmver    : 2.4.0
   author    : digital-atelier.com

File Name    : catalog/model/tool/image.php(0)
VQModObject::applyMod - SEARCH NOT FOUND (ABORTING MOD): return $this->config->get('config_ssl') . 'image/' . $new_image;
----------------------------------------------------------------------


---------- Date: 2017-06-05 17:25:36 ~ IP : 85.26.164.127 ----------
REQUEST URI : /
MOD DETAILS:
   modFile   : /home/h/hgmgroup/public_html/vqmod/xml/da_journal2_image_cdn.xml
   id        : Journal2 Image CDN
   version   : 1.5.x
   vqmver    : 2.4.0
   author    : digital-atelier.com

File Name    : catalog/model/tool/image.php(0)
VQModObject::applyMod - SEARCH NOT FOUND (ABORTING MOD): return $this->config->get('config_ssl') . 'image/' . $new_image;
----------------------------------------------------------------------


---------- Date: 2017-06-05 17:25:37 ~ IP : 85.26.164.127 ----------
REQUEST URI : /index.php?route=journal2/assets/css
MOD DETAILS:
   modFile   : /home/h/hgmgroup/public_html/vqmod/xml/da_journal2_image_cdn.xml
   id        : Journal2 Image CDN
   version   : 1.5.x
   vqmver    : 2.4.0
   author    : digital-atelier.com

File Name    : catalog/model/tool/image.php(0)
VQModObject::applyMod - SEARCH NOT FOUND (ABORTING MOD): return $this->config->get('config_ssl') . 'image/' . $new_image;
----------------------------------------------------------------------


---------- Date: 2017-06-05 17:25:38 ~ IP : 85.26.164.127 ----------
REQUEST URI : /index.php?route=journal2/assets/js
MOD DETAILS:
   modFile   : /home/h/hgmgroup/public_html/vqmod/xml/da_journal2_image_cdn.xml
   id        : Journal2 Image CDN
   version   : 1.5.x
   vqmver    : 2.4.0
   author    : digital-atelier.com

File Name    : catalog/model/tool/image.php(0)
VQModObject::applyMod - SEARCH NOT FOUND (ABORTING MOD): return $this->config->get('config_ssl') . 'image/' . $new_image;
----------------------------------------------------------------------


---------- Date: 2017-06-05 17:26:40 ~ IP : 85.26.164.127 ----------
REQUEST URI : /index.php?route=journal2/blog&amp;journal_blog_category_id=6
MOD DETAILS:
   modFile   : /home/h/hgmgroup/public_html/vqmod/xml/da_journal2_image_cdn.xml
   id        : Journal2 Image CDN
   version   : 1.5.x
   vqmver    : 2.4.0
   author    : digital-atelier.com

File Name    : catalog/model/tool/image.php(0)
VQModObject::applyMod - SEARCH NOT FOUND (ABORTING MOD): return $this->config->get('config_ssl') . 'image/' . $new_image;
----------------------------------------------------------------------


---------- Date: 2017-06-05 17:26:41 ~ IP : 85.26.164.127 ----------
REQUEST URI : /index.php?route=journal2/blog&amp;journal_blog_category_id=6
MOD DETAILS:
   modFile   : /home/h/hgmgroup/public_html/vqmod/xml/da_journal2_image_cdn.xml
   id        : Journal2 Image CDN
   version   : 1.5.x
   vqmver    : 2.4.0
   author    : digital-atelier.com

File Name    : catalog/model/tool/image.php(0)
VQModObject::applyMod - SEARCH NOT FOUND (ABORTING MOD): return $this->config->get('config_ssl') . 'image/' . $new_image;
----------------------------------------------------------------------


---------- Date: 2017-06-05 17:26:42 ~ IP : 85.26.164.127 ----------
REQUEST URI : /index.php?route=journal2/assets/css
MOD DETAILS:
   modFile   : /home/h/hgmgroup/public_html/vqmod/xml/da_journal2_image_cdn.xml
   id        : Journal2 Image CDN
   version   : 1.5.x
   vqmver    : 2.4.0
   author    : digital-atelier.com

File Name    : catalog/model/tool/image.php(0)
VQModObject::applyMod - SEARCH NOT FOUND (ABORTING MOD): return $this->config->get('config_ssl') . 'image/' . $new_image;
----------------------------------------------------------------------


---------- Date: 2017-06-05 17:26:42 ~ IP : 85.26.164.127 ----------
REQUEST URI : /index.php?route=journal2/assets/js
MOD DETAILS:
   modFile   : /home/h/hgmgroup/public_html/vqmod/xml/da_journal2_image_cdn.xml
   id        : Journal2 Image CDN
   version   : 1.5.x
   vqmver    : 2.4.0
   author    : digital-atelier.com

File Name    : catalog/model/tool/image.php(0)
VQModObject::applyMod - SEARCH NOT FOUND (ABORTING MOD): return $this->config->get('config_ssl') . 'image/' . $new_image;
----------------------------------------------------------------------


---------- Date: 2017-06-05 17:27:26 ~ IP : 85.26.164.127 ----------
REQUEST URI : /index.php?route=product/category&amp;path=271
MOD DETAILS:
   modFile   : /home/h/hgmgroup/public_html/vqmod/xml/da_journal2_image_cdn.xml
   id        : Journal2 Image CDN
   version   : 1.5.x
   vqmver    : 2.4.0
   author    : digital-atelier.com

File Name    : catalog/model/tool/image.php(0)
VQModObject::applyMod - SEARCH NOT FOUND (ABORTING MOD): return $this->config->get('config_ssl') . 'image/' . $new_image;
----------------------------------------------------------------------


---------- Date: 2017-06-05 17:27:27 ~ IP : 85.26.164.127 ----------
REQUEST URI : /index.php?route=journal2/assets/js
MOD DETAILS:
   modFile   : /home/h/hgmgroup/public_html/vqmod/xml/da_journal2_image_cdn.xml
   id        : Journal2 Image CDN
   version   : 1.5.x
   vqmver    : 2.4.0
   author    : digital-atelier.com

File Name    : catalog/model/tool/image.php(0)
VQModObject::applyMod - SEARCH NOT FOUND (ABORTING MOD): return $this->config->get('config_ssl') . 'image/' . $new_image;
----------------------------------------------------------------------


---------- Date: 2017-06-05 17:27:27 ~ IP : 85.26.164.127 ----------
REQUEST URI : /index.php?route=journal2/assets/css
MOD DETAILS:
   modFile   : /home/h/hgmgroup/public_html/vqmod/xml/da_journal2_image_cdn.xml
   id        : Journal2 Image CDN
   version   : 1.5.x
   vqmver    : 2.4.0
   author    : digital-atelier.com

File Name    : catalog/model/tool/image.php(0)
VQModObject::applyMod - SEARCH NOT FOUND (ABORTING MOD): return $this->config->get('config_ssl') . 'image/' . $new_image;
----------------------------------------------------------------------


---------- Date: 2017-06-05 17:27:29 ~ IP : 85.26.164.127 ----------
REQUEST URI : /index.php?route=module/mega_filter/ajaxinfo&amp;path=271&amp;mfilterIdx=1&amp;mfilterRoute=cHJvZHVjdC9jYXRlZ29yeQ%3D%3D&amp;mfilterBTypes=price%2Cmanufacturers
MOD DETAILS:
   modFile   : /home/h/hgmgroup/public_html/vqmod/xml/da_journal2_image_cdn.xml
   id        : Journal2 Image CDN
   version   : 1.5.x
   vqmver    : 2.4.0
   author    : digital-atelier.com

File Name    : catalog/model/tool/image.php(0)
VQModObject::applyMod - SEARCH NOT FOUND (ABORTING MOD): return $this->config->get('config_ssl') . 'image/' . $new_image;
----------------------------------------------------------------------


---------- Date: 2017-06-05 17:27:43 ~ IP : 85.26.164.127 ----------
REQUEST URI : /index.php?route=product/category&amp;path=271_285
MOD DETAILS:
   modFile   : /home/h/hgmgroup/public_html/vqmod/xml/da_journal2_image_cdn.xml
   id        : Journal2 Image CDN
   version   : 1.5.x
   vqmver    : 2.4.0
   author    : digital-atelier.com

File Name    : catalog/model/tool/image.php(0)
VQModObject::applyMod - SEARCH NOT FOUND (ABORTING MOD): return $this->config->get('config_ssl') . 'image/' . $new_image;
----------------------------------------------------------------------


---------- Date: 2017-06-05 17:27:43 ~ IP : 85.26.164.127 ----------
REQUEST URI : /index.php?route=journal2/assets/css
MOD DETAILS:
   modFile   : /home/h/hgmgroup/public_html/vqmod/xml/da_journal2_image_cdn.xml
   id        : Journal2 Image CDN
   version   : 1.5.x
   vqmver    : 2.4.0
   author    : digital-atelier.com

File Name    : catalog/model/tool/image.php(0)
VQModObject::applyMod - SEARCH NOT FOUND (ABORTING MOD): return $this->config->get('config_ssl') . 'image/' . $new_image;
----------------------------------------------------------------------


---------- Date: 2017-06-05 17:27:43 ~ IP : 85.26.164.127 ----------
REQUEST URI : /index.php?route=journal2/assets/js
MOD DETAILS:
   modFile   : /home/h/hgmgroup/public_html/vqmod/xml/da_journal2_image_cdn.xml
   id        : Journal2 Image CDN
   version   : 1.5.x
   vqmver    : 2.4.0
   author    : digital-atelier.com

File Name    : catalog/model/tool/image.php(0)
VQModObject::applyMod - SEARCH NOT FOUND (ABORTING MOD): return $this->config->get('config_ssl') . 'image/' . $new_image;
----------------------------------------------------------------------


---------- Date: 2017-06-05 17:27:45 ~ IP : 85.26.164.127 ----------
REQUEST URI : /index.php?route=module/mega_filter/ajaxinfo&amp;path=271_285&amp;mfilterIdx=1&amp;mfilterRoute=cHJvZHVjdC9jYXRlZ29yeQ%3D%3D&amp;mfilterBTypes=price
MOD DETAILS:
   modFile   : /home/h/hgmgroup/public_html/vqmod/xml/da_journal2_image_cdn.xml
   id        : Journal2 Image CDN
   version   : 1.5.x
   vqmver    : 2.4.0
   author    : digital-atelier.com

File Name    : catalog/model/tool/image.php(0)
VQModObject::applyMod - SEARCH NOT FOUND (ABORTING MOD): return $this->config->get('config_ssl') . 'image/' . $new_image;
----------------------------------------------------------------------


---------- Date: 2017-06-05 17:29:03 ~ IP : 85.26.164.127 ----------
REQUEST URI : /index.php?route=product/category&amp;path=271_281
MOD DETAILS:
   modFile   : /home/h/hgmgroup/public_html/vqmod/xml/da_journal2_image_cdn.xml
   id        : Journal2 Image CDN
   version   : 1.5.x
   vqmver    : 2.4.0
   author    : digital-atelier.com

File Name    : catalog/model/tool/image.php(0)
VQModObject::applyMod - SEARCH NOT FOUND (ABORTING MOD): return $this->config->get('config_ssl') . 'image/' . $new_image;
----------------------------------------------------------------------


---------- Date: 2017-06-05 17:29:04 ~ IP : 85.26.164.127 ----------
REQUEST URI : /index.php?route=journal2/assets/css
MOD DETAILS:
   modFile   : /home/h/hgmgroup/public_html/vqmod/xml/da_journal2_image_cdn.xml
   id        : Journal2 Image CDN
   version   : 1.5.x
   vqmver    : 2.4.0
   author    : digital-atelier.com

File Name    : catalog/model/tool/image.php(0)
VQModObject::applyMod - SEARCH NOT FOUND (ABORTING MOD): return $this->config->get('config_ssl') . 'image/' . $new_image;
----------------------------------------------------------------------


---------- Date: 2017-06-05 17:29:04 ~ IP : 85.26.164.127 ----------
REQUEST URI : /index.php?route=journal2/assets/js
MOD DETAILS:
   modFile   : /home/h/hgmgroup/public_html/vqmod/xml/da_journal2_image_cdn.xml
   id        : Journal2 Image CDN
   version   : 1.5.x
   vqmver    : 2.4.0
   author    : digital-atelier.com

File Name    : catalog/model/tool/image.php(0)
VQModObject::applyMod - SEARCH NOT FOUND (ABORTING MOD): return $this->config->get('config_ssl') . 'image/' . $new_image;
----------------------------------------------------------------------


---------- Date: 2017-06-05 17:29:06 ~ IP : 85.26.164.127 ----------
REQUEST URI : /index.php?route=module/mega_filter/ajaxinfo&amp;path=271_281&amp;mfilterIdx=1&amp;mfilterRoute=cHJvZHVjdC9jYXRlZ29yeQ%3D%3D&amp;mfilterBTypes=price
MOD DETAILS:
   modFile   : /home/h/hgmgroup/public_html/vqmod/xml/da_journal2_image_cdn.xml
   id        : Journal2 Image CDN
   version   : 1.5.x
   vqmver    : 2.4.0
   author    : digital-atelier.com

File Name    : catalog/model/tool/image.php(0)
VQModObject::applyMod - SEARCH NOT FOUND (ABORTING MOD): return $this->config->get('config_ssl') . 'image/' . $new_image;
----------------------------------------------------------------------


---------- Date: 2017-06-05 17:29:11 ~ IP : 85.26.164.127 ----------
REQUEST URI : /index.php?route=product/category&amp;path=270
MOD DETAILS:
   modFile   : /home/h/hgmgroup/public_html/vqmod/xml/da_journal2_image_cdn.xml
   id        : Journal2 Image CDN
   version   : 1.5.x
   vqmver    : 2.4.0
   author    : digital-atelier.com

File Name    : catalog/model/tool/image.php(0)
VQModObject::applyMod - SEARCH NOT FOUND (ABORTING MOD): return $this->config->get('config_ssl') . 'image/' . $new_image;
----------------------------------------------------------------------


---------- Date: 2017-06-05 17:29:12 ~ IP : 85.26.164.127 ----------
REQUEST URI : /index.php?route=journal2/assets/css
MOD DETAILS:
   modFile   : /home/h/hgmgroup/public_html/vqmod/xml/da_journal2_image_cdn.xml
   id        : Journal2 Image CDN
   version   : 1.5.x
   vqmver    : 2.4.0
   author    : digital-atelier.com

File Name    : catalog/model/tool/image.php(0)
VQModObject::applyMod - SEARCH NOT FOUND (ABORTING MOD): return $this->config->get('config_ssl') . 'image/' . $new_image;
----------------------------------------------------------------------


---------- Date: 2017-06-05 17:29:12 ~ IP : 85.26.164.127 ----------
REQUEST URI : /index.php?route=journal2/assets/js
MOD DETAILS:
   modFile   : /home/h/hgmgroup/public_html/vqmod/xml/da_journal2_image_cdn.xml
   id        : Journal2 Image CDN
   version   : 1.5.x
   vqmver    : 2.4.0
   author    : digital-atelier.com

File Name    : catalog/model/tool/image.php(0)
VQModObject::applyMod - SEARCH NOT FOUND (ABORTING MOD): return $this->config->get('config_ssl') . 'image/' . $new_image;
----------------------------------------------------------------------


---------- Date: 2017-06-05 17:29:14 ~ IP : 85.26.164.127 ----------
REQUEST URI : /index.php?route=module/mega_filter/ajaxinfo&amp;path=270&amp;mfilterIdx=1&amp;mfilterRoute=cHJvZHVjdC9jYXRlZ29yeQ%3D%3D&amp;mfilterBTypes=price%2Cmanufacturers
MOD DETAILS:
   modFile   : /home/h/hgmgroup/public_html/vqmod/xml/da_journal2_image_cdn.xml
   id        : Journal2 Image CDN
   version   : 1.5.x
   vqmver    : 2.4.0
   author    : digital-atelier.com

File Name    : catalog/model/tool/image.php(0)
VQModObject::applyMod - SEARCH NOT FOUND (ABORTING MOD): return $this->config->get('config_ssl') . 'image/' . $new_image;
----------------------------------------------------------------------


---------- Date: 2017-06-05 17:31:00 ~ IP : 85.26.164.127 ----------
REQUEST URI : /index.php?route=product/category&amp;path=270_279
MOD DETAILS:
   modFile   : /home/h/hgmgroup/public_html/vqmod/xml/da_journal2_image_cdn.xml
   id        : Journal2 Image CDN
   version   : 1.5.x
   vqmver    : 2.4.0
   author    : digital-atelier.com

File Name    : catalog/model/tool/image.php(0)
VQModObject::applyMod - SEARCH NOT FOUND (ABORTING MOD): return $this->config->get('config_ssl') . 'image/' . $new_image;
----------------------------------------------------------------------


---------- Date: 2017-06-05 17:31:01 ~ IP : 85.26.164.127 ----------
REQUEST URI : /index.php?route=journal2/assets/css
MOD DETAILS:
   modFile   : /home/h/hgmgroup/public_html/vqmod/xml/da_journal2_image_cdn.xml
   id        : Journal2 Image CDN
   version   : 1.5.x
   vqmver    : 2.4.0
   author    : digital-atelier.com

File Name    : catalog/model/tool/image.php(0)
VQModObject::applyMod - SEARCH NOT FOUND (ABORTING MOD): return $this->config->get('config_ssl') . 'image/' . $new_image;
----------------------------------------------------------------------


---------- Date: 2017-06-05 17:31:01 ~ IP : 85.26.164.127 ----------
REQUEST URI : /index.php?route=journal2/assets/js
MOD DETAILS:
   modFile   : /home/h/hgmgroup/public_html/vqmod/xml/da_journal2_image_cdn.xml
   id        : Journal2 Image CDN
   version   : 1.5.x
   vqmver    : 2.4.0
   author    : digital-atelier.com

File Name    : catalog/model/tool/image.php(0)
VQModObject::applyMod - SEARCH NOT FOUND (ABORTING MOD): return $this->config->get('config_ssl') . 'image/' . $new_image;
----------------------------------------------------------------------


---------- Date: 2017-06-05 17:31:02 ~ IP : 85.26.164.127 ----------
REQUEST URI : /index.php?route=module/mega_filter/ajaxinfo&amp;path=270_279&amp;mfilterIdx=1&amp;mfilterRoute=cHJvZHVjdC9jYXRlZ29yeQ%3D%3D&amp;mfilterBTypes=price
MOD DETAILS:
   modFile   : /home/h/hgmgroup/public_html/vqmod/xml/da_journal2_image_cdn.xml
   id        : Journal2 Image CDN
   version   : 1.5.x
   vqmver    : 2.4.0
   author    : digital-atelier.com

File Name    : catalog/model/tool/image.php(0)
VQModObject::applyMod - SEARCH NOT FOUND (ABORTING MOD): return $this->config->get('config_ssl') . 'image/' . $new_image;
----------------------------------------------------------------------


---------- Date: 2017-06-05 17:31:09 ~ IP : 85.26.164.127 ----------
REQUEST URI : /index.php?route=journal2/blog&amp;journal_blog_category_id=5
MOD DETAILS:
   modFile   : /home/h/hgmgroup/public_html/vqmod/xml/da_journal2_image_cdn.xml
   id        : Journal2 Image CDN
   version   : 1.5.x
   vqmver    : 2.4.0
   author    : digital-atelier.com

File Name    : catalog/model/tool/image.php(0)
VQModObject::applyMod - SEARCH NOT FOUND (ABORTING MOD): return $this->config->get('config_ssl') . 'image/' . $new_image;
----------------------------------------------------------------------


---------- Date: 2017-06-05 17:31:10 ~ IP : 85.26.164.127 ----------
REQUEST URI : /index.php?route=journal2/assets/css
MOD DETAILS:
   modFile   : /home/h/hgmgroup/public_html/vqmod/xml/da_journal2_image_cdn.xml
   id        : Journal2 Image CDN
   version   : 1.5.x
   vqmver    : 2.4.0
   author    : digital-atelier.com

File Name    : catalog/model/tool/image.php(0)
VQModObject::applyMod - SEARCH NOT FOUND (ABORTING MOD): return $this->config->get('config_ssl') . 'image/' . $new_image;
----------------------------------------------------------------------


---------- Date: 2017-06-05 17:31:10 ~ IP : 85.26.164.127 ----------
REQUEST URI : /index.php?route=journal2/assets/js
MOD DETAILS:
   modFile   : /home/h/hgmgroup/public_html/vqmod/xml/da_journal2_image_cdn.xml
   id        : Journal2 Image CDN
   version   : 1.5.x
   vqmver    : 2.4.0
   author    : digital-atelier.com

File Name    : catalog/model/tool/image.php(0)
VQModObject::applyMod - SEARCH NOT FOUND (ABORTING MOD): return $this->config->get('config_ssl') . 'image/' . $new_image;
----------------------------------------------------------------------


---------- Date: 2017-06-05 17:31:19 ~ IP : 85.26.164.127 ----------
REQUEST URI : /index.php?route=journal2/blog/post&amp;journal_blog_category_id=5&amp;journal_blog_post_id=14
MOD DETAILS:
   modFile   : /home/h/hgmgroup/public_html/vqmod/xml/da_journal2_image_cdn.xml
   id        : Journal2 Image CDN
   version   : 1.5.x
   vqmver    : 2.4.0
   author    : digital-atelier.com

File Name    : catalog/model/tool/image.php(0)
VQModObject::applyMod - SEARCH NOT FOUND (ABORTING MOD): return $this->config->get('config_ssl') . 'image/' . $new_image;
----------------------------------------------------------------------


---------- Date: 2017-06-05 17:31:20 ~ IP : 85.26.164.127 ----------
REQUEST URI : /index.php?route=journal2/assets/css
MOD DETAILS:
   modFile   : /home/h/hgmgroup/public_html/vqmod/xml/da_journal2_image_cdn.xml
   id        : Journal2 Image CDN
   version   : 1.5.x
   vqmver    : 2.4.0
   author    : digital-atelier.com

File Name    : catalog/model/tool/image.php(0)
VQModObject::applyMod - SEARCH NOT FOUND (ABORTING MOD): return $this->config->get('config_ssl') . 'image/' . $new_image;
----------------------------------------------------------------------


---------- Date: 2017-06-05 17:31:20 ~ IP : 85.26.164.127 ----------
REQUEST URI : /index.php?route=journal2/assets/js
MOD DETAILS:
   modFile   : /home/h/hgmgroup/public_html/vqmod/xml/da_journal2_image_cdn.xml
   id        : Journal2 Image CDN
   version   : 1.5.x
   vqmver    : 2.4.0
   author    : digital-atelier.com

File Name    : catalog/model/tool/image.php(0)
VQModObject::applyMod - SEARCH NOT FOUND (ABORTING MOD): return $this->config->get('config_ssl') . 'image/' . $new_image;
----------------------------------------------------------------------


---------- Date: 2017-06-05 17:31:45 ~ IP : 85.26.164.127 ----------
REQUEST URI : /index.php?route=journal2/blog&amp;journal_blog_category_id=6
MOD DETAILS:
   modFile   : /home/h/hgmgroup/public_html/vqmod/xml/da_journal2_image_cdn.xml
   id        : Journal2 Image CDN
   version   : 1.5.x
   vqmver    : 2.4.0
   author    : digital-atelier.com

File Name    : catalog/model/tool/image.php(0)
VQModObject::applyMod - SEARCH NOT FOUND (ABORTING MOD): return $this->config->get('config_ssl') . 'image/' . $new_image;
----------------------------------------------------------------------


---------- Date: 2017-06-05 17:31:45 ~ IP : 85.26.164.127 ----------
REQUEST URI : /index.php?route=journal2/blog&amp;journal_blog_category_id=6
MOD DETAILS:
   modFile   : /home/h/hgmgroup/public_html/vqmod/xml/da_journal2_image_cdn.xml
   id        : Journal2 Image CDN
   version   : 1.5.x
   vqmver    : 2.4.0
   author    : digital-atelier.com

File Name    : catalog/model/tool/image.php(0)
VQModObject::applyMod - SEARCH NOT FOUND (ABORTING MOD): return $this->config->get('config_ssl') . 'image/' . $new_image;
----------------------------------------------------------------------


---------- Date: 2017-06-05 17:31:46 ~ IP : 85.26.164.127 ----------
REQUEST URI : /index.php?route=journal2/blog&amp;journal_blog_category_id=6
MOD DETAILS:
   modFile   : /home/h/hgmgroup/public_html/vqmod/xml/da_journal2_image_cdn.xml
   id        : Journal2 Image CDN
   version   : 1.5.x
   vqmver    : 2.4.0
   author    : digital-atelier.com

File Name    : catalog/model/tool/image.php(0)
VQModObject::applyMod - SEARCH NOT FOUND (ABORTING MOD): return $this->config->get('config_ssl') . 'image/' . $new_image;
----------------------------------------------------------------------


---------- Date: 2017-06-05 17:31:47 ~ IP : 85.26.164.127 ----------
REQUEST URI : /index.php?route=journal2/assets/css
MOD DETAILS:
   modFile   : /home/h/hgmgroup/public_html/vqmod/xml/da_journal2_image_cdn.xml
   id        : Journal2 Image CDN
   version   : 1.5.x
   vqmver    : 2.4.0
   author    : digital-atelier.com

File Name    : catalog/model/tool/image.php(0)
VQModObject::applyMod - SEARCH NOT FOUND (ABORTING MOD): return $this->config->get('config_ssl') . 'image/' . $new_image;
----------------------------------------------------------------------


---------- Date: 2017-06-05 17:31:47 ~ IP : 85.26.164.127 ----------
REQUEST URI : /index.php?route=journal2/assets/js
MOD DETAILS:
   modFile   : /home/h/hgmgroup/public_html/vqmod/xml/da_journal2_image_cdn.xml
   id        : Journal2 Image CDN
   version   : 1.5.x
   vqmver    : 2.4.0
   author    : digital-atelier.com

File Name    : catalog/model/tool/image.php(0)
VQModObject::applyMod - SEARCH NOT FOUND (ABORTING MOD): return $this->config->get('config_ssl') . 'image/' . $new_image;
----------------------------------------------------------------------


---------- Date: 2017-06-05 17:32:06 ~ IP : 85.26.164.127 ----------
REQUEST URI : /index.php?route=information/information&amp;information_id=32
MOD DETAILS:
   modFile   : /home/h/hgmgroup/public_html/vqmod/xml/da_journal2_image_cdn.xml
   id        : Journal2 Image CDN
   version   : 1.5.x
   vqmver    : 2.4.0
   author    : digital-atelier.com

File Name    : catalog/model/tool/image.php(0)
VQModObject::applyMod - SEARCH NOT FOUND (ABORTING MOD): return $this->config->get('config_ssl') . 'image/' . $new_image;
----------------------------------------------------------------------


---------- Date: 2017-06-05 17:32:06 ~ IP : 85.26.164.127 ----------
REQUEST URI : /index.php?route=information/information&amp;information_id=18
MOD DETAILS:
   modFile   : /home/h/hgmgroup/public_html/vqmod/xml/da_journal2_image_cdn.xml
   id        : Journal2 Image CDN
   version   : 1.5.x
   vqmver    : 2.4.0
   author    : digital-atelier.com

File Name    : catalog/model/tool/image.php(0)
VQModObject::applyMod - SEARCH NOT FOUND (ABORTING MOD): return $this->config->get('config_ssl') . 'image/' . $new_image;
----------------------------------------------------------------------


---------- Date: 2017-06-05 17:32:07 ~ IP : 85.26.164.127 ----------
REQUEST URI : /index.php?route=journal2/assets/css
MOD DETAILS:
   modFile   : /home/h/hgmgroup/public_html/vqmod/xml/da_journal2_image_cdn.xml
   id        : Journal2 Image CDN
   version   : 1.5.x
   vqmver    : 2.4.0
   author    : digital-atelier.com

File Name    : catalog/model/tool/image.php(0)
VQModObject::applyMod - SEARCH NOT FOUND (ABORTING MOD): return $this->config->get('config_ssl') . 'image/' . $new_image;
----------------------------------------------------------------------


---------- Date: 2017-06-05 17:32:07 ~ IP : 85.26.164.127 ----------
REQUEST URI : /index.php?route=journal2/assets/js
MOD DETAILS:
   modFile   : /home/h/hgmgroup/public_html/vqmod/xml/da_journal2_image_cdn.xml
   id        : Journal2 Image CDN
   version   : 1.5.x
   vqmver    : 2.4.0
   author    : digital-atelier.com

File Name    : catalog/model/tool/image.php(0)
VQModObject::applyMod - SEARCH NOT FOUND (ABORTING MOD): return $this->config->get('config_ssl') . 'image/' . $new_image;
----------------------------------------------------------------------


---------- Date: 2017-06-05 17:32:31 ~ IP : 85.26.164.127 ----------
REQUEST URI : /index.php?route=journal2/blog&amp;journal_blog_category_id=6
MOD DETAILS:
   modFile   : /home/h/hgmgroup/public_html/vqmod/xml/da_journal2_image_cdn.xml
   id        : Journal2 Image CDN
   version   : 1.5.x
   vqmver    : 2.4.0
   author    : digital-atelier.com

File Name    : catalog/model/tool/image.php(0)
VQModObject::applyMod - SEARCH NOT FOUND (ABORTING MOD): return $this->config->get('config_ssl') . 'image/' . $new_image;
----------------------------------------------------------------------


---------- Date: 2017-06-05 17:39:36 ~ IP : 176.52.109.115 ----------
REQUEST URI : /
MOD DETAILS:
   modFile   : /home/h/hgmgroup/public_html/vqmod/xml/da_journal2_image_cdn.xml
   id        : Journal2 Image CDN
   version   : 1.5.x
   vqmver    : 2.4.0
   author    : digital-atelier.com

File Name    : catalog/model/tool/image.php(0)
VQModObject::applyMod - SEARCH NOT FOUND (ABORTING MOD): return $this->config->get('config_ssl') . 'image/' . $new_image;
----------------------------------------------------------------------


---------- Date: 2017-06-05 17:39:37 ~ IP : 176.52.109.115 ----------
REQUEST URI : /index.php?route=journal2/assets/css
MOD DETAILS:
   modFile   : /home/h/hgmgroup/public_html/vqmod/xml/da_journal2_image_cdn.xml
   id        : Journal2 Image CDN
   version   : 1.5.x
   vqmver    : 2.4.0
   author    : digital-atelier.com

File Name    : catalog/model/tool/image.php(0)
VQModObject::applyMod - SEARCH NOT FOUND (ABORTING MOD): return $this->config->get('config_ssl') . 'image/' . $new_image;
----------------------------------------------------------------------


---------- Date: 2017-06-05 17:39:37 ~ IP : 176.52.109.115 ----------
REQUEST URI : /index.php?route=journal2/assets/js
MOD DETAILS:
   modFile   : /home/h/hgmgroup/public_html/vqmod/xml/da_journal2_image_cdn.xml
   id        : Journal2 Image CDN
   version   : 1.5.x
   vqmver    : 2.4.0
   author    : digital-atelier.com

File Name    : catalog/model/tool/image.php(0)
VQModObject::applyMod - SEARCH NOT FOUND (ABORTING MOD): return $this->config->get('config_ssl') . 'image/' . $new_image;
----------------------------------------------------------------------


---------- Date: 2017-06-05 17:39:43 ~ IP : 176.52.109.115 ----------
REQUEST URI : /index.php?route=information/information&amp;information_id=8
MOD DETAILS:
   modFile   : /home/h/hgmgroup/public_html/vqmod/xml/da_journal2_image_cdn.xml
   id        : Journal2 Image CDN
   version   : 1.5.x
   vqmver    : 2.4.0
   author    : digital-atelier.com

File Name    : catalog/model/tool/image.php(0)
VQModObject::applyMod - SEARCH NOT FOUND (ABORTING MOD): return $this->config->get('config_ssl') . 'image/' . $new_image;
----------------------------------------------------------------------


---------- Date: 2017-06-05 17:39:43 ~ IP : 176.52.109.115 ----------
REQUEST URI : /index.php?route=journal2/assets/css
MOD DETAILS:
   modFile   : /home/h/hgmgroup/public_html/vqmod/xml/da_journal2_image_cdn.xml
   id        : Journal2 Image CDN
   version   : 1.5.x
   vqmver    : 2.4.0
   author    : digital-atelier.com

File Name    : catalog/model/tool/image.php(0)
VQModObject::applyMod - SEARCH NOT FOUND (ABORTING MOD): return $this->config->get('config_ssl') . 'image/' . $new_image;
----------------------------------------------------------------------


---------- Date: 2017-06-05 17:39:43 ~ IP : 176.52.109.115 ----------
REQUEST URI : /index.php?route=journal2/assets/js
MOD DETAILS:
   modFile   : /home/h/hgmgroup/public_html/vqmod/xml/da_journal2_image_cdn.xml
   id        : Journal2 Image CDN
   version   : 1.5.x
   vqmver    : 2.4.0
   author    : digital-atelier.com

File Name    : catalog/model/tool/image.php(0)
VQModObject::applyMod - SEARCH NOT FOUND (ABORTING MOD): return $this->config->get('config_ssl') . 'image/' . $new_image;
----------------------------------------------------------------------


---------- Date: 2017-06-05 17:39:45 ~ IP : 176.52.109.115 ----------
REQUEST URI : /index.php?route=information/information&amp;information_id=14
MOD DETAILS:
   modFile   : /home/h/hgmgroup/public_html/vqmod/xml/da_journal2_image_cdn.xml
   id        : Journal2 Image CDN
   version   : 1.5.x
   vqmver    : 2.4.0
   author    : digital-atelier.com

File Name    : catalog/model/tool/image.php(0)
VQModObject::applyMod - SEARCH NOT FOUND (ABORTING MOD): return $this->config->get('config_ssl') . 'image/' . $new_image;
----------------------------------------------------------------------


---------- Date: 2017-06-05 17:39:46 ~ IP : 176.52.109.115 ----------
REQUEST URI : /index.php?route=journal2/assets/css
MOD DETAILS:
   modFile   : /home/h/hgmgroup/public_html/vqmod/xml/da_journal2_image_cdn.xml
   id        : Journal2 Image CDN
   version   : 1.5.x
   vqmver    : 2.4.0
   author    : digital-atelier.com

File Name    : catalog/model/tool/image.php(0)
VQModObject::applyMod - SEARCH NOT FOUND (ABORTING MOD): return $this->config->get('config_ssl') . 'image/' . $new_image;
----------------------------------------------------------------------


---------- Date: 2017-06-05 17:39:46 ~ IP : 176.52.109.115 ----------
REQUEST URI : /index.php?route=journal2/assets/js
MOD DETAILS:
   modFile   : /home/h/hgmgroup/public_html/vqmod/xml/da_journal2_image_cdn.xml
   id        : Journal2 Image CDN
   version   : 1.5.x
   vqmver    : 2.4.0
   author    : digital-atelier.com

File Name    : catalog/model/tool/image.php(0)
VQModObject::applyMod - SEARCH NOT FOUND (ABORTING MOD): return $this->config->get('config_ssl') . 'image/' . $new_image;
----------------------------------------------------------------------


---------- Date: 2017-06-05 17:43:22 ~ IP : 176.113.128.24 ----------
REQUEST URI : /
MOD DETAILS:
   modFile   : /home/h/hgmgroup/public_html/vqmod/xml/da_journal2_image_cdn.xml
   id        : Journal2 Image CDN
   version   : 1.5.x
   vqmver    : 2.4.0
   author    : digital-atelier.com

File Name    : catalog/model/tool/image.php(0)
VQModObject::applyMod - SEARCH NOT FOUND (ABORTING MOD): return $this->config->get('config_ssl') . 'image/' . $new_image;
----------------------------------------------------------------------


---------- Date: 2017-06-05 17:43:22 ~ IP : 176.113.128.24 ----------
REQUEST URI : /index.php?route=journal2/assets/css
MOD DETAILS:
   modFile   : /home/h/hgmgroup/public_html/vqmod/xml/da_journal2_image_cdn.xml
   id        : Journal2 Image CDN
   version   : 1.5.x
   vqmver    : 2.4.0
   author    : digital-atelier.com

File Name    : catalog/model/tool/image.php(0)
VQModObject::applyMod - SEARCH NOT FOUND (ABORTING MOD): return $this->config->get('config_ssl') . 'image/' . $new_image;
----------------------------------------------------------------------


---------- Date: 2017-06-05 17:43:23 ~ IP : 176.113.128.24 ----------
REQUEST URI : /index.php?route=journal2/assets/js
MOD DETAILS:
   modFile   : /home/h/hgmgroup/public_html/vqmod/xml/da_journal2_image_cdn.xml
   id        : Journal2 Image CDN
   version   : 1.5.x
   vqmver    : 2.4.0
   author    : digital-atelier.com

File Name    : catalog/model/tool/image.php(0)
VQModObject::applyMod - SEARCH NOT FOUND (ABORTING MOD): return $this->config->get('config_ssl') . 'image/' . $new_image;
----------------------------------------------------------------------


---------- Date: 2017-06-05 17:43:53 ~ IP : 176.113.128.24 ----------
REQUEST URI : /index.php?route=journal2/assets/css
MOD DETAILS:
   modFile   : /home/h/hgmgroup/public_html/vqmod/xml/da_journal2_image_cdn.xml
   id        : Journal2 Image CDN
   version   : 1.5.x
   vqmver    : 2.4.0
   author    : digital-atelier.com

File Name    : catalog/model/tool/image.php(0)
VQModObject::applyMod - SEARCH NOT FOUND (ABORTING MOD): return $this->config->get('config_ssl') . 'image/' . $new_image;
----------------------------------------------------------------------


---------- Date: 2017-06-05 17:44:43 ~ IP : 176.113.128.24 ----------
REQUEST URI : /
MOD DETAILS:
   modFile   : /home/h/hgmgroup/public_html/vqmod/xml/da_journal2_image_cdn.xml
   id        : Journal2 Image CDN
   version   : 1.5.x
   vqmver    : 2.4.0
   author    : digital-atelier.com

File Name    : catalog/model/tool/image.php(0)
VQModObject::applyMod - SEARCH NOT FOUND (ABORTING MOD): return $this->config->get('config_ssl') . 'image/' . $new_image;
----------------------------------------------------------------------


---------- Date: 2017-06-05 17:44:44 ~ IP : 176.113.128.24 ----------
REQUEST URI : /index.php?route=journal2/assets/css
MOD DETAILS:
   modFile   : /home/h/hgmgroup/public_html/vqmod/xml/da_journal2_image_cdn.xml
   id        : Journal2 Image CDN
   version   : 1.5.x
   vqmver    : 2.4.0
   author    : digital-atelier.com

File Name    : catalog/model/tool/image.php(0)
VQModObject::applyMod - SEARCH NOT FOUND (ABORTING MOD): return $this->config->get('config_ssl') . 'image/' . $new_image;
----------------------------------------------------------------------


---------- Date: 2017-06-05 17:44:44 ~ IP : 176.113.128.24 ----------
REQUEST URI : /index.php?route=journal2/assets/js
MOD DETAILS:
   modFile   : /home/h/hgmgroup/public_html/vqmod/xml/da_journal2_image_cdn.xml
   id        : Journal2 Image CDN
   version   : 1.5.x
   vqmver    : 2.4.0
   author    : digital-atelier.com

File Name    : catalog/model/tool/image.php(0)
VQModObject::applyMod - SEARCH NOT FOUND (ABORTING MOD): return $this->config->get('config_ssl') . 'image/' . $new_image;
----------------------------------------------------------------------


---------- Date: 2017-06-05 17:45:18 ~ IP : 176.113.128.24 ----------
REQUEST URI : /
MOD DETAILS:
   modFile   : /home/h/hgmgroup/public_html/vqmod/xml/da_journal2_image_cdn.xml
   id        : Journal2 Image CDN
   version   : 1.5.x
   vqmver    : 2.4.0
   author    : digital-atelier.com

File Name    : catalog/model/tool/image.php(0)
VQModObject::applyMod - SEARCH NOT FOUND (ABORTING MOD): return $this->config->get('config_ssl') . 'image/' . $new_image;
----------------------------------------------------------------------


---------- Date: 2017-06-05 17:45:18 ~ IP : 176.113.128.24 ----------
REQUEST URI : /index.php?route=journal2/assets/css
MOD DETAILS:
   modFile   : /home/h/hgmgroup/public_html/vqmod/xml/da_journal2_image_cdn.xml
   id        : Journal2 Image CDN
   version   : 1.5.x
   vqmver    : 2.4.0
   author    : digital-atelier.com

File Name    : catalog/model/tool/image.php(0)
VQModObject::applyMod - SEARCH NOT FOUND (ABORTING MOD): return $this->config->get('config_ssl') . 'image/' . $new_image;
----------------------------------------------------------------------


---------- Date: 2017-06-05 17:45:19 ~ IP : 176.113.128.24 ----------
REQUEST URI : /index.php?route=journal2/assets/js
MOD DETAILS:
   modFile   : /home/h/hgmgroup/public_html/vqmod/xml/da_journal2_image_cdn.xml
   id        : Journal2 Image CDN
   version   : 1.5.x
   vqmver    : 2.4.0
   author    : digital-atelier.com

File Name    : catalog/model/tool/image.php(0)
VQModObject::applyMod - SEARCH NOT FOUND (ABORTING MOD): return $this->config->get('config_ssl') . 'image/' . $new_image;
----------------------------------------------------------------------


---------- Date: 2017-06-05 17:52:08 ~ IP : 176.52.109.115 ----------
REQUEST URI : /index.php?route=information/information&amp;information_id=14
MOD DETAILS:
   modFile   : /home/h/hgmgroup/public_html/vqmod/xml/da_journal2_image_cdn.xml
   id        : Journal2 Image CDN
   version   : 1.5.x
   vqmver    : 2.4.0
   author    : digital-atelier.com

File Name    : catalog/model/tool/image.php(0)
VQModObject::applyMod - SEARCH NOT FOUND (ABORTING MOD): return $this->config->get('config_ssl') . 'image/' . $new_image;
----------------------------------------------------------------------


---------- Date: 2017-06-05 17:52:08 ~ IP : 176.52.109.115 ----------
REQUEST URI : /index.php?route=journal2/assets/css
MOD DETAILS:
   modFile   : /home/h/hgmgroup/public_html/vqmod/xml/da_journal2_image_cdn.xml
   id        : Journal2 Image CDN
   version   : 1.5.x
   vqmver    : 2.4.0
   author    : digital-atelier.com

File Name    : catalog/model/tool/image.php(0)
VQModObject::applyMod - SEARCH NOT FOUND (ABORTING MOD): return $this->config->get('config_ssl') . 'image/' . $new_image;
----------------------------------------------------------------------


---------- Date: 2017-06-05 17:52:09 ~ IP : 176.52.109.115 ----------
REQUEST URI : /index.php?route=journal2/assets/js
MOD DETAILS:
   modFile   : /home/h/hgmgroup/public_html/vqmod/xml/da_journal2_image_cdn.xml
   id        : Journal2 Image CDN
   version   : 1.5.x
   vqmver    : 2.4.0
   author    : digital-atelier.com

File Name    : catalog/model/tool/image.php(0)
VQModObject::applyMod - SEARCH NOT FOUND (ABORTING MOD): return $this->config->get('config_ssl') . 'image/' . $new_image;
----------------------------------------------------------------------


---------- Date: 2017-06-05 19:00:39 ~ IP : 176.113.128.24 ----------
REQUEST URI : /
MOD DETAILS:
   modFile   : /home/h/hgmgroup/public_html/vqmod/xml/da_journal2_image_cdn.xml
   id        : Journal2 Image CDN
   version   : 1.5.x
   vqmver    : 2.4.0
   author    : digital-atelier.com

File Name    : catalog/model/tool/image.php(0)
VQModObject::applyMod - SEARCH NOT FOUND (ABORTING MOD): return $this->config->get('config_ssl') . 'image/' . $new_image;
----------------------------------------------------------------------


---------- Date: 2017-06-05 19:00:40 ~ IP : 176.113.128.24 ----------
REQUEST URI : /index.php?route=journal2/assets/css
MOD DETAILS:
   modFile   : /home/h/hgmgroup/public_html/vqmod/xml/da_journal2_image_cdn.xml
   id        : Journal2 Image CDN
   version   : 1.5.x
   vqmver    : 2.4.0
   author    : digital-atelier.com

File Name    : catalog/model/tool/image.php(0)
VQModObject::applyMod - SEARCH NOT FOUND (ABORTING MOD): return $this->config->get('config_ssl') . 'image/' . $new_image;
----------------------------------------------------------------------


---------- Date: 2017-06-05 19:00:41 ~ IP : 176.113.128.24 ----------
REQUEST URI : /index.php?route=journal2/assets/js
MOD DETAILS:
   modFile   : /home/h/hgmgroup/public_html/vqmod/xml/da_journal2_image_cdn.xml
   id        : Journal2 Image CDN
   version   : 1.5.x
   vqmver    : 2.4.0
   author    : digital-atelier.com

File Name    : catalog/model/tool/image.php(0)
VQModObject::applyMod - SEARCH NOT FOUND (ABORTING MOD): return $this->config->get('config_ssl') . 'image/' . $new_image;
----------------------------------------------------------------------


---------- Date: 2017-06-05 19:00:44 ~ IP : 176.113.128.24 ----------
REQUEST URI : /index.php?route=checkout/cart/add
MOD DETAILS:
   modFile   : /home/h/hgmgroup/public_html/vqmod/xml/da_journal2_image_cdn.xml
   id        : Journal2 Image CDN
   version   : 1.5.x
   vqmver    : 2.4.0
   author    : digital-atelier.com

File Name    : catalog/model/tool/image.php(0)
VQModObject::applyMod - SEARCH NOT FOUND (ABORTING MOD): return $this->config->get('config_ssl') . 'image/' . $new_image;
----------------------------------------------------------------------


---------- Date: 2017-06-05 19:00:47 ~ IP : 176.113.128.24 ----------
REQUEST URI : /index.php?route=module/cart
MOD DETAILS:
   modFile   : /home/h/hgmgroup/public_html/vqmod/xml/da_journal2_image_cdn.xml
   id        : Journal2 Image CDN
   version   : 1.5.x
   vqmver    : 2.4.0
   author    : digital-atelier.com

File Name    : catalog/model/tool/image.php(0)
VQModObject::applyMod - SEARCH NOT FOUND (ABORTING MOD): return $this->config->get('config_ssl') . 'image/' . $new_image;
----------------------------------------------------------------------


---------- Date: 2017-06-05 19:00:48 ~ IP : 176.113.128.24 ----------
REQUEST URI : /index.php?route=checkout/simplecheckout
MOD DETAILS:
   modFile   : /home/h/hgmgroup/public_html/vqmod/xml/da_journal2_image_cdn.xml
   id        : Journal2 Image CDN
   version   : 1.5.x
   vqmver    : 2.4.0
   author    : digital-atelier.com

File Name    : catalog/model/tool/image.php(0)
VQModObject::applyMod - SEARCH NOT FOUND (ABORTING MOD): return $this->config->get('config_ssl') . 'image/' . $new_image;
----------------------------------------------------------------------


---------- Date: 2017-06-05 19:00:49 ~ IP : 176.113.128.24 ----------
REQUEST URI : /index.php?route=journal2/assets/css
MOD DETAILS:
   modFile   : /home/h/hgmgroup/public_html/vqmod/xml/da_journal2_image_cdn.xml
   id        : Journal2 Image CDN
   version   : 1.5.x
   vqmver    : 2.4.0
   author    : digital-atelier.com

File Name    : catalog/model/tool/image.php(0)
VQModObject::applyMod - SEARCH NOT FOUND (ABORTING MOD): return $this->config->get('config_ssl') . 'image/' . $new_image;
----------------------------------------------------------------------


---------- Date: 2017-06-05 19:00:49 ~ IP : 176.113.128.24 ----------
REQUEST URI : /index.php?route=journal2/assets/js
MOD DETAILS:
   modFile   : /home/h/hgmgroup/public_html/vqmod/xml/da_journal2_image_cdn.xml
   id        : Journal2 Image CDN
   version   : 1.5.x
   vqmver    : 2.4.0
   author    : digital-atelier.com

File Name    : catalog/model/tool/image.php(0)
VQModObject::applyMod - SEARCH NOT FOUND (ABORTING MOD): return $this->config->get('config_ssl') . 'image/' . $new_image;
----------------------------------------------------------------------


---------- Date: 2017-06-05 19:00:57 ~ IP : 176.113.128.24 ----------
REQUEST URI : /index.php?route=checkout/simplecheckout_customer/check_email&amp;email=test%40test.ru&amp;register=0
MOD DETAILS:
   modFile   : /home/h/hgmgroup/public_html/vqmod/xml/da_journal2_image_cdn.xml
   id        : Journal2 Image CDN
   version   : 1.5.x
   vqmver    : 2.4.0
   author    : digital-atelier.com

File Name    : catalog/model/tool/image.php(0)
VQModObject::applyMod - SEARCH NOT FOUND (ABORTING MOD): return $this->config->get('config_ssl') . 'image/' . $new_image;
----------------------------------------------------------------------


---------- Date: 2017-06-05 19:01:01 ~ IP : 176.113.128.24 ----------
REQUEST URI : /index.php?route=checkout/simplecheckout/prevent_delete
MOD DETAILS:
   modFile   : /home/h/hgmgroup/public_html/vqmod/xml/da_journal2_image_cdn.xml
   id        : Journal2 Image CDN
   version   : 1.5.x
   vqmver    : 2.4.0
   author    : digital-atelier.com

File Name    : catalog/model/tool/image.php(0)
VQModObject::applyMod - SEARCH NOT FOUND (ABORTING MOD): return $this->config->get('config_ssl') . 'image/' . $new_image;
----------------------------------------------------------------------


---------- Date: 2017-06-05 19:01:01 ~ IP : 176.113.128.24 ----------
REQUEST URI : /index.php?route=payment/yandexsimple/confirm
MOD DETAILS:
   modFile   : /home/h/hgmgroup/public_html/vqmod/xml/da_journal2_image_cdn.xml
   id        : Journal2 Image CDN
   version   : 1.5.x
   vqmver    : 2.4.0
   author    : digital-atelier.com

File Name    : catalog/model/tool/image.php(0)
VQModObject::applyMod - SEARCH NOT FOUND (ABORTING MOD): return $this->config->get('config_ssl') . 'image/' . $new_image;
----------------------------------------------------------------------


---------- Date: 2017-06-05 19:01:02 ~ IP : 176.113.128.24 ----------
REQUEST URI : /index.php?route=payment/yandexsimple/success
MOD DETAILS:
   modFile   : /home/h/hgmgroup/public_html/vqmod/xml/da_journal2_image_cdn.xml
   id        : Journal2 Image CDN
   version   : 1.5.x
   vqmver    : 2.4.0
   author    : digital-atelier.com

File Name    : catalog/model/tool/image.php(0)
VQModObject::applyMod - SEARCH NOT FOUND (ABORTING MOD): return $this->config->get('config_ssl') . 'image/' . $new_image;
----------------------------------------------------------------------


---------- Date: 2017-06-05 19:01:02 ~ IP : 176.113.128.24 ----------
REQUEST URI : /index.php?route=journal2/assets/css
MOD DETAILS:
   modFile   : /home/h/hgmgroup/public_html/vqmod/xml/da_journal2_image_cdn.xml
   id        : Journal2 Image CDN
   version   : 1.5.x
   vqmver    : 2.4.0
   author    : digital-atelier.com

File Name    : catalog/model/tool/image.php(0)
VQModObject::applyMod - SEARCH NOT FOUND (ABORTING MOD): return $this->config->get('config_ssl') . 'image/' . $new_image;
----------------------------------------------------------------------


---------- Date: 2017-06-05 19:01:02 ~ IP : 176.113.128.24 ----------
REQUEST URI : /index.php?route=journal2/assets/js
MOD DETAILS:
   modFile   : /home/h/hgmgroup/public_html/vqmod/xml/da_journal2_image_cdn.xml
   id        : Journal2 Image CDN
   version   : 1.5.x
   vqmver    : 2.4.0
   author    : digital-atelier.com

File Name    : catalog/model/tool/image.php(0)
VQModObject::applyMod - SEARCH NOT FOUND (ABORTING MOD): return $this->config->get('config_ssl') . 'image/' . $new_image;
----------------------------------------------------------------------


---------- Date: 2017-06-05 19:01:05 ~ IP : 176.113.128.24 ----------
REQUEST URI : /index.php?route=payment/yandexsimple/pay&amp;total=3000&amp;order_id=7
MOD DETAILS:
   modFile   : /home/h/hgmgroup/public_html/vqmod/xml/da_journal2_image_cdn.xml
   id        : Journal2 Image CDN
   version   : 1.5.x
   vqmver    : 2.4.0
   author    : digital-atelier.com

File Name    : catalog/model/tool/image.php(0)
VQModObject::applyMod - SEARCH NOT FOUND (ABORTING MOD): return $this->config->get('config_ssl') . 'image/' . $new_image;
----------------------------------------------------------------------


---------- Date: 2017-06-05 23:01:14 ~ IP : 217.118.93.145 ----------
REQUEST URI : /index.php?route=journal2/blog/post&amp;journal_blog_category_id=5&amp;journal_blog_post_id=14
MOD DETAILS:
   modFile   : /home/h/hgmgroup/public_html/vqmod/xml/da_journal2_image_cdn.xml
   id        : Journal2 Image CDN
   version   : 1.5.x
   vqmver    : 2.4.0
   author    : digital-atelier.com

File Name    : catalog/model/tool/image.php(0)
VQModObject::applyMod - SEARCH NOT FOUND (ABORTING MOD): return $this->config->get('config_ssl') . 'image/' . $new_image;
----------------------------------------------------------------------


---------- Date: 2017-06-05 23:02:32 ~ IP : 217.118.93.191 ----------
REQUEST URI : /
MOD DETAILS:
   modFile   : /home/h/hgmgroup/public_html/vqmod/xml/da_journal2_image_cdn.xml
   id        : Journal2 Image CDN
   version   : 1.5.x
   vqmver    : 2.4.0
   author    : digital-atelier.com

File Name    : catalog/model/tool/image.php(0)
VQModObject::applyMod - SEARCH NOT FOUND (ABORTING MOD): return $this->config->get('config_ssl') . 'image/' . $new_image;
----------------------------------------------------------------------


---------- Date: 2017-06-05 23:02:32 ~ IP : 217.118.93.191 ----------
REQUEST URI : /index.php?route=journal2/assets/css
MOD DETAILS:
   modFile   : /home/h/hgmgroup/public_html/vqmod/xml/da_journal2_image_cdn.xml
   id        : Journal2 Image CDN
   version   : 1.5.x
   vqmver    : 2.4.0
   author    : digital-atelier.com

File Name    : catalog/model/tool/image.php(0)
VQModObject::applyMod - SEARCH NOT FOUND (ABORTING MOD): return $this->config->get('config_ssl') . 'image/' . $new_image;
----------------------------------------------------------------------


---------- Date: 2017-06-05 23:02:33 ~ IP : 217.118.93.191 ----------
REQUEST URI : /index.php?route=journal2/assets/js
MOD DETAILS:
   modFile   : /home/h/hgmgroup/public_html/vqmod/xml/da_journal2_image_cdn.xml
   id        : Journal2 Image CDN
   version   : 1.5.x
   vqmver    : 2.4.0
   author    : digital-atelier.com

File Name    : catalog/model/tool/image.php(0)
VQModObject::applyMod - SEARCH NOT FOUND (ABORTING MOD): return $this->config->get('config_ssl') . 'image/' . $new_image;
----------------------------------------------------------------------


---------- Date: 2017-06-05 23:03:10 ~ IP : 217.118.93.191 ----------
REQUEST URI : /index.php?route=product/manufacturer/info&amp;manufacturer_id=110
MOD DETAILS:
   modFile   : /home/h/hgmgroup/public_html/vqmod/xml/da_journal2_image_cdn.xml
   id        : Journal2 Image CDN
   version   : 1.5.x
   vqmver    : 2.4.0
   author    : digital-atelier.com

File Name    : catalog/model/tool/image.php(0)
VQModObject::applyMod - SEARCH NOT FOUND (ABORTING MOD): return $this->config->get('config_ssl') . 'image/' . $new_image;
----------------------------------------------------------------------


---------- Date: 2017-06-05 23:03:11 ~ IP : 217.118.93.191 ----------
REQUEST URI : /index.php?route=journal2/assets/css
MOD DETAILS:
   modFile   : /home/h/hgmgroup/public_html/vqmod/xml/da_journal2_image_cdn.xml
   id        : Journal2 Image CDN
   version   : 1.5.x
   vqmver    : 2.4.0
   author    : digital-atelier.com

File Name    : catalog/model/tool/image.php(0)
VQModObject::applyMod - SEARCH NOT FOUND (ABORTING MOD): return $this->config->get('config_ssl') . 'image/' . $new_image;
----------------------------------------------------------------------


---------- Date: 2017-06-05 23:03:11 ~ IP : 217.118.93.191 ----------
REQUEST URI : /index.php?route=journal2/assets/js
MOD DETAILS:
   modFile   : /home/h/hgmgroup/public_html/vqmod/xml/da_journal2_image_cdn.xml
   id        : Journal2 Image CDN
   version   : 1.5.x
   vqmver    : 2.4.0
   author    : digital-atelier.com

File Name    : catalog/model/tool/image.php(0)
VQModObject::applyMod - SEARCH NOT FOUND (ABORTING MOD): return $this->config->get('config_ssl') . 'image/' . $new_image;
----------------------------------------------------------------------


---------- Date: 2017-06-05 23:03:29 ~ IP : 217.118.93.191 ----------
REQUEST URI : /index.php?route=information/information&amp;information_id=17
MOD DETAILS:
   modFile   : /home/h/hgmgroup/public_html/vqmod/xml/da_journal2_image_cdn.xml
   id        : Journal2 Image CDN
   version   : 1.5.x
   vqmver    : 2.4.0
   author    : digital-atelier.com

File Name    : catalog/model/tool/image.php(0)
VQModObject::applyMod - SEARCH NOT FOUND (ABORTING MOD): return $this->config->get('config_ssl') . 'image/' . $new_image;
----------------------------------------------------------------------


---------- Date: 2017-06-05 23:03:29 ~ IP : 217.118.93.191 ----------
REQUEST URI : /index.php?route=journal2/assets/css
MOD DETAILS:
   modFile   : /home/h/hgmgroup/public_html/vqmod/xml/da_journal2_image_cdn.xml
   id        : Journal2 Image CDN
   version   : 1.5.x
   vqmver    : 2.4.0
   author    : digital-atelier.com

File Name    : catalog/model/tool/image.php(0)
VQModObject::applyMod - SEARCH NOT FOUND (ABORTING MOD): return $this->config->get('config_ssl') . 'image/' . $new_image;
----------------------------------------------------------------------


---------- Date: 2017-06-05 23:03:30 ~ IP : 217.118.93.191 ----------
REQUEST URI : /index.php?route=journal2/assets/js
MOD DETAILS:
   modFile   : /home/h/hgmgroup/public_html/vqmod/xml/da_journal2_image_cdn.xml
   id        : Journal2 Image CDN
   version   : 1.5.x
   vqmver    : 2.4.0
   author    : digital-atelier.com

File Name    : catalog/model/tool/image.php(0)
VQModObject::applyMod - SEARCH NOT FOUND (ABORTING MOD): return $this->config->get('config_ssl') . 'image/' . $new_image;
----------------------------------------------------------------------


---------- Date: 2017-06-05 23:03:35 ~ IP : 217.118.93.191 ----------
REQUEST URI : /index.php?route=information/information&amp;information_id=17
MOD DETAILS:
   modFile   : /home/h/hgmgroup/public_html/vqmod/xml/da_journal2_image_cdn.xml
   id        : Journal2 Image CDN
   version   : 1.5.x
   vqmver    : 2.4.0
   author    : digital-atelier.com

File Name    : catalog/model/tool/image.php(0)
VQModObject::applyMod - SEARCH NOT FOUND (ABORTING MOD): return $this->config->get('config_ssl') . 'image/' . $new_image;
----------------------------------------------------------------------


---------- Date: 2017-06-05 23:03:36 ~ IP : 217.118.93.191 ----------
REQUEST URI : /index.php?route=journal2/assets/css
MOD DETAILS:
   modFile   : /home/h/hgmgroup/public_html/vqmod/xml/da_journal2_image_cdn.xml
   id        : Journal2 Image CDN
   version   : 1.5.x
   vqmver    : 2.4.0
   author    : digital-atelier.com

File Name    : catalog/model/tool/image.php(0)
VQModObject::applyMod - SEARCH NOT FOUND (ABORTING MOD): return $this->config->get('config_ssl') . 'image/' . $new_image;
----------------------------------------------------------------------


---------- Date: 2017-06-05 23:03:36 ~ IP : 217.118.93.191 ----------
REQUEST URI : /index.php?route=journal2/assets/js
MOD DETAILS:
   modFile   : /home/h/hgmgroup/public_html/vqmod/xml/da_journal2_image_cdn.xml
   id        : Journal2 Image CDN
   version   : 1.5.x
   vqmver    : 2.4.0
   author    : digital-atelier.com

File Name    : catalog/model/tool/image.php(0)
VQModObject::applyMod - SEARCH NOT FOUND (ABORTING MOD): return $this->config->get('config_ssl') . 'image/' . $new_image;
----------------------------------------------------------------------


---------- Date: 2017-06-05 23:04:19 ~ IP : 217.118.93.191 ----------
REQUEST URI : /index.php?route=information/information&amp;information_id=32
MOD DETAILS:
   modFile   : /home/h/hgmgroup/public_html/vqmod/xml/da_journal2_image_cdn.xml
   id        : Journal2 Image CDN
   version   : 1.5.x
   vqmver    : 2.4.0
   author    : digital-atelier.com

File Name    : catalog/model/tool/image.php(0)
VQModObject::applyMod - SEARCH NOT FOUND (ABORTING MOD): return $this->config->get('config_ssl') . 'image/' . $new_image;
----------------------------------------------------------------------


---------- Date: 2017-06-05 23:04:19 ~ IP : 217.118.93.191 ----------
REQUEST URI : /index.php?route=journal2/assets/css
MOD DETAILS:
   modFile   : /home/h/hgmgroup/public_html/vqmod/xml/da_journal2_image_cdn.xml
   id        : Journal2 Image CDN
   version   : 1.5.x
   vqmver    : 2.4.0
   author    : digital-atelier.com

File Name    : catalog/model/tool/image.php(0)
VQModObject::applyMod - SEARCH NOT FOUND (ABORTING MOD): return $this->config->get('config_ssl') . 'image/' . $new_image;
----------------------------------------------------------------------


---------- Date: 2017-06-05 23:04:19 ~ IP : 217.118.93.191 ----------
REQUEST URI : /index.php?route=journal2/assets/js
MOD DETAILS:
   modFile   : /home/h/hgmgroup/public_html/vqmod/xml/da_journal2_image_cdn.xml
   id        : Journal2 Image CDN
   version   : 1.5.x
   vqmver    : 2.4.0
   author    : digital-atelier.com

File Name    : catalog/model/tool/image.php(0)
VQModObject::applyMod - SEARCH NOT FOUND (ABORTING MOD): return $this->config->get('config_ssl') . 'image/' . $new_image;
----------------------------------------------------------------------


---------- Date: 2017-06-05 23:04:34 ~ IP : 217.118.93.191 ----------
REQUEST URI : /index.php?route=information/information&amp;information_id=8
MOD DETAILS:
   modFile   : /home/h/hgmgroup/public_html/vqmod/xml/da_journal2_image_cdn.xml
   id        : Journal2 Image CDN
   version   : 1.5.x
   vqmver    : 2.4.0
   author    : digital-atelier.com

File Name    : catalog/model/tool/image.php(0)
VQModObject::applyMod - SEARCH NOT FOUND (ABORTING MOD): return $this->config->get('config_ssl') . 'image/' . $new_image;
----------------------------------------------------------------------


---------- Date: 2017-06-05 23:04:34 ~ IP : 217.118.93.191 ----------
REQUEST URI : /index.php?route=journal2/assets/css
MOD DETAILS:
   modFile   : /home/h/hgmgroup/public_html/vqmod/xml/da_journal2_image_cdn.xml
   id        : Journal2 Image CDN
   version   : 1.5.x
   vqmver    : 2.4.0
   author    : digital-atelier.com

File Name    : catalog/model/tool/image.php(0)
VQModObject::applyMod - SEARCH NOT FOUND (ABORTING MOD): return $this->config->get('config_ssl') . 'image/' . $new_image;
----------------------------------------------------------------------


---------- Date: 2017-06-05 23:04:34 ~ IP : 217.118.93.191 ----------
REQUEST URI : /index.php?route=journal2/assets/js
MOD DETAILS:
   modFile   : /home/h/hgmgroup/public_html/vqmod/xml/da_journal2_image_cdn.xml
   id        : Journal2 Image CDN
   version   : 1.5.x
   vqmver    : 2.4.0
   author    : digital-atelier.com

File Name    : catalog/model/tool/image.php(0)
VQModObject::applyMod - SEARCH NOT FOUND (ABORTING MOD): return $this->config->get('config_ssl') . 'image/' . $new_image;
----------------------------------------------------------------------


---------- Date: 2017-06-05 23:04:51 ~ IP : 217.118.93.191 ----------
REQUEST URI : /index.php?route=information/information&amp;information_id=24
MOD DETAILS:
   modFile   : /home/h/hgmgroup/public_html/vqmod/xml/da_journal2_image_cdn.xml
   id        : Journal2 Image CDN
   version   : 1.5.x
   vqmver    : 2.4.0
   author    : digital-atelier.com

File Name    : catalog/model/tool/image.php(0)
VQModObject::applyMod - SEARCH NOT FOUND (ABORTING MOD): return $this->config->get('config_ssl') . 'image/' . $new_image;
----------------------------------------------------------------------


---------- Date: 2017-06-05 23:04:52 ~ IP : 217.118.93.191 ----------
REQUEST URI : /index.php?route=journal2/assets/css
MOD DETAILS:
   modFile   : /home/h/hgmgroup/public_html/vqmod/xml/da_journal2_image_cdn.xml
   id        : Journal2 Image CDN
   version   : 1.5.x
   vqmver    : 2.4.0
   author    : digital-atelier.com

File Name    : catalog/model/tool/image.php(0)
VQModObject::applyMod - SEARCH NOT FOUND (ABORTING MOD): return $this->config->get('config_ssl') . 'image/' . $new_image;
----------------------------------------------------------------------


---------- Date: 2017-06-05 23:04:52 ~ IP : 217.118.93.191 ----------
REQUEST URI : /index.php?route=journal2/assets/js
MOD DETAILS:
   modFile   : /home/h/hgmgroup/public_html/vqmod/xml/da_journal2_image_cdn.xml
   id        : Journal2 Image CDN
   version   : 1.5.x
   vqmver    : 2.4.0
   author    : digital-atelier.com

File Name    : catalog/model/tool/image.php(0)
VQModObject::applyMod - SEARCH NOT FOUND (ABORTING MOD): return $this->config->get('config_ssl') . 'image/' . $new_image;
----------------------------------------------------------------------


---------- Date: 2017-06-05 23:05:03 ~ IP : 217.118.93.191 ----------
REQUEST URI : /index.php?route=account/login
MOD DETAILS:
   modFile   : /home/h/hgmgroup/public_html/vqmod/xml/da_journal2_image_cdn.xml
   id        : Journal2 Image CDN
   version   : 1.5.x
   vqmver    : 2.4.0
   author    : digital-atelier.com

File Name    : catalog/model/tool/image.php(0)
VQModObject::applyMod - SEARCH NOT FOUND (ABORTING MOD): return $this->config->get('config_ssl') . 'image/' . $new_image;
----------------------------------------------------------------------


---------- Date: 2017-06-05 23:05:03 ~ IP : 217.118.93.191 ----------
REQUEST URI : /index.php?route=journal2/assets/css
MOD DETAILS:
   modFile   : /home/h/hgmgroup/public_html/vqmod/xml/da_journal2_image_cdn.xml
   id        : Journal2 Image CDN
   version   : 1.5.x
   vqmver    : 2.4.0
   author    : digital-atelier.com

File Name    : catalog/model/tool/image.php(0)
VQModObject::applyMod - SEARCH NOT FOUND (ABORTING MOD): return $this->config->get('config_ssl') . 'image/' . $new_image;
----------------------------------------------------------------------


---------- Date: 2017-06-05 23:05:03 ~ IP : 217.118.93.191 ----------
REQUEST URI : /index.php?route=journal2/assets/js
MOD DETAILS:
   modFile   : /home/h/hgmgroup/public_html/vqmod/xml/da_journal2_image_cdn.xml
   id        : Journal2 Image CDN
   version   : 1.5.x
   vqmver    : 2.4.0
   author    : digital-atelier.com

File Name    : catalog/model/tool/image.php(0)
VQModObject::applyMod - SEARCH NOT FOUND (ABORTING MOD): return $this->config->get('config_ssl') . 'image/' . $new_image;
----------------------------------------------------------------------


---------- Date: 2017-06-05 23:05:08 ~ IP : 217.118.93.191 ----------
REQUEST URI : /index.php?route=account/simpleregister
MOD DETAILS:
   modFile   : /home/h/hgmgroup/public_html/vqmod/xml/da_journal2_image_cdn.xml
   id        : Journal2 Image CDN
   version   : 1.5.x
   vqmver    : 2.4.0
   author    : digital-atelier.com

File Name    : catalog/model/tool/image.php(0)
VQModObject::applyMod - SEARCH NOT FOUND (ABORTING MOD): return $this->config->get('config_ssl') . 'image/' . $new_image;
----------------------------------------------------------------------


---------- Date: 2017-06-05 23:05:08 ~ IP : 217.118.93.191 ----------
REQUEST URI : /index.php?route=journal2/assets/css
MOD DETAILS:
   modFile   : /home/h/hgmgroup/public_html/vqmod/xml/da_journal2_image_cdn.xml
   id        : Journal2 Image CDN
   version   : 1.5.x
   vqmver    : 2.4.0
   author    : digital-atelier.com

File Name    : catalog/model/tool/image.php(0)
VQModObject::applyMod - SEARCH NOT FOUND (ABORTING MOD): return $this->config->get('config_ssl') . 'image/' . $new_image;
----------------------------------------------------------------------


---------- Date: 2017-06-05 23:05:09 ~ IP : 217.118.93.191 ----------
REQUEST URI : /index.php?route=journal2/assets/js
MOD DETAILS:
   modFile   : /home/h/hgmgroup/public_html/vqmod/xml/da_journal2_image_cdn.xml
   id        : Journal2 Image CDN
   version   : 1.5.x
   vqmver    : 2.4.0
   author    : digital-atelier.com

File Name    : catalog/model/tool/image.php(0)
VQModObject::applyMod - SEARCH NOT FOUND (ABORTING MOD): return $this->config->get('config_ssl') . 'image/' . $new_image;
----------------------------------------------------------------------


---------- Date: 2017-06-05 23:05:37 ~ IP : 217.118.93.191 ----------
REQUEST URI : /index.php?route=account/login
MOD DETAILS:
   modFile   : /home/h/hgmgroup/public_html/vqmod/xml/da_journal2_image_cdn.xml
   id        : Journal2 Image CDN
   version   : 1.5.x
   vqmver    : 2.4.0
   author    : digital-atelier.com

File Name    : catalog/model/tool/image.php(0)
VQModObject::applyMod - SEARCH NOT FOUND (ABORTING MOD): return $this->config->get('config_ssl') . 'image/' . $new_image;
----------------------------------------------------------------------


---------- Date: 2017-06-05 23:05:40 ~ IP : 217.118.93.191 ----------
REQUEST URI : /index.php?route=information/information&amp;information_id=24
MOD DETAILS:
   modFile   : /home/h/hgmgroup/public_html/vqmod/xml/da_journal2_image_cdn.xml
   id        : Journal2 Image CDN
   version   : 1.5.x
   vqmver    : 2.4.0
   author    : digital-atelier.com

File Name    : catalog/model/tool/image.php(0)
VQModObject::applyMod - SEARCH NOT FOUND (ABORTING MOD): return $this->config->get('config_ssl') . 'image/' . $new_image;
----------------------------------------------------------------------


---------- Date: 2017-06-05 23:05:42 ~ IP : 217.118.93.191 ----------
REQUEST URI : /index.php?route=information/information&amp;information_id=8
MOD DETAILS:
   modFile   : /home/h/hgmgroup/public_html/vqmod/xml/da_journal2_image_cdn.xml
   id        : Journal2 Image CDN
   version   : 1.5.x
   vqmver    : 2.4.0
   author    : digital-atelier.com

File Name    : catalog/model/tool/image.php(0)
VQModObject::applyMod - SEARCH NOT FOUND (ABORTING MOD): return $this->config->get('config_ssl') . 'image/' . $new_image;
----------------------------------------------------------------------


---------- Date: 2017-06-05 23:05:44 ~ IP : 217.118.93.191 ----------
REQUEST URI : /index.php?route=information/information&amp;information_id=32
MOD DETAILS:
   modFile   : /home/h/hgmgroup/public_html/vqmod/xml/da_journal2_image_cdn.xml
   id        : Journal2 Image CDN
   version   : 1.5.x
   vqmver    : 2.4.0
   author    : digital-atelier.com

File Name    : catalog/model/tool/image.php(0)
VQModObject::applyMod - SEARCH NOT FOUND (ABORTING MOD): return $this->config->get('config_ssl') . 'image/' . $new_image;
----------------------------------------------------------------------


---------- Date: 2017-06-05 23:05:47 ~ IP : 217.118.93.191 ----------
REQUEST URI : /index.php?route=information/information&amp;information_id=17
MOD DETAILS:
   modFile   : /home/h/hgmgroup/public_html/vqmod/xml/da_journal2_image_cdn.xml
   id        : Journal2 Image CDN
   version   : 1.5.x
   vqmver    : 2.4.0
   author    : digital-atelier.com

File Name    : catalog/model/tool/image.php(0)
VQModObject::applyMod - SEARCH NOT FOUND (ABORTING MOD): return $this->config->get('config_ssl') . 'image/' . $new_image;
----------------------------------------------------------------------


