---------- Date: 2017-06-07 06:38:43 ~ IP : 176.113.128.24 ----------
REQUEST URI : /
MOD DETAILS:
   modFile   : /home/h/hgmgroup/public_html/vqmod/xml/da_journal2_image_cdn.xml
   id        : Journal2 Image CDN
   version   : 1.5.x
   vqmver    : 2.4.0
   author    : digital-atelier.com

File Name    : catalog/model/tool/image.php(0)
VQModObject::applyMod - SEARCH NOT FOUND (ABORTING MOD): return $this->config->get('config_ssl') . 'image/' . $new_image;
----------------------------------------------------------------------


---------- Date: 2017-06-07 06:38:43 ~ IP : 176.113.128.24 ----------
REQUEST URI : /index.php?route=journal2/assets/css
MOD DETAILS:
   modFile   : /home/h/hgmgroup/public_html/vqmod/xml/da_journal2_image_cdn.xml
   id        : Journal2 Image CDN
   version   : 1.5.x
   vqmver    : 2.4.0
   author    : digital-atelier.com

File Name    : catalog/model/tool/image.php(0)
VQModObject::applyMod - SEARCH NOT FOUND (ABORTING MOD): return $this->config->get('config_ssl') . 'image/' . $new_image;
----------------------------------------------------------------------


---------- Date: 2017-06-07 06:38:44 ~ IP : 176.113.128.24 ----------
REQUEST URI : /index.php?route=journal2/assets/js
MOD DETAILS:
   modFile   : /home/h/hgmgroup/public_html/vqmod/xml/da_journal2_image_cdn.xml
   id        : Journal2 Image CDN
   version   : 1.5.x
   vqmver    : 2.4.0
   author    : digital-atelier.com

File Name    : catalog/model/tool/image.php(0)
VQModObject::applyMod - SEARCH NOT FOUND (ABORTING MOD): return $this->config->get('config_ssl') . 'image/' . $new_image;
----------------------------------------------------------------------


---------- Date: 2017-06-07 07:06:09 ~ IP : 176.113.128.24 ----------
REQUEST URI : /
MOD DETAILS:
   modFile   : /home/h/hgmgroup/public_html/vqmod/xml/da_journal2_image_cdn.xml
   id        : Journal2 Image CDN
   version   : 1.5.x
   vqmver    : 2.4.0
   author    : digital-atelier.com

File Name    : catalog/model/tool/image.php(0)
VQModObject::applyMod - SEARCH NOT FOUND (ABORTING MOD): return $this->config->get('config_ssl') . 'image/' . $new_image;
----------------------------------------------------------------------


---------- Date: 2017-06-07 07:06:10 ~ IP : 176.113.128.24 ----------
REQUEST URI : /index.php?route=journal2/assets/css
MOD DETAILS:
   modFile   : /home/h/hgmgroup/public_html/vqmod/xml/da_journal2_image_cdn.xml
   id        : Journal2 Image CDN
   version   : 1.5.x
   vqmver    : 2.4.0
   author    : digital-atelier.com

File Name    : catalog/model/tool/image.php(0)
VQModObject::applyMod - SEARCH NOT FOUND (ABORTING MOD): return $this->config->get('config_ssl') . 'image/' . $new_image;
----------------------------------------------------------------------


---------- Date: 2017-06-07 07:06:10 ~ IP : 176.113.128.24 ----------
REQUEST URI : /index.php?route=journal2/assets/js
MOD DETAILS:
   modFile   : /home/h/hgmgroup/public_html/vqmod/xml/da_journal2_image_cdn.xml
   id        : Journal2 Image CDN
   version   : 1.5.x
   vqmver    : 2.4.0
   author    : digital-atelier.com

File Name    : catalog/model/tool/image.php(0)
VQModObject::applyMod - SEARCH NOT FOUND (ABORTING MOD): return $this->config->get('config_ssl') . 'image/' . $new_image;
----------------------------------------------------------------------


---------- Date: 2017-06-07 07:07:04 ~ IP : 176.113.128.24 ----------
REQUEST URI : /index.php?route=product/category&amp;path=271
MOD DETAILS:
   modFile   : /home/h/hgmgroup/public_html/vqmod/xml/da_journal2_image_cdn.xml
   id        : Journal2 Image CDN
   version   : 1.5.x
   vqmver    : 2.4.0
   author    : digital-atelier.com

File Name    : catalog/model/tool/image.php(0)
VQModObject::applyMod - SEARCH NOT FOUND (ABORTING MOD): return $this->config->get('config_ssl') . 'image/' . $new_image;
----------------------------------------------------------------------


---------- Date: 2017-06-07 07:07:05 ~ IP : 176.113.128.24 ----------
REQUEST URI : /index.php?route=journal2/assets/css
MOD DETAILS:
   modFile   : /home/h/hgmgroup/public_html/vqmod/xml/da_journal2_image_cdn.xml
   id        : Journal2 Image CDN
   version   : 1.5.x
   vqmver    : 2.4.0
   author    : digital-atelier.com

File Name    : catalog/model/tool/image.php(0)
VQModObject::applyMod - SEARCH NOT FOUND (ABORTING MOD): return $this->config->get('config_ssl') . 'image/' . $new_image;
----------------------------------------------------------------------


---------- Date: 2017-06-07 07:07:05 ~ IP : 176.113.128.24 ----------
REQUEST URI : /index.php?route=journal2/assets/js
MOD DETAILS:
   modFile   : /home/h/hgmgroup/public_html/vqmod/xml/da_journal2_image_cdn.xml
   id        : Journal2 Image CDN
   version   : 1.5.x
   vqmver    : 2.4.0
   author    : digital-atelier.com

File Name    : catalog/model/tool/image.php(0)
VQModObject::applyMod - SEARCH NOT FOUND (ABORTING MOD): return $this->config->get('config_ssl') . 'image/' . $new_image;
----------------------------------------------------------------------


---------- Date: 2017-06-07 07:07:07 ~ IP : 176.113.128.24 ----------
REQUEST URI : /index.php?route=module/mega_filter/ajaxinfo&amp;path=271&amp;mfilterIdx=1&amp;mfilterRoute=cHJvZHVjdC9jYXRlZ29yeQ%3D%3D&amp;mfilterBTypes=price%2Cmanufacturers
MOD DETAILS:
   modFile   : /home/h/hgmgroup/public_html/vqmod/xml/da_journal2_image_cdn.xml
   id        : Journal2 Image CDN
   version   : 1.5.x
   vqmver    : 2.4.0
   author    : digital-atelier.com

File Name    : catalog/model/tool/image.php(0)
VQModObject::applyMod - SEARCH NOT FOUND (ABORTING MOD): return $this->config->get('config_ssl') . 'image/' . $new_image;
----------------------------------------------------------------------


---------- Date: 2017-06-07 07:07:19 ~ IP : 176.113.128.24 ----------
REQUEST URI : /
MOD DETAILS:
   modFile   : /home/h/hgmgroup/public_html/vqmod/xml/da_journal2_image_cdn.xml
   id        : Journal2 Image CDN
   version   : 1.5.x
   vqmver    : 2.4.0
   author    : digital-atelier.com

File Name    : catalog/model/tool/image.php(0)
VQModObject::applyMod - SEARCH NOT FOUND (ABORTING MOD): return $this->config->get('config_ssl') . 'image/' . $new_image;
----------------------------------------------------------------------


---------- Date: 2017-06-07 07:07:19 ~ IP : 176.113.128.24 ----------
REQUEST URI : /index.php?route=journal2/assets/css
MOD DETAILS:
   modFile   : /home/h/hgmgroup/public_html/vqmod/xml/da_journal2_image_cdn.xml
   id        : Journal2 Image CDN
   version   : 1.5.x
   vqmver    : 2.4.0
   author    : digital-atelier.com

File Name    : catalog/model/tool/image.php(0)
VQModObject::applyMod - SEARCH NOT FOUND (ABORTING MOD): return $this->config->get('config_ssl') . 'image/' . $new_image;
----------------------------------------------------------------------


---------- Date: 2017-06-07 07:07:20 ~ IP : 176.113.128.24 ----------
REQUEST URI : /index.php?route=journal2/assets/js
MOD DETAILS:
   modFile   : /home/h/hgmgroup/public_html/vqmod/xml/da_journal2_image_cdn.xml
   id        : Journal2 Image CDN
   version   : 1.5.x
   vqmver    : 2.4.0
   author    : digital-atelier.com

File Name    : catalog/model/tool/image.php(0)
VQModObject::applyMod - SEARCH NOT FOUND (ABORTING MOD): return $this->config->get('config_ssl') . 'image/' . $new_image;
----------------------------------------------------------------------


---------- Date: 2017-06-07 07:07:25 ~ IP : 176.113.128.24 ----------
REQUEST URI : /index.php?route=product/category&amp;path=271
MOD DETAILS:
   modFile   : /home/h/hgmgroup/public_html/vqmod/xml/da_journal2_image_cdn.xml
   id        : Journal2 Image CDN
   version   : 1.5.x
   vqmver    : 2.4.0
   author    : digital-atelier.com

File Name    : catalog/model/tool/image.php(0)
VQModObject::applyMod - SEARCH NOT FOUND (ABORTING MOD): return $this->config->get('config_ssl') . 'image/' . $new_image;
----------------------------------------------------------------------


---------- Date: 2017-06-07 07:07:25 ~ IP : 176.113.128.24 ----------
REQUEST URI : /index.php?route=journal2/assets/css
MOD DETAILS:
   modFile   : /home/h/hgmgroup/public_html/vqmod/xml/da_journal2_image_cdn.xml
   id        : Journal2 Image CDN
   version   : 1.5.x
   vqmver    : 2.4.0
   author    : digital-atelier.com

File Name    : catalog/model/tool/image.php(0)
VQModObject::applyMod - SEARCH NOT FOUND (ABORTING MOD): return $this->config->get('config_ssl') . 'image/' . $new_image;
----------------------------------------------------------------------


---------- Date: 2017-06-07 07:07:26 ~ IP : 176.113.128.24 ----------
REQUEST URI : /index.php?route=journal2/assets/js
MOD DETAILS:
   modFile   : /home/h/hgmgroup/public_html/vqmod/xml/da_journal2_image_cdn.xml
   id        : Journal2 Image CDN
   version   : 1.5.x
   vqmver    : 2.4.0
   author    : digital-atelier.com

File Name    : catalog/model/tool/image.php(0)
VQModObject::applyMod - SEARCH NOT FOUND (ABORTING MOD): return $this->config->get('config_ssl') . 'image/' . $new_image;
----------------------------------------------------------------------


---------- Date: 2017-06-07 07:07:26 ~ IP : 176.113.128.24 ----------
REQUEST URI : /index.php?route=module/mega_filter/ajaxinfo&amp;path=271&amp;mfilterIdx=1&amp;mfilterRoute=cHJvZHVjdC9jYXRlZ29yeQ%3D%3D&amp;mfilterBTypes=price%2Cmanufacturers
MOD DETAILS:
   modFile   : /home/h/hgmgroup/public_html/vqmod/xml/da_journal2_image_cdn.xml
   id        : Journal2 Image CDN
   version   : 1.5.x
   vqmver    : 2.4.0
   author    : digital-atelier.com

File Name    : catalog/model/tool/image.php(0)
VQModObject::applyMod - SEARCH NOT FOUND (ABORTING MOD): return $this->config->get('config_ssl') . 'image/' . $new_image;
----------------------------------------------------------------------


---------- Date: 2017-06-07 07:07:29 ~ IP : 176.113.128.24 ----------
REQUEST URI : /
MOD DETAILS:
   modFile   : /home/h/hgmgroup/public_html/vqmod/xml/da_journal2_image_cdn.xml
   id        : Journal2 Image CDN
   version   : 1.5.x
   vqmver    : 2.4.0
   author    : digital-atelier.com

File Name    : catalog/model/tool/image.php(0)
VQModObject::applyMod - SEARCH NOT FOUND (ABORTING MOD): return $this->config->get('config_ssl') . 'image/' . $new_image;
----------------------------------------------------------------------


---------- Date: 2017-06-07 07:07:29 ~ IP : 176.113.128.24 ----------
REQUEST URI : /index.php?route=journal2/assets/css
MOD DETAILS:
   modFile   : /home/h/hgmgroup/public_html/vqmod/xml/da_journal2_image_cdn.xml
   id        : Journal2 Image CDN
   version   : 1.5.x
   vqmver    : 2.4.0
   author    : digital-atelier.com

File Name    : catalog/model/tool/image.php(0)
VQModObject::applyMod - SEARCH NOT FOUND (ABORTING MOD): return $this->config->get('config_ssl') . 'image/' . $new_image;
----------------------------------------------------------------------


---------- Date: 2017-06-07 07:07:30 ~ IP : 176.113.128.24 ----------
REQUEST URI : /index.php?route=journal2/assets/js
MOD DETAILS:
   modFile   : /home/h/hgmgroup/public_html/vqmod/xml/da_journal2_image_cdn.xml
   id        : Journal2 Image CDN
   version   : 1.5.x
   vqmver    : 2.4.0
   author    : digital-atelier.com

File Name    : catalog/model/tool/image.php(0)
VQModObject::applyMod - SEARCH NOT FOUND (ABORTING MOD): return $this->config->get('config_ssl') . 'image/' . $new_image;
----------------------------------------------------------------------


---------- Date: 2017-06-07 07:25:00 ~ IP : 176.113.128.24 ----------
REQUEST URI : /
MOD DETAILS:
   modFile   : /home/h/hgmgroup/public_html/vqmod/xml/da_journal2_image_cdn.xml
   id        : Journal2 Image CDN
   version   : 1.5.x
   vqmver    : 2.4.0
   author    : digital-atelier.com

File Name    : catalog/model/tool/image.php(0)
VQModObject::applyMod - SEARCH NOT FOUND (ABORTING MOD): return $this->config->get('config_ssl') . 'image/' . $new_image;
----------------------------------------------------------------------


---------- Date: 2017-06-07 07:25:01 ~ IP : 176.113.128.24 ----------
REQUEST URI : /index.php?route=journal2/assets/css
MOD DETAILS:
   modFile   : /home/h/hgmgroup/public_html/vqmod/xml/da_journal2_image_cdn.xml
   id        : Journal2 Image CDN
   version   : 1.5.x
   vqmver    : 2.4.0
   author    : digital-atelier.com

File Name    : catalog/model/tool/image.php(0)
VQModObject::applyMod - SEARCH NOT FOUND (ABORTING MOD): return $this->config->get('config_ssl') . 'image/' . $new_image;
----------------------------------------------------------------------


---------- Date: 2017-06-07 07:25:02 ~ IP : 176.113.128.24 ----------
REQUEST URI : /index.php?route=journal2/assets/js
MOD DETAILS:
   modFile   : /home/h/hgmgroup/public_html/vqmod/xml/da_journal2_image_cdn.xml
   id        : Journal2 Image CDN
   version   : 1.5.x
   vqmver    : 2.4.0
   author    : digital-atelier.com

File Name    : catalog/model/tool/image.php(0)
VQModObject::applyMod - SEARCH NOT FOUND (ABORTING MOD): return $this->config->get('config_ssl') . 'image/' . $new_image;
----------------------------------------------------------------------


---------- Date: 2017-06-07 07:49:10 ~ IP : 176.113.128.28 ----------
REQUEST URI : /
MOD DETAILS:
   modFile   : /home/h/hgmgroup/public_html/vqmod/xml/da_journal2_image_cdn.xml
   id        : Journal2 Image CDN
   version   : 1.5.x
   vqmver    : 2.4.0
   author    : digital-atelier.com

File Name    : catalog/model/tool/image.php(0)
VQModObject::applyMod - SEARCH NOT FOUND (ABORTING MOD): return $this->config->get('config_ssl') . 'image/' . $new_image;
----------------------------------------------------------------------


---------- Date: 2017-06-07 07:49:11 ~ IP : 176.113.128.28 ----------
REQUEST URI : /index.php?route=journal2/assets/css
MOD DETAILS:
   modFile   : /home/h/hgmgroup/public_html/vqmod/xml/da_journal2_image_cdn.xml
   id        : Journal2 Image CDN
   version   : 1.5.x
   vqmver    : 2.4.0
   author    : digital-atelier.com

File Name    : catalog/model/tool/image.php(0)
VQModObject::applyMod - SEARCH NOT FOUND (ABORTING MOD): return $this->config->get('config_ssl') . 'image/' . $new_image;
----------------------------------------------------------------------


---------- Date: 2017-06-07 07:49:12 ~ IP : 176.113.128.28 ----------
REQUEST URI : /index.php?route=journal2/assets/js
MOD DETAILS:
   modFile   : /home/h/hgmgroup/public_html/vqmod/xml/da_journal2_image_cdn.xml
   id        : Journal2 Image CDN
   version   : 1.5.x
   vqmver    : 2.4.0
   author    : digital-atelier.com

File Name    : catalog/model/tool/image.php(0)
VQModObject::applyMod - SEARCH NOT FOUND (ABORTING MOD): return $this->config->get('config_ssl') . 'image/' . $new_image;
----------------------------------------------------------------------


---------- Date: 2017-06-07 09:50:26 ~ IP : 217.118.93.130 ----------
REQUEST URI : /index.php?route=information/information&amp;information_id=17
MOD DETAILS:
   modFile   : /home/h/hgmgroup/public_html/vqmod/xml/da_journal2_image_cdn.xml
   id        : Journal2 Image CDN
   version   : 1.5.x
   vqmver    : 2.4.0
   author    : digital-atelier.com

File Name    : catalog/model/tool/image.php(0)
VQModObject::applyMod - SEARCH NOT FOUND (ABORTING MOD): return $this->config->get('config_ssl') . 'image/' . $new_image;
----------------------------------------------------------------------


---------- Date: 2017-06-07 09:50:26 ~ IP : 217.118.93.130 ----------
REQUEST URI : /index.php?route=journal2/assets/css
MOD DETAILS:
   modFile   : /home/h/hgmgroup/public_html/vqmod/xml/da_journal2_image_cdn.xml
   id        : Journal2 Image CDN
   version   : 1.5.x
   vqmver    : 2.4.0
   author    : digital-atelier.com

File Name    : catalog/model/tool/image.php(0)
VQModObject::applyMod - SEARCH NOT FOUND (ABORTING MOD): return $this->config->get('config_ssl') . 'image/' . $new_image;
----------------------------------------------------------------------


---------- Date: 2017-06-07 09:50:26 ~ IP : 217.118.93.130 ----------
REQUEST URI : /index.php?route=journal2/assets/js
MOD DETAILS:
   modFile   : /home/h/hgmgroup/public_html/vqmod/xml/da_journal2_image_cdn.xml
   id        : Journal2 Image CDN
   version   : 1.5.x
   vqmver    : 2.4.0
   author    : digital-atelier.com

File Name    : catalog/model/tool/image.php(0)
VQModObject::applyMod - SEARCH NOT FOUND (ABORTING MOD): return $this->config->get('config_ssl') . 'image/' . $new_image;
----------------------------------------------------------------------


---------- Date: 2017-06-07 10:12:42 ~ IP : 176.113.128.28 ----------
REQUEST URI : /
MOD DETAILS:
   modFile   : /home/h/hgmgroup/public_html/vqmod/xml/da_journal2_image_cdn.xml
   id        : Journal2 Image CDN
   version   : 1.5.x
   vqmver    : 2.4.0
   author    : digital-atelier.com

File Name    : catalog/model/tool/image.php(0)
VQModObject::applyMod - SEARCH NOT FOUND (ABORTING MOD): return $this->config->get('config_ssl') . 'image/' . $new_image;
----------------------------------------------------------------------


---------- Date: 2017-06-07 10:12:43 ~ IP : 176.113.128.28 ----------
REQUEST URI : /index.php?route=journal2/assets/css
MOD DETAILS:
   modFile   : /home/h/hgmgroup/public_html/vqmod/xml/da_journal2_image_cdn.xml
   id        : Journal2 Image CDN
   version   : 1.5.x
   vqmver    : 2.4.0
   author    : digital-atelier.com

File Name    : catalog/model/tool/image.php(0)
VQModObject::applyMod - SEARCH NOT FOUND (ABORTING MOD): return $this->config->get('config_ssl') . 'image/' . $new_image;
----------------------------------------------------------------------


---------- Date: 2017-06-07 10:12:45 ~ IP : 176.113.128.28 ----------
REQUEST URI : /index.php?route=journal2/assets/js
MOD DETAILS:
   modFile   : /home/h/hgmgroup/public_html/vqmod/xml/da_journal2_image_cdn.xml
   id        : Journal2 Image CDN
   version   : 1.5.x
   vqmver    : 2.4.0
   author    : digital-atelier.com

File Name    : catalog/model/tool/image.php(0)
VQModObject::applyMod - SEARCH NOT FOUND (ABORTING MOD): return $this->config->get('config_ssl') . 'image/' . $new_image;
----------------------------------------------------------------------


---------- Date: 2017-06-07 10:13:19 ~ IP : 176.113.128.28 ----------
REQUEST URI : /
MOD DETAILS:
   modFile   : /home/h/hgmgroup/public_html/vqmod/xml/da_journal2_image_cdn.xml
   id        : Journal2 Image CDN
   version   : 1.5.x
   vqmver    : 2.4.0
   author    : digital-atelier.com

File Name    : catalog/model/tool/image.php(0)
VQModObject::applyMod - SEARCH NOT FOUND (ABORTING MOD): return $this->config->get('config_ssl') . 'image/' . $new_image;
----------------------------------------------------------------------


---------- Date: 2017-06-07 10:13:20 ~ IP : 176.113.128.28 ----------
REQUEST URI : /index.php?route=journal2/assets/css
MOD DETAILS:
   modFile   : /home/h/hgmgroup/public_html/vqmod/xml/da_journal2_image_cdn.xml
   id        : Journal2 Image CDN
   version   : 1.5.x
   vqmver    : 2.4.0
   author    : digital-atelier.com

File Name    : catalog/model/tool/image.php(0)
VQModObject::applyMod - SEARCH NOT FOUND (ABORTING MOD): return $this->config->get('config_ssl') . 'image/' . $new_image;
----------------------------------------------------------------------


---------- Date: 2017-06-07 10:13:20 ~ IP : 176.113.128.28 ----------
REQUEST URI : /index.php?route=journal2/assets/js
MOD DETAILS:
   modFile   : /home/h/hgmgroup/public_html/vqmod/xml/da_journal2_image_cdn.xml
   id        : Journal2 Image CDN
   version   : 1.5.x
   vqmver    : 2.4.0
   author    : digital-atelier.com

File Name    : catalog/model/tool/image.php(0)
VQModObject::applyMod - SEARCH NOT FOUND (ABORTING MOD): return $this->config->get('config_ssl') . 'image/' . $new_image;
----------------------------------------------------------------------


---------- Date: 2017-06-07 10:45:51 ~ IP : 83.151.11.252 ----------
REQUEST URI : /
MOD DETAILS:
   modFile   : /home/h/hgmgroup/public_html/vqmod/xml/da_journal2_image_cdn.xml
   id        : Journal2 Image CDN
   version   : 1.5.x
   vqmver    : 2.4.0
   author    : digital-atelier.com

File Name    : catalog/model/tool/image.php(0)
VQModObject::applyMod - SEARCH NOT FOUND (ABORTING MOD): return $this->config->get('config_ssl') . 'image/' . $new_image;
----------------------------------------------------------------------


---------- Date: 2017-06-07 10:45:52 ~ IP : 83.151.11.252 ----------
REQUEST URI : /index.php?route=journal2/assets/css
MOD DETAILS:
   modFile   : /home/h/hgmgroup/public_html/vqmod/xml/da_journal2_image_cdn.xml
   id        : Journal2 Image CDN
   version   : 1.5.x
   vqmver    : 2.4.0
   author    : digital-atelier.com

File Name    : catalog/model/tool/image.php(0)
VQModObject::applyMod - SEARCH NOT FOUND (ABORTING MOD): return $this->config->get('config_ssl') . 'image/' . $new_image;
----------------------------------------------------------------------


---------- Date: 2017-06-07 10:45:52 ~ IP : 83.151.11.252 ----------
REQUEST URI : /index.php?route=journal2/assets/js
MOD DETAILS:
   modFile   : /home/h/hgmgroup/public_html/vqmod/xml/da_journal2_image_cdn.xml
   id        : Journal2 Image CDN
   version   : 1.5.x
   vqmver    : 2.4.0
   author    : digital-atelier.com

File Name    : catalog/model/tool/image.php(0)
VQModObject::applyMod - SEARCH NOT FOUND (ABORTING MOD): return $this->config->get('config_ssl') . 'image/' . $new_image;
----------------------------------------------------------------------


---------- Date: 2017-06-07 10:48:07 ~ IP : 83.151.11.252 ----------
REQUEST URI : /index.php?route=information/information&amp;information_id=8
MOD DETAILS:
   modFile   : /home/h/hgmgroup/public_html/vqmod/xml/da_journal2_image_cdn.xml
   id        : Journal2 Image CDN
   version   : 1.5.x
   vqmver    : 2.4.0
   author    : digital-atelier.com

File Name    : catalog/model/tool/image.php(0)
VQModObject::applyMod - SEARCH NOT FOUND (ABORTING MOD): return $this->config->get('config_ssl') . 'image/' . $new_image;
----------------------------------------------------------------------


---------- Date: 2017-06-07 10:48:07 ~ IP : 83.151.11.252 ----------
REQUEST URI : /index.php?route=journal2/assets/css
MOD DETAILS:
   modFile   : /home/h/hgmgroup/public_html/vqmod/xml/da_journal2_image_cdn.xml
   id        : Journal2 Image CDN
   version   : 1.5.x
   vqmver    : 2.4.0
   author    : digital-atelier.com

File Name    : catalog/model/tool/image.php(0)
VQModObject::applyMod - SEARCH NOT FOUND (ABORTING MOD): return $this->config->get('config_ssl') . 'image/' . $new_image;
----------------------------------------------------------------------


---------- Date: 2017-06-07 10:48:08 ~ IP : 83.151.11.252 ----------
REQUEST URI : /index.php?route=journal2/assets/js
MOD DETAILS:
   modFile   : /home/h/hgmgroup/public_html/vqmod/xml/da_journal2_image_cdn.xml
   id        : Journal2 Image CDN
   version   : 1.5.x
   vqmver    : 2.4.0
   author    : digital-atelier.com

File Name    : catalog/model/tool/image.php(0)
VQModObject::applyMod - SEARCH NOT FOUND (ABORTING MOD): return $this->config->get('config_ssl') . 'image/' . $new_image;
----------------------------------------------------------------------


---------- Date: 2017-06-07 10:48:09 ~ IP : 83.151.11.252 ----------
REQUEST URI : /index.php?route=product/special
MOD DETAILS:
   modFile   : /home/h/hgmgroup/public_html/vqmod/xml/da_journal2_image_cdn.xml
   id        : Journal2 Image CDN
   version   : 1.5.x
   vqmver    : 2.4.0
   author    : digital-atelier.com

File Name    : catalog/model/tool/image.php(0)
VQModObject::applyMod - SEARCH NOT FOUND (ABORTING MOD): return $this->config->get('config_ssl') . 'image/' . $new_image;
----------------------------------------------------------------------


---------- Date: 2017-06-07 10:48:09 ~ IP : 83.151.11.252 ----------
REQUEST URI : /index.php?route=journal2/assets/css
MOD DETAILS:
   modFile   : /home/h/hgmgroup/public_html/vqmod/xml/da_journal2_image_cdn.xml
   id        : Journal2 Image CDN
   version   : 1.5.x
   vqmver    : 2.4.0
   author    : digital-atelier.com

File Name    : catalog/model/tool/image.php(0)
VQModObject::applyMod - SEARCH NOT FOUND (ABORTING MOD): return $this->config->get('config_ssl') . 'image/' . $new_image;
----------------------------------------------------------------------


---------- Date: 2017-06-07 10:48:09 ~ IP : 83.151.11.252 ----------
REQUEST URI : /index.php?route=journal2/assets/js
MOD DETAILS:
   modFile   : /home/h/hgmgroup/public_html/vqmod/xml/da_journal2_image_cdn.xml
   id        : Journal2 Image CDN
   version   : 1.5.x
   vqmver    : 2.4.0
   author    : digital-atelier.com

File Name    : catalog/model/tool/image.php(0)
VQModObject::applyMod - SEARCH NOT FOUND (ABORTING MOD): return $this->config->get('config_ssl') . 'image/' . $new_image;
----------------------------------------------------------------------


---------- Date: 2017-06-07 10:48:12 ~ IP : 83.151.11.252 ----------
REQUEST URI : /index.php?route=information/information&amp;information_id=8
MOD DETAILS:
   modFile   : /home/h/hgmgroup/public_html/vqmod/xml/da_journal2_image_cdn.xml
   id        : Journal2 Image CDN
   version   : 1.5.x
   vqmver    : 2.4.0
   author    : digital-atelier.com

File Name    : catalog/model/tool/image.php(0)
VQModObject::applyMod - SEARCH NOT FOUND (ABORTING MOD): return $this->config->get('config_ssl') . 'image/' . $new_image;
----------------------------------------------------------------------


---------- Date: 2017-06-07 10:48:12 ~ IP : 83.151.11.252 ----------
REQUEST URI : /index.php?route=journal2/assets/css
MOD DETAILS:
   modFile   : /home/h/hgmgroup/public_html/vqmod/xml/da_journal2_image_cdn.xml
   id        : Journal2 Image CDN
   version   : 1.5.x
   vqmver    : 2.4.0
   author    : digital-atelier.com

File Name    : catalog/model/tool/image.php(0)
VQModObject::applyMod - SEARCH NOT FOUND (ABORTING MOD): return $this->config->get('config_ssl') . 'image/' . $new_image;
----------------------------------------------------------------------


---------- Date: 2017-06-07 10:48:12 ~ IP : 83.151.11.252 ----------
REQUEST URI : /index.php?route=journal2/assets/js
MOD DETAILS:
   modFile   : /home/h/hgmgroup/public_html/vqmod/xml/da_journal2_image_cdn.xml
   id        : Journal2 Image CDN
   version   : 1.5.x
   vqmver    : 2.4.0
   author    : digital-atelier.com

File Name    : catalog/model/tool/image.php(0)
VQModObject::applyMod - SEARCH NOT FOUND (ABORTING MOD): return $this->config->get('config_ssl') . 'image/' . $new_image;
----------------------------------------------------------------------


---------- Date: 2017-06-07 10:48:15 ~ IP : 83.151.11.252 ----------
REQUEST URI : /index.php?route=information/information&amp;information_id=18
MOD DETAILS:
   modFile   : /home/h/hgmgroup/public_html/vqmod/xml/da_journal2_image_cdn.xml
   id        : Journal2 Image CDN
   version   : 1.5.x
   vqmver    : 2.4.0
   author    : digital-atelier.com

File Name    : catalog/model/tool/image.php(0)
VQModObject::applyMod - SEARCH NOT FOUND (ABORTING MOD): return $this->config->get('config_ssl') . 'image/' . $new_image;
----------------------------------------------------------------------


---------- Date: 2017-06-07 10:48:15 ~ IP : 83.151.11.252 ----------
REQUEST URI : /index.php?route=journal2/assets/css
MOD DETAILS:
   modFile   : /home/h/hgmgroup/public_html/vqmod/xml/da_journal2_image_cdn.xml
   id        : Journal2 Image CDN
   version   : 1.5.x
   vqmver    : 2.4.0
   author    : digital-atelier.com

File Name    : catalog/model/tool/image.php(0)
VQModObject::applyMod - SEARCH NOT FOUND (ABORTING MOD): return $this->config->get('config_ssl') . 'image/' . $new_image;
----------------------------------------------------------------------


---------- Date: 2017-06-07 10:48:15 ~ IP : 83.151.11.252 ----------
REQUEST URI : /index.php?route=journal2/assets/js
MOD DETAILS:
   modFile   : /home/h/hgmgroup/public_html/vqmod/xml/da_journal2_image_cdn.xml
   id        : Journal2 Image CDN
   version   : 1.5.x
   vqmver    : 2.4.0
   author    : digital-atelier.com

File Name    : catalog/model/tool/image.php(0)
VQModObject::applyMod - SEARCH NOT FOUND (ABORTING MOD): return $this->config->get('config_ssl') . 'image/' . $new_image;
----------------------------------------------------------------------


---------- Date: 2017-06-07 10:48:18 ~ IP : 83.151.11.252 ----------
REQUEST URI : /index.php?route=product/category&amp;path=274
MOD DETAILS:
   modFile   : /home/h/hgmgroup/public_html/vqmod/xml/da_journal2_image_cdn.xml
   id        : Journal2 Image CDN
   version   : 1.5.x
   vqmver    : 2.4.0
   author    : digital-atelier.com

File Name    : catalog/model/tool/image.php(0)
VQModObject::applyMod - SEARCH NOT FOUND (ABORTING MOD): return $this->config->get('config_ssl') . 'image/' . $new_image;
----------------------------------------------------------------------


---------- Date: 2017-06-07 10:48:19 ~ IP : 83.151.11.252 ----------
REQUEST URI : /index.php?route=journal2/assets/css
MOD DETAILS:
   modFile   : /home/h/hgmgroup/public_html/vqmod/xml/da_journal2_image_cdn.xml
   id        : Journal2 Image CDN
   version   : 1.5.x
   vqmver    : 2.4.0
   author    : digital-atelier.com

File Name    : catalog/model/tool/image.php(0)
VQModObject::applyMod - SEARCH NOT FOUND (ABORTING MOD): return $this->config->get('config_ssl') . 'image/' . $new_image;
----------------------------------------------------------------------


---------- Date: 2017-06-07 10:48:19 ~ IP : 83.151.11.252 ----------
REQUEST URI : /index.php?route=journal2/assets/js
MOD DETAILS:
   modFile   : /home/h/hgmgroup/public_html/vqmod/xml/da_journal2_image_cdn.xml
   id        : Journal2 Image CDN
   version   : 1.5.x
   vqmver    : 2.4.0
   author    : digital-atelier.com

File Name    : catalog/model/tool/image.php(0)
VQModObject::applyMod - SEARCH NOT FOUND (ABORTING MOD): return $this->config->get('config_ssl') . 'image/' . $new_image;
----------------------------------------------------------------------


---------- Date: 2017-06-07 10:48:19 ~ IP : 83.151.11.252 ----------
REQUEST URI : /index.php?route=module/mega_filter/ajaxinfo&amp;path=274&amp;mfilterIdx=1&amp;mfilterRoute=cHJvZHVjdC9jYXRlZ29yeQ%3D%3D&amp;mfilterBTypes=price%2Cmanufacturers
MOD DETAILS:
   modFile   : /home/h/hgmgroup/public_html/vqmod/xml/da_journal2_image_cdn.xml
   id        : Journal2 Image CDN
   version   : 1.5.x
   vqmver    : 2.4.0
   author    : digital-atelier.com

File Name    : catalog/model/tool/image.php(0)
VQModObject::applyMod - SEARCH NOT FOUND (ABORTING MOD): return $this->config->get('config_ssl') . 'image/' . $new_image;
----------------------------------------------------------------------


---------- Date: 2017-06-07 10:48:21 ~ IP : 83.151.11.252 ----------
REQUEST URI : /index.php?route=product/category&amp;path=275
MOD DETAILS:
   modFile   : /home/h/hgmgroup/public_html/vqmod/xml/da_journal2_image_cdn.xml
   id        : Journal2 Image CDN
   version   : 1.5.x
   vqmver    : 2.4.0
   author    : digital-atelier.com

File Name    : catalog/model/tool/image.php(0)
VQModObject::applyMod - SEARCH NOT FOUND (ABORTING MOD): return $this->config->get('config_ssl') . 'image/' . $new_image;
----------------------------------------------------------------------


---------- Date: 2017-06-07 10:48:21 ~ IP : 83.151.11.252 ----------
REQUEST URI : /index.php?route=journal2/assets/css
MOD DETAILS:
   modFile   : /home/h/hgmgroup/public_html/vqmod/xml/da_journal2_image_cdn.xml
   id        : Journal2 Image CDN
   version   : 1.5.x
   vqmver    : 2.4.0
   author    : digital-atelier.com

File Name    : catalog/model/tool/image.php(0)
VQModObject::applyMod - SEARCH NOT FOUND (ABORTING MOD): return $this->config->get('config_ssl') . 'image/' . $new_image;
----------------------------------------------------------------------


---------- Date: 2017-06-07 10:48:22 ~ IP : 83.151.11.252 ----------
REQUEST URI : /index.php?route=journal2/assets/js
MOD DETAILS:
   modFile   : /home/h/hgmgroup/public_html/vqmod/xml/da_journal2_image_cdn.xml
   id        : Journal2 Image CDN
   version   : 1.5.x
   vqmver    : 2.4.0
   author    : digital-atelier.com

File Name    : catalog/model/tool/image.php(0)
VQModObject::applyMod - SEARCH NOT FOUND (ABORTING MOD): return $this->config->get('config_ssl') . 'image/' . $new_image;
----------------------------------------------------------------------


---------- Date: 2017-06-07 10:48:22 ~ IP : 83.151.11.252 ----------
REQUEST URI : /index.php?route=module/mega_filter/ajaxinfo&amp;path=275&amp;mfilterIdx=1&amp;mfilterRoute=cHJvZHVjdC9jYXRlZ29yeQ%3D%3D&amp;mfilterBTypes=price%2Cmanufacturers
MOD DETAILS:
   modFile   : /home/h/hgmgroup/public_html/vqmod/xml/da_journal2_image_cdn.xml
   id        : Journal2 Image CDN
   version   : 1.5.x
   vqmver    : 2.4.0
   author    : digital-atelier.com

File Name    : catalog/model/tool/image.php(0)
VQModObject::applyMod - SEARCH NOT FOUND (ABORTING MOD): return $this->config->get('config_ssl') . 'image/' . $new_image;
----------------------------------------------------------------------


---------- Date: 2017-06-07 10:48:23 ~ IP : 83.151.11.252 ----------
REQUEST URI : /index.php?route=information/information&amp;information_id=8
MOD DETAILS:
   modFile   : /home/h/hgmgroup/public_html/vqmod/xml/da_journal2_image_cdn.xml
   id        : Journal2 Image CDN
   version   : 1.5.x
   vqmver    : 2.4.0
   author    : digital-atelier.com

File Name    : catalog/model/tool/image.php(0)
VQModObject::applyMod - SEARCH NOT FOUND (ABORTING MOD): return $this->config->get('config_ssl') . 'image/' . $new_image;
----------------------------------------------------------------------


---------- Date: 2017-06-07 10:48:24 ~ IP : 83.151.11.252 ----------
REQUEST URI : /index.php?route=journal2/assets/css
MOD DETAILS:
   modFile   : /home/h/hgmgroup/public_html/vqmod/xml/da_journal2_image_cdn.xml
   id        : Journal2 Image CDN
   version   : 1.5.x
   vqmver    : 2.4.0
   author    : digital-atelier.com

File Name    : catalog/model/tool/image.php(0)
VQModObject::applyMod - SEARCH NOT FOUND (ABORTING MOD): return $this->config->get('config_ssl') . 'image/' . $new_image;
----------------------------------------------------------------------


---------- Date: 2017-06-07 10:48:24 ~ IP : 83.151.11.252 ----------
REQUEST URI : /index.php?route=journal2/assets/js
MOD DETAILS:
   modFile   : /home/h/hgmgroup/public_html/vqmod/xml/da_journal2_image_cdn.xml
   id        : Journal2 Image CDN
   version   : 1.5.x
   vqmver    : 2.4.0
   author    : digital-atelier.com

File Name    : catalog/model/tool/image.php(0)
VQModObject::applyMod - SEARCH NOT FOUND (ABORTING MOD): return $this->config->get('config_ssl') . 'image/' . $new_image;
----------------------------------------------------------------------


---------- Date: 2017-06-07 10:48:25 ~ IP : 83.151.11.252 ----------
REQUEST URI : /index.php?route=information/information&amp;information_id=14
MOD DETAILS:
   modFile   : /home/h/hgmgroup/public_html/vqmod/xml/da_journal2_image_cdn.xml
   id        : Journal2 Image CDN
   version   : 1.5.x
   vqmver    : 2.4.0
   author    : digital-atelier.com

File Name    : catalog/model/tool/image.php(0)
VQModObject::applyMod - SEARCH NOT FOUND (ABORTING MOD): return $this->config->get('config_ssl') . 'image/' . $new_image;
----------------------------------------------------------------------


---------- Date: 2017-06-07 10:48:25 ~ IP : 83.151.11.252 ----------
REQUEST URI : /index.php?route=journal2/assets/css
MOD DETAILS:
   modFile   : /home/h/hgmgroup/public_html/vqmod/xml/da_journal2_image_cdn.xml
   id        : Journal2 Image CDN
   version   : 1.5.x
   vqmver    : 2.4.0
   author    : digital-atelier.com

File Name    : catalog/model/tool/image.php(0)
VQModObject::applyMod - SEARCH NOT FOUND (ABORTING MOD): return $this->config->get('config_ssl') . 'image/' . $new_image;
----------------------------------------------------------------------


---------- Date: 2017-06-07 10:48:25 ~ IP : 83.151.11.252 ----------
REQUEST URI : /index.php?route=journal2/assets/js
MOD DETAILS:
   modFile   : /home/h/hgmgroup/public_html/vqmod/xml/da_journal2_image_cdn.xml
   id        : Journal2 Image CDN
   version   : 1.5.x
   vqmver    : 2.4.0
   author    : digital-atelier.com

File Name    : catalog/model/tool/image.php(0)
VQModObject::applyMod - SEARCH NOT FOUND (ABORTING MOD): return $this->config->get('config_ssl') . 'image/' . $new_image;
----------------------------------------------------------------------


---------- Date: 2017-06-07 10:48:29 ~ IP : 83.151.11.252 ----------
REQUEST URI : /index.php?route=information/information&amp;information_id=21
MOD DETAILS:
   modFile   : /home/h/hgmgroup/public_html/vqmod/xml/da_journal2_image_cdn.xml
   id        : Journal2 Image CDN
   version   : 1.5.x
   vqmver    : 2.4.0
   author    : digital-atelier.com

File Name    : catalog/model/tool/image.php(0)
VQModObject::applyMod - SEARCH NOT FOUND (ABORTING MOD): return $this->config->get('config_ssl') . 'image/' . $new_image;
----------------------------------------------------------------------


---------- Date: 2017-06-07 10:48:30 ~ IP : 83.151.11.252 ----------
REQUEST URI : /index.php?route=journal2/assets/css
MOD DETAILS:
   modFile   : /home/h/hgmgroup/public_html/vqmod/xml/da_journal2_image_cdn.xml
   id        : Journal2 Image CDN
   version   : 1.5.x
   vqmver    : 2.4.0
   author    : digital-atelier.com

File Name    : catalog/model/tool/image.php(0)
VQModObject::applyMod - SEARCH NOT FOUND (ABORTING MOD): return $this->config->get('config_ssl') . 'image/' . $new_image;
----------------------------------------------------------------------


---------- Date: 2017-06-07 10:48:30 ~ IP : 83.151.11.252 ----------
REQUEST URI : /index.php?route=journal2/assets/js
MOD DETAILS:
   modFile   : /home/h/hgmgroup/public_html/vqmod/xml/da_journal2_image_cdn.xml
   id        : Journal2 Image CDN
   version   : 1.5.x
   vqmver    : 2.4.0
   author    : digital-atelier.com

File Name    : catalog/model/tool/image.php(0)
VQModObject::applyMod - SEARCH NOT FOUND (ABORTING MOD): return $this->config->get('config_ssl') . 'image/' . $new_image;
----------------------------------------------------------------------


---------- Date: 2017-06-07 10:48:33 ~ IP : 83.151.11.252 ----------
REQUEST URI : /index.php?route=information/information&amp;information_id=22
MOD DETAILS:
   modFile   : /home/h/hgmgroup/public_html/vqmod/xml/da_journal2_image_cdn.xml
   id        : Journal2 Image CDN
   version   : 1.5.x
   vqmver    : 2.4.0
   author    : digital-atelier.com

File Name    : catalog/model/tool/image.php(0)
VQModObject::applyMod - SEARCH NOT FOUND (ABORTING MOD): return $this->config->get('config_ssl') . 'image/' . $new_image;
----------------------------------------------------------------------


---------- Date: 2017-06-07 10:48:33 ~ IP : 83.151.11.252 ----------
REQUEST URI : /index.php?route=journal2/assets/css
MOD DETAILS:
   modFile   : /home/h/hgmgroup/public_html/vqmod/xml/da_journal2_image_cdn.xml
   id        : Journal2 Image CDN
   version   : 1.5.x
   vqmver    : 2.4.0
   author    : digital-atelier.com

File Name    : catalog/model/tool/image.php(0)
VQModObject::applyMod - SEARCH NOT FOUND (ABORTING MOD): return $this->config->get('config_ssl') . 'image/' . $new_image;
----------------------------------------------------------------------


---------- Date: 2017-06-07 10:48:34 ~ IP : 83.151.11.252 ----------
REQUEST URI : /index.php?route=journal2/assets/js
MOD DETAILS:
   modFile   : /home/h/hgmgroup/public_html/vqmod/xml/da_journal2_image_cdn.xml
   id        : Journal2 Image CDN
   version   : 1.5.x
   vqmver    : 2.4.0
   author    : digital-atelier.com

File Name    : catalog/model/tool/image.php(0)
VQModObject::applyMod - SEARCH NOT FOUND (ABORTING MOD): return $this->config->get('config_ssl') . 'image/' . $new_image;
----------------------------------------------------------------------


---------- Date: 2017-06-07 11:04:11 ~ IP : 83.151.11.252 ----------
REQUEST URI : /index.php?route=product/category&amp;path=270_278
MOD DETAILS:
   modFile   : /home/h/hgmgroup/public_html/vqmod/xml/da_journal2_image_cdn.xml
   id        : Journal2 Image CDN
   version   : 1.5.x
   vqmver    : 2.4.0
   author    : digital-atelier.com

File Name    : catalog/model/tool/image.php(0)
VQModObject::applyMod - SEARCH NOT FOUND (ABORTING MOD): return $this->config->get('config_ssl') . 'image/' . $new_image;
----------------------------------------------------------------------


---------- Date: 2017-06-07 11:04:11 ~ IP : 83.151.11.252 ----------
REQUEST URI : /index.php?route=journal2/assets/css
MOD DETAILS:
   modFile   : /home/h/hgmgroup/public_html/vqmod/xml/da_journal2_image_cdn.xml
   id        : Journal2 Image CDN
   version   : 1.5.x
   vqmver    : 2.4.0
   author    : digital-atelier.com

File Name    : catalog/model/tool/image.php(0)
VQModObject::applyMod - SEARCH NOT FOUND (ABORTING MOD): return $this->config->get('config_ssl') . 'image/' . $new_image;
----------------------------------------------------------------------


---------- Date: 2017-06-07 11:04:11 ~ IP : 83.151.11.252 ----------
REQUEST URI : /index.php?route=journal2/assets/js
MOD DETAILS:
   modFile   : /home/h/hgmgroup/public_html/vqmod/xml/da_journal2_image_cdn.xml
   id        : Journal2 Image CDN
   version   : 1.5.x
   vqmver    : 2.4.0
   author    : digital-atelier.com

File Name    : catalog/model/tool/image.php(0)
VQModObject::applyMod - SEARCH NOT FOUND (ABORTING MOD): return $this->config->get('config_ssl') . 'image/' . $new_image;
----------------------------------------------------------------------


---------- Date: 2017-06-07 11:04:11 ~ IP : 83.151.11.252 ----------
REQUEST URI : /index.php?route=module/mega_filter/ajaxinfo&amp;path=270_278&amp;mfilterIdx=1&amp;mfilterRoute=cHJvZHVjdC9jYXRlZ29yeQ%3D%3D&amp;mfilterBTypes=price
MOD DETAILS:
   modFile   : /home/h/hgmgroup/public_html/vqmod/xml/da_journal2_image_cdn.xml
   id        : Journal2 Image CDN
   version   : 1.5.x
   vqmver    : 2.4.0
   author    : digital-atelier.com

File Name    : catalog/model/tool/image.php(0)
VQModObject::applyMod - SEARCH NOT FOUND (ABORTING MOD): return $this->config->get('config_ssl') . 'image/' . $new_image;
----------------------------------------------------------------------


---------- Date: 2017-06-07 11:04:14 ~ IP : 83.151.11.252 ----------
REQUEST URI : /index.php?route=information/information&amp;information_id=32
MOD DETAILS:
   modFile   : /home/h/hgmgroup/public_html/vqmod/xml/da_journal2_image_cdn.xml
   id        : Journal2 Image CDN
   version   : 1.5.x
   vqmver    : 2.4.0
   author    : digital-atelier.com

File Name    : catalog/model/tool/image.php(0)
VQModObject::applyMod - SEARCH NOT FOUND (ABORTING MOD): return $this->config->get('config_ssl') . 'image/' . $new_image;
----------------------------------------------------------------------


---------- Date: 2017-06-07 11:04:14 ~ IP : 83.151.11.252 ----------
REQUEST URI : /index.php?route=journal2/assets/css
MOD DETAILS:
   modFile   : /home/h/hgmgroup/public_html/vqmod/xml/da_journal2_image_cdn.xml
   id        : Journal2 Image CDN
   version   : 1.5.x
   vqmver    : 2.4.0
   author    : digital-atelier.com

File Name    : catalog/model/tool/image.php(0)
VQModObject::applyMod - SEARCH NOT FOUND (ABORTING MOD): return $this->config->get('config_ssl') . 'image/' . $new_image;
----------------------------------------------------------------------


---------- Date: 2017-06-07 11:04:14 ~ IP : 83.151.11.252 ----------
REQUEST URI : /index.php?route=journal2/assets/js
MOD DETAILS:
   modFile   : /home/h/hgmgroup/public_html/vqmod/xml/da_journal2_image_cdn.xml
   id        : Journal2 Image CDN
   version   : 1.5.x
   vqmver    : 2.4.0
   author    : digital-atelier.com

File Name    : catalog/model/tool/image.php(0)
VQModObject::applyMod - SEARCH NOT FOUND (ABORTING MOD): return $this->config->get('config_ssl') . 'image/' . $new_image;
----------------------------------------------------------------------


---------- Date: 2017-06-07 11:04:16 ~ IP : 83.151.11.252 ----------
REQUEST URI : /
MOD DETAILS:
   modFile   : /home/h/hgmgroup/public_html/vqmod/xml/da_journal2_image_cdn.xml
   id        : Journal2 Image CDN
   version   : 1.5.x
   vqmver    : 2.4.0
   author    : digital-atelier.com

File Name    : catalog/model/tool/image.php(0)
VQModObject::applyMod - SEARCH NOT FOUND (ABORTING MOD): return $this->config->get('config_ssl') . 'image/' . $new_image;
----------------------------------------------------------------------


---------- Date: 2017-06-07 11:04:17 ~ IP : 83.151.11.252 ----------
REQUEST URI : /index.php?route=journal2/assets/css
MOD DETAILS:
   modFile   : /home/h/hgmgroup/public_html/vqmod/xml/da_journal2_image_cdn.xml
   id        : Journal2 Image CDN
   version   : 1.5.x
   vqmver    : 2.4.0
   author    : digital-atelier.com

File Name    : catalog/model/tool/image.php(0)
VQModObject::applyMod - SEARCH NOT FOUND (ABORTING MOD): return $this->config->get('config_ssl') . 'image/' . $new_image;
----------------------------------------------------------------------


---------- Date: 2017-06-07 11:04:17 ~ IP : 83.151.11.252 ----------
REQUEST URI : /index.php?route=journal2/assets/js
MOD DETAILS:
   modFile   : /home/h/hgmgroup/public_html/vqmod/xml/da_journal2_image_cdn.xml
   id        : Journal2 Image CDN
   version   : 1.5.x
   vqmver    : 2.4.0
   author    : digital-atelier.com

File Name    : catalog/model/tool/image.php(0)
VQModObject::applyMod - SEARCH NOT FOUND (ABORTING MOD): return $this->config->get('config_ssl') . 'image/' . $new_image;
----------------------------------------------------------------------


---------- Date: 2017-06-07 11:04:43 ~ IP : 83.151.11.252 ----------
REQUEST URI : /index.php?route=product/category&amp;path=272
MOD DETAILS:
   modFile   : /home/h/hgmgroup/public_html/vqmod/xml/da_journal2_image_cdn.xml
   id        : Journal2 Image CDN
   version   : 1.5.x
   vqmver    : 2.4.0
   author    : digital-atelier.com

File Name    : catalog/model/tool/image.php(0)
VQModObject::applyMod - SEARCH NOT FOUND (ABORTING MOD): return $this->config->get('config_ssl') . 'image/' . $new_image;
----------------------------------------------------------------------


---------- Date: 2017-06-07 11:04:43 ~ IP : 83.151.11.252 ----------
REQUEST URI : /index.php?route=journal2/assets/css
MOD DETAILS:
   modFile   : /home/h/hgmgroup/public_html/vqmod/xml/da_journal2_image_cdn.xml
   id        : Journal2 Image CDN
   version   : 1.5.x
   vqmver    : 2.4.0
   author    : digital-atelier.com

File Name    : catalog/model/tool/image.php(0)
VQModObject::applyMod - SEARCH NOT FOUND (ABORTING MOD): return $this->config->get('config_ssl') . 'image/' . $new_image;
----------------------------------------------------------------------


---------- Date: 2017-06-07 11:04:43 ~ IP : 83.151.11.252 ----------
REQUEST URI : /index.php?route=journal2/assets/js
MOD DETAILS:
   modFile   : /home/h/hgmgroup/public_html/vqmod/xml/da_journal2_image_cdn.xml
   id        : Journal2 Image CDN
   version   : 1.5.x
   vqmver    : 2.4.0
   author    : digital-atelier.com

File Name    : catalog/model/tool/image.php(0)
VQModObject::applyMod - SEARCH NOT FOUND (ABORTING MOD): return $this->config->get('config_ssl') . 'image/' . $new_image;
----------------------------------------------------------------------


---------- Date: 2017-06-07 11:04:44 ~ IP : 83.151.11.252 ----------
REQUEST URI : /index.php?route=module/mega_filter/ajaxinfo&amp;path=272&amp;mfilterIdx=1&amp;mfilterRoute=cHJvZHVjdC9jYXRlZ29yeQ%3D%3D&amp;mfilterBTypes=price%2Cmanufacturers
MOD DETAILS:
   modFile   : /home/h/hgmgroup/public_html/vqmod/xml/da_journal2_image_cdn.xml
   id        : Journal2 Image CDN
   version   : 1.5.x
   vqmver    : 2.4.0
   author    : digital-atelier.com

File Name    : catalog/model/tool/image.php(0)
VQModObject::applyMod - SEARCH NOT FOUND (ABORTING MOD): return $this->config->get('config_ssl') . 'image/' . $new_image;
----------------------------------------------------------------------


---------- Date: 2017-06-07 14:14:51 ~ IP : 83.151.11.252 ----------
REQUEST URI : /
MOD DETAILS:
   modFile   : /home/h/hgmgroup/public_html/vqmod/xml/da_journal2_image_cdn.xml
   id        : Journal2 Image CDN
   version   : 1.5.x
   vqmver    : 2.4.0
   author    : digital-atelier.com

File Name    : catalog/model/tool/image.php(0)
VQModObject::applyMod - SEARCH NOT FOUND (ABORTING MOD): return $this->config->get('config_ssl') . 'image/' . $new_image;
----------------------------------------------------------------------


---------- Date: 2017-06-07 14:14:51 ~ IP : 83.151.11.252 ----------
REQUEST URI : /index.php?route=journal2/assets/css
MOD DETAILS:
   modFile   : /home/h/hgmgroup/public_html/vqmod/xml/da_journal2_image_cdn.xml
   id        : Journal2 Image CDN
   version   : 1.5.x
   vqmver    : 2.4.0
   author    : digital-atelier.com

File Name    : catalog/model/tool/image.php(0)
VQModObject::applyMod - SEARCH NOT FOUND (ABORTING MOD): return $this->config->get('config_ssl') . 'image/' . $new_image;
----------------------------------------------------------------------


---------- Date: 2017-06-07 14:14:51 ~ IP : 83.151.11.252 ----------
REQUEST URI : /index.php?route=journal2/assets/js
MOD DETAILS:
   modFile   : /home/h/hgmgroup/public_html/vqmod/xml/da_journal2_image_cdn.xml
   id        : Journal2 Image CDN
   version   : 1.5.x
   vqmver    : 2.4.0
   author    : digital-atelier.com

File Name    : catalog/model/tool/image.php(0)
VQModObject::applyMod - SEARCH NOT FOUND (ABORTING MOD): return $this->config->get('config_ssl') . 'image/' . $new_image;
----------------------------------------------------------------------


---------- Date: 2017-06-07 14:15:20 ~ IP : 83.151.11.252 ----------
REQUEST URI : /index.php?route=product/category&amp;path=276
MOD DETAILS:
   modFile   : /home/h/hgmgroup/public_html/vqmod/xml/da_journal2_image_cdn.xml
   id        : Journal2 Image CDN
   version   : 1.5.x
   vqmver    : 2.4.0
   author    : digital-atelier.com

File Name    : catalog/model/tool/image.php(0)
VQModObject::applyMod - SEARCH NOT FOUND (ABORTING MOD): return $this->config->get('config_ssl') . 'image/' . $new_image;
----------------------------------------------------------------------


---------- Date: 2017-06-07 14:15:20 ~ IP : 83.151.11.252 ----------
REQUEST URI : /index.php?route=journal2/assets/css
MOD DETAILS:
   modFile   : /home/h/hgmgroup/public_html/vqmod/xml/da_journal2_image_cdn.xml
   id        : Journal2 Image CDN
   version   : 1.5.x
   vqmver    : 2.4.0
   author    : digital-atelier.com

File Name    : catalog/model/tool/image.php(0)
VQModObject::applyMod - SEARCH NOT FOUND (ABORTING MOD): return $this->config->get('config_ssl') . 'image/' . $new_image;
----------------------------------------------------------------------


---------- Date: 2017-06-07 14:15:21 ~ IP : 83.151.11.252 ----------
REQUEST URI : /index.php?route=journal2/assets/js
MOD DETAILS:
   modFile   : /home/h/hgmgroup/public_html/vqmod/xml/da_journal2_image_cdn.xml
   id        : Journal2 Image CDN
   version   : 1.5.x
   vqmver    : 2.4.0
   author    : digital-atelier.com

File Name    : catalog/model/tool/image.php(0)
VQModObject::applyMod - SEARCH NOT FOUND (ABORTING MOD): return $this->config->get('config_ssl') . 'image/' . $new_image;
----------------------------------------------------------------------


---------- Date: 2017-06-07 14:15:22 ~ IP : 83.151.11.252 ----------
REQUEST URI : /index.php?route=module/mega_filter/ajaxinfo&amp;path=276&amp;mfilterIdx=1&amp;mfilterRoute=cHJvZHVjdC9jYXRlZ29yeQ%3D%3D&amp;mfilterBTypes=price%2Cmanufacturers
MOD DETAILS:
   modFile   : /home/h/hgmgroup/public_html/vqmod/xml/da_journal2_image_cdn.xml
   id        : Journal2 Image CDN
   version   : 1.5.x
   vqmver    : 2.4.0
   author    : digital-atelier.com

File Name    : catalog/model/tool/image.php(0)
VQModObject::applyMod - SEARCH NOT FOUND (ABORTING MOD): return $this->config->get('config_ssl') . 'image/' . $new_image;
----------------------------------------------------------------------


---------- Date: 2017-06-07 14:15:27 ~ IP : 83.151.11.252 ----------
REQUEST URI : /index.php?route=product/category&amp;path=276_291
MOD DETAILS:
   modFile   : /home/h/hgmgroup/public_html/vqmod/xml/da_journal2_image_cdn.xml
   id        : Journal2 Image CDN
   version   : 1.5.x
   vqmver    : 2.4.0
   author    : digital-atelier.com

File Name    : catalog/model/tool/image.php(0)
VQModObject::applyMod - SEARCH NOT FOUND (ABORTING MOD): return $this->config->get('config_ssl') . 'image/' . $new_image;
----------------------------------------------------------------------


---------- Date: 2017-06-07 14:15:28 ~ IP : 83.151.11.252 ----------
REQUEST URI : /index.php?route=journal2/assets/js
MOD DETAILS:
   modFile   : /home/h/hgmgroup/public_html/vqmod/xml/da_journal2_image_cdn.xml
   id        : Journal2 Image CDN
   version   : 1.5.x
   vqmver    : 2.4.0
   author    : digital-atelier.com

File Name    : catalog/model/tool/image.php(0)
VQModObject::applyMod - SEARCH NOT FOUND (ABORTING MOD): return $this->config->get('config_ssl') . 'image/' . $new_image;
----------------------------------------------------------------------


---------- Date: 2017-06-07 14:15:30 ~ IP : 83.151.11.252 ----------
REQUEST URI : /index.php?route=journal2/assets/css
MOD DETAILS:
   modFile   : /home/h/hgmgroup/public_html/vqmod/xml/da_journal2_image_cdn.xml
   id        : Journal2 Image CDN
   version   : 1.5.x
   vqmver    : 2.4.0
   author    : digital-atelier.com

File Name    : catalog/model/tool/image.php(0)
VQModObject::applyMod - SEARCH NOT FOUND (ABORTING MOD): return $this->config->get('config_ssl') . 'image/' . $new_image;
----------------------------------------------------------------------


---------- Date: 2017-06-07 14:15:31 ~ IP : 83.151.11.252 ----------
REQUEST URI : /index.php?route=module/mega_filter/ajaxinfo&amp;path=276_291&amp;mfilterIdx=1&amp;mfilterRoute=cHJvZHVjdC9jYXRlZ29yeQ%3D%3D&amp;mfilterBTypes=price
MOD DETAILS:
   modFile   : /home/h/hgmgroup/public_html/vqmod/xml/da_journal2_image_cdn.xml
   id        : Journal2 Image CDN
   version   : 1.5.x
   vqmver    : 2.4.0
   author    : digital-atelier.com

File Name    : catalog/model/tool/image.php(0)
VQModObject::applyMod - SEARCH NOT FOUND (ABORTING MOD): return $this->config->get('config_ssl') . 'image/' . $new_image;
----------------------------------------------------------------------


---------- Date: 2017-06-07 14:15:33 ~ IP : 83.151.11.252 ----------
REQUEST URI : /index.php?route=product/category&amp;path=270
MOD DETAILS:
   modFile   : /home/h/hgmgroup/public_html/vqmod/xml/da_journal2_image_cdn.xml
   id        : Journal2 Image CDN
   version   : 1.5.x
   vqmver    : 2.4.0
   author    : digital-atelier.com

File Name    : catalog/model/tool/image.php(0)
VQModObject::applyMod - SEARCH NOT FOUND (ABORTING MOD): return $this->config->get('config_ssl') . 'image/' . $new_image;
----------------------------------------------------------------------


---------- Date: 2017-06-07 14:15:35 ~ IP : 83.151.11.252 ----------
REQUEST URI : /index.php?route=journal2/assets/js
MOD DETAILS:
   modFile   : /home/h/hgmgroup/public_html/vqmod/xml/da_journal2_image_cdn.xml
   id        : Journal2 Image CDN
   version   : 1.5.x
   vqmver    : 2.4.0
   author    : digital-atelier.com

File Name    : catalog/model/tool/image.php(0)
VQModObject::applyMod - SEARCH NOT FOUND (ABORTING MOD): return $this->config->get('config_ssl') . 'image/' . $new_image;
----------------------------------------------------------------------


---------- Date: 2017-06-07 14:15:37 ~ IP : 83.151.11.252 ----------
REQUEST URI : /index.php?route=journal2/assets/css
MOD DETAILS:
   modFile   : /home/h/hgmgroup/public_html/vqmod/xml/da_journal2_image_cdn.xml
   id        : Journal2 Image CDN
   version   : 1.5.x
   vqmver    : 2.4.0
   author    : digital-atelier.com

File Name    : catalog/model/tool/image.php(0)
VQModObject::applyMod - SEARCH NOT FOUND (ABORTING MOD): return $this->config->get('config_ssl') . 'image/' . $new_image;
----------------------------------------------------------------------


---------- Date: 2017-06-07 14:15:40 ~ IP : 83.151.11.252 ----------
REQUEST URI : /index.php?route=module/mega_filter/ajaxinfo&amp;path=270&amp;mfilterIdx=1&amp;mfilterRoute=cHJvZHVjdC9jYXRlZ29yeQ%3D%3D&amp;mfilterBTypes=price%2Cmanufacturers
MOD DETAILS:
   modFile   : /home/h/hgmgroup/public_html/vqmod/xml/da_journal2_image_cdn.xml
   id        : Journal2 Image CDN
   version   : 1.5.x
   vqmver    : 2.4.0
   author    : digital-atelier.com

File Name    : catalog/model/tool/image.php(0)
VQModObject::applyMod - SEARCH NOT FOUND (ABORTING MOD): return $this->config->get('config_ssl') . 'image/' . $new_image;
----------------------------------------------------------------------


---------- Date: 2017-06-07 14:26:32 ~ IP : 83.151.11.252 ----------
REQUEST URI : /
MOD DETAILS:
   modFile   : /home/h/hgmgroup/public_html/vqmod/xml/da_journal2_image_cdn.xml
   id        : Journal2 Image CDN
   version   : 1.5.x
   vqmver    : 2.4.0
   author    : digital-atelier.com

File Name    : catalog/model/tool/image.php(0)
VQModObject::applyMod - SEARCH NOT FOUND (ABORTING MOD): return $this->config->get('config_ssl') . 'image/' . $new_image;
----------------------------------------------------------------------


---------- Date: 2017-06-07 14:26:33 ~ IP : 83.151.11.252 ----------
REQUEST URI : /index.php?route=journal2/assets/css
MOD DETAILS:
   modFile   : /home/h/hgmgroup/public_html/vqmod/xml/da_journal2_image_cdn.xml
   id        : Journal2 Image CDN
   version   : 1.5.x
   vqmver    : 2.4.0
   author    : digital-atelier.com

File Name    : catalog/model/tool/image.php(0)
VQModObject::applyMod - SEARCH NOT FOUND (ABORTING MOD): return $this->config->get('config_ssl') . 'image/' . $new_image;
----------------------------------------------------------------------


---------- Date: 2017-06-07 14:26:33 ~ IP : 83.151.11.252 ----------
REQUEST URI : /index.php?route=journal2/assets/js
MOD DETAILS:
   modFile   : /home/h/hgmgroup/public_html/vqmod/xml/da_journal2_image_cdn.xml
   id        : Journal2 Image CDN
   version   : 1.5.x
   vqmver    : 2.4.0
   author    : digital-atelier.com

File Name    : catalog/model/tool/image.php(0)
VQModObject::applyMod - SEARCH NOT FOUND (ABORTING MOD): return $this->config->get('config_ssl') . 'image/' . $new_image;
----------------------------------------------------------------------


---------- Date: 2017-06-07 14:26:45 ~ IP : 83.151.11.252 ----------
REQUEST URI : /index.php?route=module/cart
MOD DETAILS:
   modFile   : /home/h/hgmgroup/public_html/vqmod/xml/da_journal2_image_cdn.xml
   id        : Journal2 Image CDN
   version   : 1.5.x
   vqmver    : 2.4.0
   author    : digital-atelier.com

File Name    : catalog/model/tool/image.php(0)
VQModObject::applyMod - SEARCH NOT FOUND (ABORTING MOD): return $this->config->get('config_ssl') . 'image/' . $new_image;
----------------------------------------------------------------------


---------- Date: 2017-06-07 14:27:20 ~ IP : 83.151.11.252 ----------
REQUEST URI : /index.php?route=information/information&amp;information_id=21
MOD DETAILS:
   modFile   : /home/h/hgmgroup/public_html/vqmod/xml/da_journal2_image_cdn.xml
   id        : Journal2 Image CDN
   version   : 1.5.x
   vqmver    : 2.4.0
   author    : digital-atelier.com

File Name    : catalog/model/tool/image.php(0)
VQModObject::applyMod - SEARCH NOT FOUND (ABORTING MOD): return $this->config->get('config_ssl') . 'image/' . $new_image;
----------------------------------------------------------------------


---------- Date: 2017-06-07 14:27:20 ~ IP : 83.151.11.252 ----------
REQUEST URI : /index.php?route=journal2/assets/css
MOD DETAILS:
   modFile   : /home/h/hgmgroup/public_html/vqmod/xml/da_journal2_image_cdn.xml
   id        : Journal2 Image CDN
   version   : 1.5.x
   vqmver    : 2.4.0
   author    : digital-atelier.com

File Name    : catalog/model/tool/image.php(0)
VQModObject::applyMod - SEARCH NOT FOUND (ABORTING MOD): return $this->config->get('config_ssl') . 'image/' . $new_image;
----------------------------------------------------------------------


---------- Date: 2017-06-07 14:27:20 ~ IP : 83.151.11.252 ----------
REQUEST URI : /index.php?route=journal2/assets/js
MOD DETAILS:
   modFile   : /home/h/hgmgroup/public_html/vqmod/xml/da_journal2_image_cdn.xml
   id        : Journal2 Image CDN
   version   : 1.5.x
   vqmver    : 2.4.0
   author    : digital-atelier.com

File Name    : catalog/model/tool/image.php(0)
VQModObject::applyMod - SEARCH NOT FOUND (ABORTING MOD): return $this->config->get('config_ssl') . 'image/' . $new_image;
----------------------------------------------------------------------


---------- Date: 2017-06-07 14:27:24 ~ IP : 83.151.11.252 ----------
REQUEST URI : /index.php?route=journal2/blog&amp;journal_blog_category_id=6
MOD DETAILS:
   modFile   : /home/h/hgmgroup/public_html/vqmod/xml/da_journal2_image_cdn.xml
   id        : Journal2 Image CDN
   version   : 1.5.x
   vqmver    : 2.4.0
   author    : digital-atelier.com

File Name    : catalog/model/tool/image.php(0)
VQModObject::applyMod - SEARCH NOT FOUND (ABORTING MOD): return $this->config->get('config_ssl') . 'image/' . $new_image;
----------------------------------------------------------------------


---------- Date: 2017-06-07 14:27:24 ~ IP : 83.151.11.252 ----------
REQUEST URI : /index.php?route=journal2/assets/css
MOD DETAILS:
   modFile   : /home/h/hgmgroup/public_html/vqmod/xml/da_journal2_image_cdn.xml
   id        : Journal2 Image CDN
   version   : 1.5.x
   vqmver    : 2.4.0
   author    : digital-atelier.com

File Name    : catalog/model/tool/image.php(0)
VQModObject::applyMod - SEARCH NOT FOUND (ABORTING MOD): return $this->config->get('config_ssl') . 'image/' . $new_image;
----------------------------------------------------------------------


---------- Date: 2017-06-07 14:27:24 ~ IP : 83.151.11.252 ----------
REQUEST URI : /index.php?route=journal2/assets/js
MOD DETAILS:
   modFile   : /home/h/hgmgroup/public_html/vqmod/xml/da_journal2_image_cdn.xml
   id        : Journal2 Image CDN
   version   : 1.5.x
   vqmver    : 2.4.0
   author    : digital-atelier.com

File Name    : catalog/model/tool/image.php(0)
VQModObject::applyMod - SEARCH NOT FOUND (ABORTING MOD): return $this->config->get('config_ssl') . 'image/' . $new_image;
----------------------------------------------------------------------


---------- Date: 2017-06-07 14:27:27 ~ IP : 83.151.11.252 ----------
REQUEST URI : /index.php?route=journal2/blog&amp;journal_blog_category_id=4
MOD DETAILS:
   modFile   : /home/h/hgmgroup/public_html/vqmod/xml/da_journal2_image_cdn.xml
   id        : Journal2 Image CDN
   version   : 1.5.x
   vqmver    : 2.4.0
   author    : digital-atelier.com

File Name    : catalog/model/tool/image.php(0)
VQModObject::applyMod - SEARCH NOT FOUND (ABORTING MOD): return $this->config->get('config_ssl') . 'image/' . $new_image;
----------------------------------------------------------------------


---------- Date: 2017-06-07 14:27:27 ~ IP : 83.151.11.252 ----------
REQUEST URI : /index.php?route=journal2/assets/css
MOD DETAILS:
   modFile   : /home/h/hgmgroup/public_html/vqmod/xml/da_journal2_image_cdn.xml
   id        : Journal2 Image CDN
   version   : 1.5.x
   vqmver    : 2.4.0
   author    : digital-atelier.com

File Name    : catalog/model/tool/image.php(0)
VQModObject::applyMod - SEARCH NOT FOUND (ABORTING MOD): return $this->config->get('config_ssl') . 'image/' . $new_image;
----------------------------------------------------------------------


---------- Date: 2017-06-07 14:27:27 ~ IP : 83.151.11.252 ----------
REQUEST URI : /index.php?route=journal2/assets/js
MOD DETAILS:
   modFile   : /home/h/hgmgroup/public_html/vqmod/xml/da_journal2_image_cdn.xml
   id        : Journal2 Image CDN
   version   : 1.5.x
   vqmver    : 2.4.0
   author    : digital-atelier.com

File Name    : catalog/model/tool/image.php(0)
VQModObject::applyMod - SEARCH NOT FOUND (ABORTING MOD): return $this->config->get('config_ssl') . 'image/' . $new_image;
----------------------------------------------------------------------


---------- Date: 2017-06-07 14:27:30 ~ IP : 83.151.11.252 ----------
REQUEST URI : /index.php?route=journal2/blog&amp;journal_blog_category_id=5
MOD DETAILS:
   modFile   : /home/h/hgmgroup/public_html/vqmod/xml/da_journal2_image_cdn.xml
   id        : Journal2 Image CDN
   version   : 1.5.x
   vqmver    : 2.4.0
   author    : digital-atelier.com

File Name    : catalog/model/tool/image.php(0)
VQModObject::applyMod - SEARCH NOT FOUND (ABORTING MOD): return $this->config->get('config_ssl') . 'image/' . $new_image;
----------------------------------------------------------------------


---------- Date: 2017-06-07 14:27:30 ~ IP : 83.151.11.252 ----------
REQUEST URI : /index.php?route=journal2/assets/css
MOD DETAILS:
   modFile   : /home/h/hgmgroup/public_html/vqmod/xml/da_journal2_image_cdn.xml
   id        : Journal2 Image CDN
   version   : 1.5.x
   vqmver    : 2.4.0
   author    : digital-atelier.com

File Name    : catalog/model/tool/image.php(0)
VQModObject::applyMod - SEARCH NOT FOUND (ABORTING MOD): return $this->config->get('config_ssl') . 'image/' . $new_image;
----------------------------------------------------------------------


---------- Date: 2017-06-07 14:27:31 ~ IP : 83.151.11.252 ----------
REQUEST URI : /index.php?route=journal2/assets/js
MOD DETAILS:
   modFile   : /home/h/hgmgroup/public_html/vqmod/xml/da_journal2_image_cdn.xml
   id        : Journal2 Image CDN
   version   : 1.5.x
   vqmver    : 2.4.0
   author    : digital-atelier.com

File Name    : catalog/model/tool/image.php(0)
VQModObject::applyMod - SEARCH NOT FOUND (ABORTING MOD): return $this->config->get('config_ssl') . 'image/' . $new_image;
----------------------------------------------------------------------


---------- Date: 2017-06-07 14:27:33 ~ IP : 83.151.11.252 ----------
REQUEST URI : /index.php?route=product/category&amp;path=274
MOD DETAILS:
   modFile   : /home/h/hgmgroup/public_html/vqmod/xml/da_journal2_image_cdn.xml
   id        : Journal2 Image CDN
   version   : 1.5.x
   vqmver    : 2.4.0
   author    : digital-atelier.com

File Name    : catalog/model/tool/image.php(0)
VQModObject::applyMod - SEARCH NOT FOUND (ABORTING MOD): return $this->config->get('config_ssl') . 'image/' . $new_image;
----------------------------------------------------------------------


---------- Date: 2017-06-07 14:27:33 ~ IP : 83.151.11.252 ----------
REQUEST URI : /index.php?route=journal2/assets/css
MOD DETAILS:
   modFile   : /home/h/hgmgroup/public_html/vqmod/xml/da_journal2_image_cdn.xml
   id        : Journal2 Image CDN
   version   : 1.5.x
   vqmver    : 2.4.0
   author    : digital-atelier.com

File Name    : catalog/model/tool/image.php(0)
VQModObject::applyMod - SEARCH NOT FOUND (ABORTING MOD): return $this->config->get('config_ssl') . 'image/' . $new_image;
----------------------------------------------------------------------


---------- Date: 2017-06-07 14:27:33 ~ IP : 83.151.11.252 ----------
REQUEST URI : /index.php?route=journal2/assets/js
MOD DETAILS:
   modFile   : /home/h/hgmgroup/public_html/vqmod/xml/da_journal2_image_cdn.xml
   id        : Journal2 Image CDN
   version   : 1.5.x
   vqmver    : 2.4.0
   author    : digital-atelier.com

File Name    : catalog/model/tool/image.php(0)
VQModObject::applyMod - SEARCH NOT FOUND (ABORTING MOD): return $this->config->get('config_ssl') . 'image/' . $new_image;
----------------------------------------------------------------------


---------- Date: 2017-06-07 14:27:34 ~ IP : 83.151.11.252 ----------
REQUEST URI : /index.php?route=module/mega_filter/ajaxinfo&amp;path=274&amp;mfilterIdx=1&amp;mfilterRoute=cHJvZHVjdC9jYXRlZ29yeQ%3D%3D&amp;mfilterBTypes=price%2Cmanufacturers
MOD DETAILS:
   modFile   : /home/h/hgmgroup/public_html/vqmod/xml/da_journal2_image_cdn.xml
   id        : Journal2 Image CDN
   version   : 1.5.x
   vqmver    : 2.4.0
   author    : digital-atelier.com

File Name    : catalog/model/tool/image.php(0)
VQModObject::applyMod - SEARCH NOT FOUND (ABORTING MOD): return $this->config->get('config_ssl') . 'image/' . $new_image;
----------------------------------------------------------------------


---------- Date: 2017-06-07 14:27:36 ~ IP : 83.151.11.252 ----------
REQUEST URI : /index.php?route=information/information&amp;information_id=32
MOD DETAILS:
   modFile   : /home/h/hgmgroup/public_html/vqmod/xml/da_journal2_image_cdn.xml
   id        : Journal2 Image CDN
   version   : 1.5.x
   vqmver    : 2.4.0
   author    : digital-atelier.com

File Name    : catalog/model/tool/image.php(0)
VQModObject::applyMod - SEARCH NOT FOUND (ABORTING MOD): return $this->config->get('config_ssl') . 'image/' . $new_image;
----------------------------------------------------------------------


---------- Date: 2017-06-07 14:27:37 ~ IP : 83.151.11.252 ----------
REQUEST URI : /index.php?route=journal2/assets/css
MOD DETAILS:
   modFile   : /home/h/hgmgroup/public_html/vqmod/xml/da_journal2_image_cdn.xml
   id        : Journal2 Image CDN
   version   : 1.5.x
   vqmver    : 2.4.0
   author    : digital-atelier.com

File Name    : catalog/model/tool/image.php(0)
VQModObject::applyMod - SEARCH NOT FOUND (ABORTING MOD): return $this->config->get('config_ssl') . 'image/' . $new_image;
----------------------------------------------------------------------


---------- Date: 2017-06-07 14:27:37 ~ IP : 83.151.11.252 ----------
REQUEST URI : /index.php?route=journal2/assets/js
MOD DETAILS:
   modFile   : /home/h/hgmgroup/public_html/vqmod/xml/da_journal2_image_cdn.xml
   id        : Journal2 Image CDN
   version   : 1.5.x
   vqmver    : 2.4.0
   author    : digital-atelier.com

File Name    : catalog/model/tool/image.php(0)
VQModObject::applyMod - SEARCH NOT FOUND (ABORTING MOD): return $this->config->get('config_ssl') . 'image/' . $new_image;
----------------------------------------------------------------------


---------- Date: 2017-06-07 14:27:39 ~ IP : 83.151.11.252 ----------
REQUEST URI : /?route=product/phototestimonial
MOD DETAILS:
   modFile   : /home/h/hgmgroup/public_html/vqmod/xml/da_journal2_image_cdn.xml
   id        : Journal2 Image CDN
   version   : 1.5.x
   vqmver    : 2.4.0
   author    : digital-atelier.com

File Name    : catalog/model/tool/image.php(0)
VQModObject::applyMod - SEARCH NOT FOUND (ABORTING MOD): return $this->config->get('config_ssl') . 'image/' . $new_image;
----------------------------------------------------------------------


---------- Date: 2017-06-07 14:27:39 ~ IP : 83.151.11.252 ----------
REQUEST URI : /index.php?route=journal2/assets/css
MOD DETAILS:
   modFile   : /home/h/hgmgroup/public_html/vqmod/xml/da_journal2_image_cdn.xml
   id        : Journal2 Image CDN
   version   : 1.5.x
   vqmver    : 2.4.0
   author    : digital-atelier.com

File Name    : catalog/model/tool/image.php(0)
VQModObject::applyMod - SEARCH NOT FOUND (ABORTING MOD): return $this->config->get('config_ssl') . 'image/' . $new_image;
----------------------------------------------------------------------


---------- Date: 2017-06-07 14:27:40 ~ IP : 83.151.11.252 ----------
REQUEST URI : /index.php?route=journal2/assets/js
MOD DETAILS:
   modFile   : /home/h/hgmgroup/public_html/vqmod/xml/da_journal2_image_cdn.xml
   id        : Journal2 Image CDN
   version   : 1.5.x
   vqmver    : 2.4.0
   author    : digital-atelier.com

File Name    : catalog/model/tool/image.php(0)
VQModObject::applyMod - SEARCH NOT FOUND (ABORTING MOD): return $this->config->get('config_ssl') . 'image/' . $new_image;
----------------------------------------------------------------------


---------- Date: 2017-06-07 14:27:42 ~ IP : 83.151.11.252 ----------
REQUEST URI : /index.php?route=information/information&amp;information_id=33
MOD DETAILS:
   modFile   : /home/h/hgmgroup/public_html/vqmod/xml/da_journal2_image_cdn.xml
   id        : Journal2 Image CDN
   version   : 1.5.x
   vqmver    : 2.4.0
   author    : digital-atelier.com

File Name    : catalog/model/tool/image.php(0)
VQModObject::applyMod - SEARCH NOT FOUND (ABORTING MOD): return $this->config->get('config_ssl') . 'image/' . $new_image;
----------------------------------------------------------------------


---------- Date: 2017-06-07 14:27:43 ~ IP : 83.151.11.252 ----------
REQUEST URI : /index.php?route=journal2/assets/css
MOD DETAILS:
   modFile   : /home/h/hgmgroup/public_html/vqmod/xml/da_journal2_image_cdn.xml
   id        : Journal2 Image CDN
   version   : 1.5.x
   vqmver    : 2.4.0
   author    : digital-atelier.com

File Name    : catalog/model/tool/image.php(0)
VQModObject::applyMod - SEARCH NOT FOUND (ABORTING MOD): return $this->config->get('config_ssl') . 'image/' . $new_image;
----------------------------------------------------------------------


---------- Date: 2017-06-07 14:27:43 ~ IP : 83.151.11.252 ----------
REQUEST URI : /index.php?route=journal2/assets/js
MOD DETAILS:
   modFile   : /home/h/hgmgroup/public_html/vqmod/xml/da_journal2_image_cdn.xml
   id        : Journal2 Image CDN
   version   : 1.5.x
   vqmver    : 2.4.0
   author    : digital-atelier.com

File Name    : catalog/model/tool/image.php(0)
VQModObject::applyMod - SEARCH NOT FOUND (ABORTING MOD): return $this->config->get('config_ssl') . 'image/' . $new_image;
----------------------------------------------------------------------


---------- Date: 2017-06-07 14:27:51 ~ IP : 83.151.11.252 ----------
REQUEST URI : /
MOD DETAILS:
   modFile   : /home/h/hgmgroup/public_html/vqmod/xml/da_journal2_image_cdn.xml
   id        : Journal2 Image CDN
   version   : 1.5.x
   vqmver    : 2.4.0
   author    : digital-atelier.com

File Name    : catalog/model/tool/image.php(0)
VQModObject::applyMod - SEARCH NOT FOUND (ABORTING MOD): return $this->config->get('config_ssl') . 'image/' . $new_image;
----------------------------------------------------------------------


---------- Date: 2017-06-07 14:27:51 ~ IP : 83.151.11.252 ----------
REQUEST URI : /index.php?route=journal2/assets/css
MOD DETAILS:
   modFile   : /home/h/hgmgroup/public_html/vqmod/xml/da_journal2_image_cdn.xml
   id        : Journal2 Image CDN
   version   : 1.5.x
   vqmver    : 2.4.0
   author    : digital-atelier.com

File Name    : catalog/model/tool/image.php(0)
VQModObject::applyMod - SEARCH NOT FOUND (ABORTING MOD): return $this->config->get('config_ssl') . 'image/' . $new_image;
----------------------------------------------------------------------


---------- Date: 2017-06-07 14:27:51 ~ IP : 83.151.11.252 ----------
REQUEST URI : /index.php?route=journal2/assets/js
MOD DETAILS:
   modFile   : /home/h/hgmgroup/public_html/vqmod/xml/da_journal2_image_cdn.xml
   id        : Journal2 Image CDN
   version   : 1.5.x
   vqmver    : 2.4.0
   author    : digital-atelier.com

File Name    : catalog/model/tool/image.php(0)
VQModObject::applyMod - SEARCH NOT FOUND (ABORTING MOD): return $this->config->get('config_ssl') . 'image/' . $new_image;
----------------------------------------------------------------------


---------- Date: 2017-06-07 15:47:13 ~ IP : 217.118.93.189 ----------
REQUEST URI : /
MOD DETAILS:
   modFile   : /home/h/hgmgroup/public_html/vqmod/xml/da_journal2_image_cdn.xml
   id        : Journal2 Image CDN
   version   : 1.5.x
   vqmver    : 2.4.0
   author    : digital-atelier.com

File Name    : catalog/model/tool/image.php(0)
VQModObject::applyMod - SEARCH NOT FOUND (ABORTING MOD): return $this->config->get('config_ssl') . 'image/' . $new_image;
----------------------------------------------------------------------


---------- Date: 2017-06-07 15:47:15 ~ IP : 217.118.93.189 ----------
REQUEST URI : /index.php?route=journal2/assets/css
MOD DETAILS:
   modFile   : /home/h/hgmgroup/public_html/vqmod/xml/da_journal2_image_cdn.xml
   id        : Journal2 Image CDN
   version   : 1.5.x
   vqmver    : 2.4.0
   author    : digital-atelier.com

File Name    : catalog/model/tool/image.php(0)
VQModObject::applyMod - SEARCH NOT FOUND (ABORTING MOD): return $this->config->get('config_ssl') . 'image/' . $new_image;
----------------------------------------------------------------------


---------- Date: 2017-06-07 15:47:16 ~ IP : 217.118.93.189 ----------
REQUEST URI : /index.php?route=journal2/assets/js
MOD DETAILS:
   modFile   : /home/h/hgmgroup/public_html/vqmod/xml/da_journal2_image_cdn.xml
   id        : Journal2 Image CDN
   version   : 1.5.x
   vqmver    : 2.4.0
   author    : digital-atelier.com

File Name    : catalog/model/tool/image.php(0)
VQModObject::applyMod - SEARCH NOT FOUND (ABORTING MOD): return $this->config->get('config_ssl') . 'image/' . $new_image;
----------------------------------------------------------------------


---------- Date: 2017-06-07 16:10:34 ~ IP : 176.113.128.24 ----------
REQUEST URI : /
MOD DETAILS:
   modFile   : /home/h/hgmgroup/public_html/vqmod/xml/da_journal2_image_cdn.xml
   id        : Journal2 Image CDN
   version   : 1.5.x
   vqmver    : 2.4.0
   author    : digital-atelier.com

File Name    : catalog/model/tool/image.php(0)
VQModObject::applyMod - SEARCH NOT FOUND (ABORTING MOD): return $this->config->get('config_ssl') . 'image/' . $new_image;
----------------------------------------------------------------------


---------- Date: 2017-06-07 16:10:34 ~ IP : 176.113.128.24 ----------
REQUEST URI : /index.php?route=journal2/assets/css
MOD DETAILS:
   modFile   : /home/h/hgmgroup/public_html/vqmod/xml/da_journal2_image_cdn.xml
   id        : Journal2 Image CDN
   version   : 1.5.x
   vqmver    : 2.4.0
   author    : digital-atelier.com

File Name    : catalog/model/tool/image.php(0)
VQModObject::applyMod - SEARCH NOT FOUND (ABORTING MOD): return $this->config->get('config_ssl') . 'image/' . $new_image;
----------------------------------------------------------------------


---------- Date: 2017-06-07 16:10:35 ~ IP : 176.113.128.24 ----------
REQUEST URI : /index.php?route=journal2/assets/js
MOD DETAILS:
   modFile   : /home/h/hgmgroup/public_html/vqmod/xml/da_journal2_image_cdn.xml
   id        : Journal2 Image CDN
   version   : 1.5.x
   vqmver    : 2.4.0
   author    : digital-atelier.com

File Name    : catalog/model/tool/image.php(0)
VQModObject::applyMod - SEARCH NOT FOUND (ABORTING MOD): return $this->config->get('config_ssl') . 'image/' . $new_image;
----------------------------------------------------------------------


