---------- Date: 2017-06-03 00:09:57 ~ IP : 176.52.105.210 ----------
REQUEST URI : /
MOD DETAILS:
   modFile   : /home/h/hgmgroup/public_html/vqmod/xml/da_journal2_image_cdn.xml
   id        : Journal2 Image CDN
   version   : 1.5.x
   vqmver    : 2.4.0
   author    : digital-atelier.com

File Name    : catalog/model/tool/image.php(0)
VQModObject::applyMod - SEARCH NOT FOUND (ABORTING MOD): return $this->config->get('config_ssl') . 'image/' . $new_image;
----------------------------------------------------------------------


---------- Date: 2017-06-03 00:09:58 ~ IP : 176.52.105.210 ----------
REQUEST URI : /index.php?route=journal2/assets/css
MOD DETAILS:
   modFile   : /home/h/hgmgroup/public_html/vqmod/xml/da_journal2_image_cdn.xml
   id        : Journal2 Image CDN
   version   : 1.5.x
   vqmver    : 2.4.0
   author    : digital-atelier.com

File Name    : catalog/model/tool/image.php(0)
VQModObject::applyMod - SEARCH NOT FOUND (ABORTING MOD): return $this->config->get('config_ssl') . 'image/' . $new_image;
----------------------------------------------------------------------


---------- Date: 2017-06-03 00:10:00 ~ IP : 176.52.105.210 ----------
REQUEST URI : /index.php?route=journal2/assets/js
MOD DETAILS:
   modFile   : /home/h/hgmgroup/public_html/vqmod/xml/da_journal2_image_cdn.xml
   id        : Journal2 Image CDN
   version   : 1.5.x
   vqmver    : 2.4.0
   author    : digital-atelier.com

File Name    : catalog/model/tool/image.php(0)
VQModObject::applyMod - SEARCH NOT FOUND (ABORTING MOD): return $this->config->get('config_ssl') . 'image/' . $new_image;
----------------------------------------------------------------------


---------- Date: 2017-06-03 00:11:38 ~ IP : 176.52.105.210 ----------
REQUEST URI : /index.php?route=product/category&amp;path=270
MOD DETAILS:
   modFile   : /home/h/hgmgroup/public_html/vqmod/xml/da_journal2_image_cdn.xml
   id        : Journal2 Image CDN
   version   : 1.5.x
   vqmver    : 2.4.0
   author    : digital-atelier.com

File Name    : catalog/model/tool/image.php(0)
VQModObject::applyMod - SEARCH NOT FOUND (ABORTING MOD): return $this->config->get('config_ssl') . 'image/' . $new_image;
----------------------------------------------------------------------


---------- Date: 2017-06-03 00:11:38 ~ IP : 176.52.105.210 ----------
REQUEST URI : /index.php?route=journal2/assets/css
MOD DETAILS:
   modFile   : /home/h/hgmgroup/public_html/vqmod/xml/da_journal2_image_cdn.xml
   id        : Journal2 Image CDN
   version   : 1.5.x
   vqmver    : 2.4.0
   author    : digital-atelier.com

File Name    : catalog/model/tool/image.php(0)
VQModObject::applyMod - SEARCH NOT FOUND (ABORTING MOD): return $this->config->get('config_ssl') . 'image/' . $new_image;
----------------------------------------------------------------------


---------- Date: 2017-06-03 00:11:38 ~ IP : 176.52.105.210 ----------
REQUEST URI : /index.php?route=journal2/assets/js
MOD DETAILS:
   modFile   : /home/h/hgmgroup/public_html/vqmod/xml/da_journal2_image_cdn.xml
   id        : Journal2 Image CDN
   version   : 1.5.x
   vqmver    : 2.4.0
   author    : digital-atelier.com

File Name    : catalog/model/tool/image.php(0)
VQModObject::applyMod - SEARCH NOT FOUND (ABORTING MOD): return $this->config->get('config_ssl') . 'image/' . $new_image;
----------------------------------------------------------------------


---------- Date: 2017-06-03 00:11:39 ~ IP : 176.52.105.210 ----------
REQUEST URI : /index.php?route=module/mega_filter/ajaxinfo&amp;path=270&amp;mfilterIdx=1&amp;mfilterRoute=cHJvZHVjdC9jYXRlZ29yeQ%3D%3D&amp;mfilterBTypes=price%2Cmanufacturers
MOD DETAILS:
   modFile   : /home/h/hgmgroup/public_html/vqmod/xml/da_journal2_image_cdn.xml
   id        : Journal2 Image CDN
   version   : 1.5.x
   vqmver    : 2.4.0
   author    : digital-atelier.com

File Name    : catalog/model/tool/image.php(0)
VQModObject::applyMod - SEARCH NOT FOUND (ABORTING MOD): return $this->config->get('config_ssl') . 'image/' . $new_image;
----------------------------------------------------------------------


---------- Date: 2017-06-03 00:11:44 ~ IP : 176.52.105.210 ----------
REQUEST URI : /index.php?route=information/information&amp;information_id=24
MOD DETAILS:
   modFile   : /home/h/hgmgroup/public_html/vqmod/xml/da_journal2_image_cdn.xml
   id        : Journal2 Image CDN
   version   : 1.5.x
   vqmver    : 2.4.0
   author    : digital-atelier.com

File Name    : catalog/model/tool/image.php(0)
VQModObject::applyMod - SEARCH NOT FOUND (ABORTING MOD): return $this->config->get('config_ssl') . 'image/' . $new_image;
----------------------------------------------------------------------


---------- Date: 2017-06-03 00:11:44 ~ IP : 176.52.105.210 ----------
REQUEST URI : /index.php?route=journal2/assets/css
MOD DETAILS:
   modFile   : /home/h/hgmgroup/public_html/vqmod/xml/da_journal2_image_cdn.xml
   id        : Journal2 Image CDN
   version   : 1.5.x
   vqmver    : 2.4.0
   author    : digital-atelier.com

File Name    : catalog/model/tool/image.php(0)
VQModObject::applyMod - SEARCH NOT FOUND (ABORTING MOD): return $this->config->get('config_ssl') . 'image/' . $new_image;
----------------------------------------------------------------------


---------- Date: 2017-06-03 00:11:44 ~ IP : 176.52.105.210 ----------
REQUEST URI : /index.php?route=journal2/assets/js
MOD DETAILS:
   modFile   : /home/h/hgmgroup/public_html/vqmod/xml/da_journal2_image_cdn.xml
   id        : Journal2 Image CDN
   version   : 1.5.x
   vqmver    : 2.4.0
   author    : digital-atelier.com

File Name    : catalog/model/tool/image.php(0)
VQModObject::applyMod - SEARCH NOT FOUND (ABORTING MOD): return $this->config->get('config_ssl') . 'image/' . $new_image;
----------------------------------------------------------------------


---------- Date: 2017-06-03 00:11:46 ~ IP : 176.52.105.210 ----------
REQUEST URI : /index.php?route=information/information&amp;information_id=21
MOD DETAILS:
   modFile   : /home/h/hgmgroup/public_html/vqmod/xml/da_journal2_image_cdn.xml
   id        : Journal2 Image CDN
   version   : 1.5.x
   vqmver    : 2.4.0
   author    : digital-atelier.com

File Name    : catalog/model/tool/image.php(0)
VQModObject::applyMod - SEARCH NOT FOUND (ABORTING MOD): return $this->config->get('config_ssl') . 'image/' . $new_image;
----------------------------------------------------------------------


---------- Date: 2017-06-03 00:11:47 ~ IP : 176.52.105.210 ----------
REQUEST URI : /index.php?route=journal2/assets/css
MOD DETAILS:
   modFile   : /home/h/hgmgroup/public_html/vqmod/xml/da_journal2_image_cdn.xml
   id        : Journal2 Image CDN
   version   : 1.5.x
   vqmver    : 2.4.0
   author    : digital-atelier.com

File Name    : catalog/model/tool/image.php(0)
VQModObject::applyMod - SEARCH NOT FOUND (ABORTING MOD): return $this->config->get('config_ssl') . 'image/' . $new_image;
----------------------------------------------------------------------


---------- Date: 2017-06-03 00:11:47 ~ IP : 176.52.105.210 ----------
REQUEST URI : /index.php?route=journal2/assets/js
MOD DETAILS:
   modFile   : /home/h/hgmgroup/public_html/vqmod/xml/da_journal2_image_cdn.xml
   id        : Journal2 Image CDN
   version   : 1.5.x
   vqmver    : 2.4.0
   author    : digital-atelier.com

File Name    : catalog/model/tool/image.php(0)
VQModObject::applyMod - SEARCH NOT FOUND (ABORTING MOD): return $this->config->get('config_ssl') . 'image/' . $new_image;
----------------------------------------------------------------------


---------- Date: 2017-06-03 00:11:48 ~ IP : 176.52.105.210 ----------
REQUEST URI : /index.php?route=information/information&amp;information_id=21
MOD DETAILS:
   modFile   : /home/h/hgmgroup/public_html/vqmod/xml/da_journal2_image_cdn.xml
   id        : Journal2 Image CDN
   version   : 1.5.x
   vqmver    : 2.4.0
   author    : digital-atelier.com

File Name    : catalog/model/tool/image.php(0)
VQModObject::applyMod - SEARCH NOT FOUND (ABORTING MOD): return $this->config->get('config_ssl') . 'image/' . $new_image;
----------------------------------------------------------------------


---------- Date: 2017-06-03 00:11:48 ~ IP : 176.52.105.210 ----------
REQUEST URI : /index.php?route=journal2/assets/css
MOD DETAILS:
   modFile   : /home/h/hgmgroup/public_html/vqmod/xml/da_journal2_image_cdn.xml
   id        : Journal2 Image CDN
   version   : 1.5.x
   vqmver    : 2.4.0
   author    : digital-atelier.com

File Name    : catalog/model/tool/image.php(0)
VQModObject::applyMod - SEARCH NOT FOUND (ABORTING MOD): return $this->config->get('config_ssl') . 'image/' . $new_image;
----------------------------------------------------------------------


---------- Date: 2017-06-03 00:11:49 ~ IP : 176.52.105.210 ----------
REQUEST URI : /index.php?route=journal2/assets/js
MOD DETAILS:
   modFile   : /home/h/hgmgroup/public_html/vqmod/xml/da_journal2_image_cdn.xml
   id        : Journal2 Image CDN
   version   : 1.5.x
   vqmver    : 2.4.0
   author    : digital-atelier.com

File Name    : catalog/model/tool/image.php(0)
VQModObject::applyMod - SEARCH NOT FOUND (ABORTING MOD): return $this->config->get('config_ssl') . 'image/' . $new_image;
----------------------------------------------------------------------


---------- Date: 2017-06-03 00:11:50 ~ IP : 176.52.105.210 ----------
REQUEST URI : /index.php?route=information/information&amp;information_id=20
MOD DETAILS:
   modFile   : /home/h/hgmgroup/public_html/vqmod/xml/da_journal2_image_cdn.xml
   id        : Journal2 Image CDN
   version   : 1.5.x
   vqmver    : 2.4.0
   author    : digital-atelier.com

File Name    : catalog/model/tool/image.php(0)
VQModObject::applyMod - SEARCH NOT FOUND (ABORTING MOD): return $this->config->get('config_ssl') . 'image/' . $new_image;
----------------------------------------------------------------------


---------- Date: 2017-06-03 00:11:50 ~ IP : 176.52.105.210 ----------
REQUEST URI : /index.php?route=journal2/assets/css
MOD DETAILS:
   modFile   : /home/h/hgmgroup/public_html/vqmod/xml/da_journal2_image_cdn.xml
   id        : Journal2 Image CDN
   version   : 1.5.x
   vqmver    : 2.4.0
   author    : digital-atelier.com

File Name    : catalog/model/tool/image.php(0)
VQModObject::applyMod - SEARCH NOT FOUND (ABORTING MOD): return $this->config->get('config_ssl') . 'image/' . $new_image;
----------------------------------------------------------------------


---------- Date: 2017-06-03 00:11:50 ~ IP : 176.52.105.210 ----------
REQUEST URI : /index.php?route=journal2/assets/js
MOD DETAILS:
   modFile   : /home/h/hgmgroup/public_html/vqmod/xml/da_journal2_image_cdn.xml
   id        : Journal2 Image CDN
   version   : 1.5.x
   vqmver    : 2.4.0
   author    : digital-atelier.com

File Name    : catalog/model/tool/image.php(0)
VQModObject::applyMod - SEARCH NOT FOUND (ABORTING MOD): return $this->config->get('config_ssl') . 'image/' . $new_image;
----------------------------------------------------------------------


---------- Date: 2017-06-03 00:11:53 ~ IP : 176.52.105.210 ----------
REQUEST URI : /index.php?route=product/category&amp;path=271
MOD DETAILS:
   modFile   : /home/h/hgmgroup/public_html/vqmod/xml/da_journal2_image_cdn.xml
   id        : Journal2 Image CDN
   version   : 1.5.x
   vqmver    : 2.4.0
   author    : digital-atelier.com

File Name    : catalog/model/tool/image.php(0)
VQModObject::applyMod - SEARCH NOT FOUND (ABORTING MOD): return $this->config->get('config_ssl') . 'image/' . $new_image;
----------------------------------------------------------------------


---------- Date: 2017-06-03 00:11:53 ~ IP : 176.52.105.210 ----------
REQUEST URI : /index.php?route=journal2/assets/css
MOD DETAILS:
   modFile   : /home/h/hgmgroup/public_html/vqmod/xml/da_journal2_image_cdn.xml
   id        : Journal2 Image CDN
   version   : 1.5.x
   vqmver    : 2.4.0
   author    : digital-atelier.com

File Name    : catalog/model/tool/image.php(0)
VQModObject::applyMod - SEARCH NOT FOUND (ABORTING MOD): return $this->config->get('config_ssl') . 'image/' . $new_image;
----------------------------------------------------------------------


---------- Date: 2017-06-03 00:11:53 ~ IP : 176.52.105.210 ----------
REQUEST URI : /index.php?route=journal2/assets/js
MOD DETAILS:
   modFile   : /home/h/hgmgroup/public_html/vqmod/xml/da_journal2_image_cdn.xml
   id        : Journal2 Image CDN
   version   : 1.5.x
   vqmver    : 2.4.0
   author    : digital-atelier.com

File Name    : catalog/model/tool/image.php(0)
VQModObject::applyMod - SEARCH NOT FOUND (ABORTING MOD): return $this->config->get('config_ssl') . 'image/' . $new_image;
----------------------------------------------------------------------


---------- Date: 2017-06-03 00:11:54 ~ IP : 176.52.105.210 ----------
REQUEST URI : /index.php?route=module/mega_filter/ajaxinfo&amp;path=271&amp;mfilterIdx=1&amp;mfilterRoute=cHJvZHVjdC9jYXRlZ29yeQ%3D%3D&amp;mfilterBTypes=price%2Cmanufacturers
MOD DETAILS:
   modFile   : /home/h/hgmgroup/public_html/vqmod/xml/da_journal2_image_cdn.xml
   id        : Journal2 Image CDN
   version   : 1.5.x
   vqmver    : 2.4.0
   author    : digital-atelier.com

File Name    : catalog/model/tool/image.php(0)
VQModObject::applyMod - SEARCH NOT FOUND (ABORTING MOD): return $this->config->get('config_ssl') . 'image/' . $new_image;
----------------------------------------------------------------------


---------- Date: 2017-06-03 00:12:22 ~ IP : 176.52.105.210 ----------
REQUEST URI : /index.php?route=product/category&amp;path=270
MOD DETAILS:
   modFile   : /home/h/hgmgroup/public_html/vqmod/xml/da_journal2_image_cdn.xml
   id        : Journal2 Image CDN
   version   : 1.5.x
   vqmver    : 2.4.0
   author    : digital-atelier.com

File Name    : catalog/model/tool/image.php(0)
VQModObject::applyMod - SEARCH NOT FOUND (ABORTING MOD): return $this->config->get('config_ssl') . 'image/' . $new_image;
----------------------------------------------------------------------


---------- Date: 2017-06-03 00:12:22 ~ IP : 176.52.105.210 ----------
REQUEST URI : /index.php?route=journal2/assets/css
MOD DETAILS:
   modFile   : /home/h/hgmgroup/public_html/vqmod/xml/da_journal2_image_cdn.xml
   id        : Journal2 Image CDN
   version   : 1.5.x
   vqmver    : 2.4.0
   author    : digital-atelier.com

File Name    : catalog/model/tool/image.php(0)
VQModObject::applyMod - SEARCH NOT FOUND (ABORTING MOD): return $this->config->get('config_ssl') . 'image/' . $new_image;
----------------------------------------------------------------------


---------- Date: 2017-06-03 00:12:22 ~ IP : 176.52.105.210 ----------
REQUEST URI : /index.php?route=journal2/assets/js
MOD DETAILS:
   modFile   : /home/h/hgmgroup/public_html/vqmod/xml/da_journal2_image_cdn.xml
   id        : Journal2 Image CDN
   version   : 1.5.x
   vqmver    : 2.4.0
   author    : digital-atelier.com

File Name    : catalog/model/tool/image.php(0)
VQModObject::applyMod - SEARCH NOT FOUND (ABORTING MOD): return $this->config->get('config_ssl') . 'image/' . $new_image;
----------------------------------------------------------------------


---------- Date: 2017-06-03 00:12:23 ~ IP : 176.52.105.210 ----------
REQUEST URI : /index.php?route=module/mega_filter/ajaxinfo&amp;path=270&amp;mfilterIdx=1&amp;mfilterRoute=cHJvZHVjdC9jYXRlZ29yeQ%3D%3D&amp;mfilterBTypes=price%2Cmanufacturers
MOD DETAILS:
   modFile   : /home/h/hgmgroup/public_html/vqmod/xml/da_journal2_image_cdn.xml
   id        : Journal2 Image CDN
   version   : 1.5.x
   vqmver    : 2.4.0
   author    : digital-atelier.com

File Name    : catalog/model/tool/image.php(0)
VQModObject::applyMod - SEARCH NOT FOUND (ABORTING MOD): return $this->config->get('config_ssl') . 'image/' . $new_image;
----------------------------------------------------------------------


---------- Date: 2017-06-03 00:12:31 ~ IP : 176.52.105.210 ----------
REQUEST URI : /
MOD DETAILS:
   modFile   : /home/h/hgmgroup/public_html/vqmod/xml/da_journal2_image_cdn.xml
   id        : Journal2 Image CDN
   version   : 1.5.x
   vqmver    : 2.4.0
   author    : digital-atelier.com

File Name    : catalog/model/tool/image.php(0)
VQModObject::applyMod - SEARCH NOT FOUND (ABORTING MOD): return $this->config->get('config_ssl') . 'image/' . $new_image;
----------------------------------------------------------------------


---------- Date: 2017-06-03 00:12:31 ~ IP : 176.52.105.210 ----------
REQUEST URI : /index.php?route=journal2/assets/css
MOD DETAILS:
   modFile   : /home/h/hgmgroup/public_html/vqmod/xml/da_journal2_image_cdn.xml
   id        : Journal2 Image CDN
   version   : 1.5.x
   vqmver    : 2.4.0
   author    : digital-atelier.com

File Name    : catalog/model/tool/image.php(0)
VQModObject::applyMod - SEARCH NOT FOUND (ABORTING MOD): return $this->config->get('config_ssl') . 'image/' . $new_image;
----------------------------------------------------------------------


---------- Date: 2017-06-03 00:12:31 ~ IP : 176.52.105.210 ----------
REQUEST URI : /index.php?route=journal2/assets/js
MOD DETAILS:
   modFile   : /home/h/hgmgroup/public_html/vqmod/xml/da_journal2_image_cdn.xml
   id        : Journal2 Image CDN
   version   : 1.5.x
   vqmver    : 2.4.0
   author    : digital-atelier.com

File Name    : catalog/model/tool/image.php(0)
VQModObject::applyMod - SEARCH NOT FOUND (ABORTING MOD): return $this->config->get('config_ssl') . 'image/' . $new_image;
----------------------------------------------------------------------


---------- Date: 2017-06-03 00:12:56 ~ IP : 176.52.105.210 ----------
REQUEST URI : /index.php?route=module/cart
MOD DETAILS:
   modFile   : /home/h/hgmgroup/public_html/vqmod/xml/da_journal2_image_cdn.xml
   id        : Journal2 Image CDN
   version   : 1.5.x
   vqmver    : 2.4.0
   author    : digital-atelier.com

File Name    : catalog/model/tool/image.php(0)
VQModObject::applyMod - SEARCH NOT FOUND (ABORTING MOD): return $this->config->get('config_ssl') . 'image/' . $new_image;
----------------------------------------------------------------------


---------- Date: 2017-06-03 05:59:59 ~ IP : 188.162.73.188 ----------
REQUEST URI : /index.php?route=common/home
MOD DETAILS:
   modFile   : /home/h/hgmgroup/public_html/vqmod/xml/da_journal2_image_cdn.xml
   id        : Journal2 Image CDN
   version   : 1.5.x
   vqmver    : 2.4.0
   author    : digital-atelier.com

File Name    : catalog/model/tool/image.php(0)
VQModObject::applyMod - SEARCH NOT FOUND (ABORTING MOD): return $this->config->get('config_ssl') . 'image/' . $new_image;
----------------------------------------------------------------------


---------- Date: 2017-06-03 05:59:59 ~ IP : 188.162.73.188 ----------
REQUEST URI : /index.php?route=journal2/assets/css
MOD DETAILS:
   modFile   : /home/h/hgmgroup/public_html/vqmod/xml/da_journal2_image_cdn.xml
   id        : Journal2 Image CDN
   version   : 1.5.x
   vqmver    : 2.4.0
   author    : digital-atelier.com

File Name    : catalog/model/tool/image.php(0)
VQModObject::applyMod - SEARCH NOT FOUND (ABORTING MOD): return $this->config->get('config_ssl') . 'image/' . $new_image;
----------------------------------------------------------------------


---------- Date: 2017-06-03 05:59:59 ~ IP : 188.162.73.188 ----------
REQUEST URI : /index.php?route=journal2/assets/js
MOD DETAILS:
   modFile   : /home/h/hgmgroup/public_html/vqmod/xml/da_journal2_image_cdn.xml
   id        : Journal2 Image CDN
   version   : 1.5.x
   vqmver    : 2.4.0
   author    : digital-atelier.com

File Name    : catalog/model/tool/image.php(0)
VQModObject::applyMod - SEARCH NOT FOUND (ABORTING MOD): return $this->config->get('config_ssl') . 'image/' . $new_image;
----------------------------------------------------------------------


---------- Date: 2017-06-03 06:00:04 ~ IP : 188.162.73.188 ----------
REQUEST URI : /index.php?route=module/cart
MOD DETAILS:
   modFile   : /home/h/hgmgroup/public_html/vqmod/xml/da_journal2_image_cdn.xml
   id        : Journal2 Image CDN
   version   : 1.5.x
   vqmver    : 2.4.0
   author    : digital-atelier.com

File Name    : catalog/model/tool/image.php(0)
VQModObject::applyMod - SEARCH NOT FOUND (ABORTING MOD): return $this->config->get('config_ssl') . 'image/' . $new_image;
----------------------------------------------------------------------


---------- Date: 2017-06-03 06:00:06 ~ IP : 188.162.73.188 ----------
REQUEST URI : /index.php?route=common/home
MOD DETAILS:
   modFile   : /home/h/hgmgroup/public_html/vqmod/xml/da_journal2_image_cdn.xml
   id        : Journal2 Image CDN
   version   : 1.5.x
   vqmver    : 2.4.0
   author    : digital-atelier.com

File Name    : catalog/model/tool/image.php(0)
VQModObject::applyMod - SEARCH NOT FOUND (ABORTING MOD): return $this->config->get('config_ssl') . 'image/' . $new_image;
----------------------------------------------------------------------


---------- Date: 2017-06-03 06:00:06 ~ IP : 188.162.73.188 ----------
REQUEST URI : /index.php?route=journal2/assets/css
MOD DETAILS:
   modFile   : /home/h/hgmgroup/public_html/vqmod/xml/da_journal2_image_cdn.xml
   id        : Journal2 Image CDN
   version   : 1.5.x
   vqmver    : 2.4.0
   author    : digital-atelier.com

File Name    : catalog/model/tool/image.php(0)
VQModObject::applyMod - SEARCH NOT FOUND (ABORTING MOD): return $this->config->get('config_ssl') . 'image/' . $new_image;
----------------------------------------------------------------------


---------- Date: 2017-06-03 06:00:07 ~ IP : 188.162.73.188 ----------
REQUEST URI : /index.php?route=journal2/assets/js
MOD DETAILS:
   modFile   : /home/h/hgmgroup/public_html/vqmod/xml/da_journal2_image_cdn.xml
   id        : Journal2 Image CDN
   version   : 1.5.x
   vqmver    : 2.4.0
   author    : digital-atelier.com

File Name    : catalog/model/tool/image.php(0)
VQModObject::applyMod - SEARCH NOT FOUND (ABORTING MOD): return $this->config->get('config_ssl') . 'image/' . $new_image;
----------------------------------------------------------------------


---------- Date: 2017-06-03 06:39:45 ~ IP : 188.162.73.188 ----------
REQUEST URI : /index.php?route=common/home
MOD DETAILS:
   modFile   : /home/h/hgmgroup/public_html/vqmod/xml/da_journal2_image_cdn.xml
   id        : Journal2 Image CDN
   version   : 1.5.x
   vqmver    : 2.4.0
   author    : digital-atelier.com

File Name    : catalog/model/tool/image.php(0)
VQModObject::applyMod - SEARCH NOT FOUND (ABORTING MOD): return $this->config->get('config_ssl') . 'image/' . $new_image;
----------------------------------------------------------------------


---------- Date: 2017-06-03 06:39:46 ~ IP : 188.162.73.188 ----------
REQUEST URI : /index.php?route=journal2/assets/css
MOD DETAILS:
   modFile   : /home/h/hgmgroup/public_html/vqmod/xml/da_journal2_image_cdn.xml
   id        : Journal2 Image CDN
   version   : 1.5.x
   vqmver    : 2.4.0
   author    : digital-atelier.com

File Name    : catalog/model/tool/image.php(0)
VQModObject::applyMod - SEARCH NOT FOUND (ABORTING MOD): return $this->config->get('config_ssl') . 'image/' . $new_image;
----------------------------------------------------------------------


---------- Date: 2017-06-03 06:39:47 ~ IP : 188.162.73.188 ----------
REQUEST URI : /index.php?route=journal2/assets/js
MOD DETAILS:
   modFile   : /home/h/hgmgroup/public_html/vqmod/xml/da_journal2_image_cdn.xml
   id        : Journal2 Image CDN
   version   : 1.5.x
   vqmver    : 2.4.0
   author    : digital-atelier.com

File Name    : catalog/model/tool/image.php(0)
VQModObject::applyMod - SEARCH NOT FOUND (ABORTING MOD): return $this->config->get('config_ssl') . 'image/' . $new_image;
----------------------------------------------------------------------


---------- Date: 2017-06-03 09:34:44 ~ IP : 188.162.73.188 ----------
REQUEST URI : /index.php?route=common/home
MOD DETAILS:
   modFile   : /home/h/hgmgroup/public_html/vqmod/xml/da_journal2_image_cdn.xml
   id        : Journal2 Image CDN
   version   : 1.5.x
   vqmver    : 2.4.0
   author    : digital-atelier.com

File Name    : catalog/model/tool/image.php(0)
VQModObject::applyMod - SEARCH NOT FOUND (ABORTING MOD): return $this->config->get('config_ssl') . 'image/' . $new_image;
----------------------------------------------------------------------


---------- Date: 2017-06-03 09:34:45 ~ IP : 188.162.73.188 ----------
REQUEST URI : /index.php?route=journal2/assets/css
MOD DETAILS:
   modFile   : /home/h/hgmgroup/public_html/vqmod/xml/da_journal2_image_cdn.xml
   id        : Journal2 Image CDN
   version   : 1.5.x
   vqmver    : 2.4.0
   author    : digital-atelier.com

File Name    : catalog/model/tool/image.php(0)
VQModObject::applyMod - SEARCH NOT FOUND (ABORTING MOD): return $this->config->get('config_ssl') . 'image/' . $new_image;
----------------------------------------------------------------------


---------- Date: 2017-06-03 09:34:46 ~ IP : 188.162.73.188 ----------
REQUEST URI : /index.php?route=journal2/assets/js
MOD DETAILS:
   modFile   : /home/h/hgmgroup/public_html/vqmod/xml/da_journal2_image_cdn.xml
   id        : Journal2 Image CDN
   version   : 1.5.x
   vqmver    : 2.4.0
   author    : digital-atelier.com

File Name    : catalog/model/tool/image.php(0)
VQModObject::applyMod - SEARCH NOT FOUND (ABORTING MOD): return $this->config->get('config_ssl') . 'image/' . $new_image;
----------------------------------------------------------------------


---------- Date: 2017-06-03 14:37:07 ~ IP : 188.162.73.188 ----------
REQUEST URI : /index.php?route=common/home
MOD DETAILS:
   modFile   : /home/h/hgmgroup/public_html/vqmod/xml/da_journal2_image_cdn.xml
   id        : Journal2 Image CDN
   version   : 1.5.x
   vqmver    : 2.4.0
   author    : digital-atelier.com

File Name    : catalog/model/tool/image.php(0)
VQModObject::applyMod - SEARCH NOT FOUND (ABORTING MOD): return $this->config->get('config_ssl') . 'image/' . $new_image;
----------------------------------------------------------------------


---------- Date: 2017-06-03 14:37:08 ~ IP : 188.162.73.188 ----------
REQUEST URI : /index.php?route=journal2/assets/css
MOD DETAILS:
   modFile   : /home/h/hgmgroup/public_html/vqmod/xml/da_journal2_image_cdn.xml
   id        : Journal2 Image CDN
   version   : 1.5.x
   vqmver    : 2.4.0
   author    : digital-atelier.com

File Name    : catalog/model/tool/image.php(0)
VQModObject::applyMod - SEARCH NOT FOUND (ABORTING MOD): return $this->config->get('config_ssl') . 'image/' . $new_image;
----------------------------------------------------------------------


---------- Date: 2017-06-03 14:37:08 ~ IP : 188.162.73.188 ----------
REQUEST URI : /index.php?route=journal2/assets/js
MOD DETAILS:
   modFile   : /home/h/hgmgroup/public_html/vqmod/xml/da_journal2_image_cdn.xml
   id        : Journal2 Image CDN
   version   : 1.5.x
   vqmver    : 2.4.0
   author    : digital-atelier.com

File Name    : catalog/model/tool/image.php(0)
VQModObject::applyMod - SEARCH NOT FOUND (ABORTING MOD): return $this->config->get('config_ssl') . 'image/' . $new_image;
----------------------------------------------------------------------


---------- Date: 2017-06-03 14:37:21 ~ IP : 188.162.73.188 ----------
REQUEST URI : /index.php?route=common/home
MOD DETAILS:
   modFile   : /home/h/hgmgroup/public_html/vqmod/xml/da_journal2_image_cdn.xml
   id        : Journal2 Image CDN
   version   : 1.5.x
   vqmver    : 2.4.0
   author    : digital-atelier.com

File Name    : catalog/model/tool/image.php(0)
VQModObject::applyMod - SEARCH NOT FOUND (ABORTING MOD): return $this->config->get('config_ssl') . 'image/' . $new_image;
----------------------------------------------------------------------


---------- Date: 2017-06-03 14:37:22 ~ IP : 188.162.73.188 ----------
REQUEST URI : /index.php?route=journal2/assets/css
MOD DETAILS:
   modFile   : /home/h/hgmgroup/public_html/vqmod/xml/da_journal2_image_cdn.xml
   id        : Journal2 Image CDN
   version   : 1.5.x
   vqmver    : 2.4.0
   author    : digital-atelier.com

File Name    : catalog/model/tool/image.php(0)
VQModObject::applyMod - SEARCH NOT FOUND (ABORTING MOD): return $this->config->get('config_ssl') . 'image/' . $new_image;
----------------------------------------------------------------------


---------- Date: 2017-06-03 14:37:22 ~ IP : 188.162.73.188 ----------
REQUEST URI : /index.php?route=journal2/assets/js
MOD DETAILS:
   modFile   : /home/h/hgmgroup/public_html/vqmod/xml/da_journal2_image_cdn.xml
   id        : Journal2 Image CDN
   version   : 1.5.x
   vqmver    : 2.4.0
   author    : digital-atelier.com

File Name    : catalog/model/tool/image.php(0)
VQModObject::applyMod - SEARCH NOT FOUND (ABORTING MOD): return $this->config->get('config_ssl') . 'image/' . $new_image;
----------------------------------------------------------------------


---------- Date: 2017-06-03 14:37:52 ~ IP : 188.162.73.188 ----------
REQUEST URI : /
MOD DETAILS:
   modFile   : /home/h/hgmgroup/public_html/vqmod/xml/da_journal2_image_cdn.xml
   id        : Journal2 Image CDN
   version   : 1.5.x
   vqmver    : 2.4.0
   author    : digital-atelier.com

File Name    : catalog/model/tool/image.php(0)
VQModObject::applyMod - SEARCH NOT FOUND (ABORTING MOD): return $this->config->get('config_ssl') . 'image/' . $new_image;
----------------------------------------------------------------------


---------- Date: 2017-06-03 14:37:53 ~ IP : 188.162.73.188 ----------
REQUEST URI : /index.php?route=journal2/assets/css
MOD DETAILS:
   modFile   : /home/h/hgmgroup/public_html/vqmod/xml/da_journal2_image_cdn.xml
   id        : Journal2 Image CDN
   version   : 1.5.x
   vqmver    : 2.4.0
   author    : digital-atelier.com

File Name    : catalog/model/tool/image.php(0)
VQModObject::applyMod - SEARCH NOT FOUND (ABORTING MOD): return $this->config->get('config_ssl') . 'image/' . $new_image;
----------------------------------------------------------------------


---------- Date: 2017-06-03 14:37:54 ~ IP : 188.162.73.188 ----------
REQUEST URI : /index.php?route=journal2/assets/js
MOD DETAILS:
   modFile   : /home/h/hgmgroup/public_html/vqmod/xml/da_journal2_image_cdn.xml
   id        : Journal2 Image CDN
   version   : 1.5.x
   vqmver    : 2.4.0
   author    : digital-atelier.com

File Name    : catalog/model/tool/image.php(0)
VQModObject::applyMod - SEARCH NOT FOUND (ABORTING MOD): return $this->config->get('config_ssl') . 'image/' . $new_image;
----------------------------------------------------------------------


---------- Date: 2017-06-03 14:40:39 ~ IP : 217.118.93.149 ----------
REQUEST URI : /
MOD DETAILS:
   modFile   : /home/h/hgmgroup/public_html/vqmod/xml/da_journal2_image_cdn.xml
   id        : Journal2 Image CDN
   version   : 1.5.x
   vqmver    : 2.4.0
   author    : digital-atelier.com

File Name    : catalog/model/tool/image.php(0)
VQModObject::applyMod - SEARCH NOT FOUND (ABORTING MOD): return $this->config->get('config_ssl') . 'image/' . $new_image;
----------------------------------------------------------------------


---------- Date: 2017-06-03 14:40:43 ~ IP : 217.118.93.149 ----------
REQUEST URI : /index.php?route=journal2/assets/css
MOD DETAILS:
   modFile   : /home/h/hgmgroup/public_html/vqmod/xml/da_journal2_image_cdn.xml
   id        : Journal2 Image CDN
   version   : 1.5.x
   vqmver    : 2.4.0
   author    : digital-atelier.com

File Name    : catalog/model/tool/image.php(0)
VQModObject::applyMod - SEARCH NOT FOUND (ABORTING MOD): return $this->config->get('config_ssl') . 'image/' . $new_image;
----------------------------------------------------------------------


---------- Date: 2017-06-03 14:40:49 ~ IP : 217.118.93.149 ----------
REQUEST URI : /index.php?route=journal2/assets/js
MOD DETAILS:
   modFile   : /home/h/hgmgroup/public_html/vqmod/xml/da_journal2_image_cdn.xml
   id        : Journal2 Image CDN
   version   : 1.5.x
   vqmver    : 2.4.0
   author    : digital-atelier.com

File Name    : catalog/model/tool/image.php(0)
VQModObject::applyMod - SEARCH NOT FOUND (ABORTING MOD): return $this->config->get('config_ssl') . 'image/' . $new_image;
----------------------------------------------------------------------


---------- Date: 2017-06-03 14:43:00 ~ IP : 188.162.73.188 ----------
REQUEST URI : /index.php?route=common/home
MOD DETAILS:
   modFile   : /home/h/hgmgroup/public_html/vqmod/xml/da_journal2_image_cdn.xml
   id        : Journal2 Image CDN
   version   : 1.5.x
   vqmver    : 2.4.0
   author    : digital-atelier.com

File Name    : catalog/model/tool/image.php(0)
VQModObject::applyMod - SEARCH NOT FOUND (ABORTING MOD): return $this->config->get('config_ssl') . 'image/' . $new_image;
----------------------------------------------------------------------


---------- Date: 2017-06-03 14:43:01 ~ IP : 188.162.73.188 ----------
REQUEST URI : /index.php?route=journal2/assets/css
MOD DETAILS:
   modFile   : /home/h/hgmgroup/public_html/vqmod/xml/da_journal2_image_cdn.xml
   id        : Journal2 Image CDN
   version   : 1.5.x
   vqmver    : 2.4.0
   author    : digital-atelier.com

File Name    : catalog/model/tool/image.php(0)
VQModObject::applyMod - SEARCH NOT FOUND (ABORTING MOD): return $this->config->get('config_ssl') . 'image/' . $new_image;
----------------------------------------------------------------------


---------- Date: 2017-06-03 14:43:01 ~ IP : 188.162.73.188 ----------
REQUEST URI : /index.php?route=journal2/assets/js
MOD DETAILS:
   modFile   : /home/h/hgmgroup/public_html/vqmod/xml/da_journal2_image_cdn.xml
   id        : Journal2 Image CDN
   version   : 1.5.x
   vqmver    : 2.4.0
   author    : digital-atelier.com

File Name    : catalog/model/tool/image.php(0)
VQModObject::applyMod - SEARCH NOT FOUND (ABORTING MOD): return $this->config->get('config_ssl') . 'image/' . $new_image;
----------------------------------------------------------------------


---------- Date: 2017-06-03 14:43:22 ~ IP : 188.162.73.188 ----------
REQUEST URI : /index.php?route=information/information&amp;information_id=21
MOD DETAILS:
   modFile   : /home/h/hgmgroup/public_html/vqmod/xml/da_journal2_image_cdn.xml
   id        : Journal2 Image CDN
   version   : 1.5.x
   vqmver    : 2.4.0
   author    : digital-atelier.com

File Name    : catalog/model/tool/image.php(0)
VQModObject::applyMod - SEARCH NOT FOUND (ABORTING MOD): return $this->config->get('config_ssl') . 'image/' . $new_image;
----------------------------------------------------------------------


---------- Date: 2017-06-03 14:43:23 ~ IP : 188.162.73.188 ----------
REQUEST URI : /index.php?route=journal2/assets/css
MOD DETAILS:
   modFile   : /home/h/hgmgroup/public_html/vqmod/xml/da_journal2_image_cdn.xml
   id        : Journal2 Image CDN
   version   : 1.5.x
   vqmver    : 2.4.0
   author    : digital-atelier.com

File Name    : catalog/model/tool/image.php(0)
VQModObject::applyMod - SEARCH NOT FOUND (ABORTING MOD): return $this->config->get('config_ssl') . 'image/' . $new_image;
----------------------------------------------------------------------


---------- Date: 2017-06-03 14:43:23 ~ IP : 188.162.73.188 ----------
REQUEST URI : /index.php?route=journal2/assets/js
MOD DETAILS:
   modFile   : /home/h/hgmgroup/public_html/vqmod/xml/da_journal2_image_cdn.xml
   id        : Journal2 Image CDN
   version   : 1.5.x
   vqmver    : 2.4.0
   author    : digital-atelier.com

File Name    : catalog/model/tool/image.php(0)
VQModObject::applyMod - SEARCH NOT FOUND (ABORTING MOD): return $this->config->get('config_ssl') . 'image/' . $new_image;
----------------------------------------------------------------------


---------- Date: 2017-06-03 14:54:31 ~ IP : 217.118.93.149 ----------
REQUEST URI : /
MOD DETAILS:
   modFile   : /home/h/hgmgroup/public_html/vqmod/xml/da_journal2_image_cdn.xml
   id        : Journal2 Image CDN
   version   : 1.5.x
   vqmver    : 2.4.0
   author    : digital-atelier.com

File Name    : catalog/model/tool/image.php(0)
VQModObject::applyMod - SEARCH NOT FOUND (ABORTING MOD): return $this->config->get('config_ssl') . 'image/' . $new_image;
----------------------------------------------------------------------


---------- Date: 2017-06-03 14:54:33 ~ IP : 217.118.93.149 ----------
REQUEST URI : /index.php?route=journal2/assets/css
MOD DETAILS:
   modFile   : /home/h/hgmgroup/public_html/vqmod/xml/da_journal2_image_cdn.xml
   id        : Journal2 Image CDN
   version   : 1.5.x
   vqmver    : 2.4.0
   author    : digital-atelier.com

File Name    : catalog/model/tool/image.php(0)
VQModObject::applyMod - SEARCH NOT FOUND (ABORTING MOD): return $this->config->get('config_ssl') . 'image/' . $new_image;
----------------------------------------------------------------------


---------- Date: 2017-06-03 14:54:34 ~ IP : 217.118.93.149 ----------
REQUEST URI : /index.php?route=journal2/assets/js
MOD DETAILS:
   modFile   : /home/h/hgmgroup/public_html/vqmod/xml/da_journal2_image_cdn.xml
   id        : Journal2 Image CDN
   version   : 1.5.x
   vqmver    : 2.4.0
   author    : digital-atelier.com

File Name    : catalog/model/tool/image.php(0)
VQModObject::applyMod - SEARCH NOT FOUND (ABORTING MOD): return $this->config->get('config_ssl') . 'image/' . $new_image;
----------------------------------------------------------------------


---------- Date: 2017-06-03 14:55:15 ~ IP : 217.118.93.149 ----------
REQUEST URI : /index.php?route=product/special
MOD DETAILS:
   modFile   : /home/h/hgmgroup/public_html/vqmod/xml/da_journal2_image_cdn.xml
   id        : Journal2 Image CDN
   version   : 1.5.x
   vqmver    : 2.4.0
   author    : digital-atelier.com

File Name    : catalog/model/tool/image.php(0)
VQModObject::applyMod - SEARCH NOT FOUND (ABORTING MOD): return $this->config->get('config_ssl') . 'image/' . $new_image;
----------------------------------------------------------------------


---------- Date: 2017-06-03 14:55:16 ~ IP : 217.118.93.149 ----------
REQUEST URI : /index.php?route=journal2/assets/css
MOD DETAILS:
   modFile   : /home/h/hgmgroup/public_html/vqmod/xml/da_journal2_image_cdn.xml
   id        : Journal2 Image CDN
   version   : 1.5.x
   vqmver    : 2.4.0
   author    : digital-atelier.com

File Name    : catalog/model/tool/image.php(0)
VQModObject::applyMod - SEARCH NOT FOUND (ABORTING MOD): return $this->config->get('config_ssl') . 'image/' . $new_image;
----------------------------------------------------------------------


---------- Date: 2017-06-03 14:55:17 ~ IP : 217.118.93.149 ----------
REQUEST URI : /index.php?route=journal2/assets/js
MOD DETAILS:
   modFile   : /home/h/hgmgroup/public_html/vqmod/xml/da_journal2_image_cdn.xml
   id        : Journal2 Image CDN
   version   : 1.5.x
   vqmver    : 2.4.0
   author    : digital-atelier.com

File Name    : catalog/model/tool/image.php(0)
VQModObject::applyMod - SEARCH NOT FOUND (ABORTING MOD): return $this->config->get('config_ssl') . 'image/' . $new_image;
----------------------------------------------------------------------


---------- Date: 2017-06-03 14:57:04 ~ IP : 217.118.93.149 ----------
REQUEST URI : /
MOD DETAILS:
   modFile   : /home/h/hgmgroup/public_html/vqmod/xml/da_journal2_image_cdn.xml
   id        : Journal2 Image CDN
   version   : 1.5.x
   vqmver    : 2.4.0
   author    : digital-atelier.com

File Name    : catalog/model/tool/image.php(0)
VQModObject::applyMod - SEARCH NOT FOUND (ABORTING MOD): return $this->config->get('config_ssl') . 'image/' . $new_image;
----------------------------------------------------------------------


---------- Date: 2017-06-03 14:57:07 ~ IP : 217.118.93.149 ----------
REQUEST URI : /index.php?route=journal2/assets/css
MOD DETAILS:
   modFile   : /home/h/hgmgroup/public_html/vqmod/xml/da_journal2_image_cdn.xml
   id        : Journal2 Image CDN
   version   : 1.5.x
   vqmver    : 2.4.0
   author    : digital-atelier.com

File Name    : catalog/model/tool/image.php(0)
VQModObject::applyMod - SEARCH NOT FOUND (ABORTING MOD): return $this->config->get('config_ssl') . 'image/' . $new_image;
----------------------------------------------------------------------


---------- Date: 2017-06-03 14:57:15 ~ IP : 217.118.93.149 ----------
REQUEST URI : /index.php?route=journal2/assets/js
MOD DETAILS:
   modFile   : /home/h/hgmgroup/public_html/vqmod/xml/da_journal2_image_cdn.xml
   id        : Journal2 Image CDN
   version   : 1.5.x
   vqmver    : 2.4.0
   author    : digital-atelier.com

File Name    : catalog/model/tool/image.php(0)
VQModObject::applyMod - SEARCH NOT FOUND (ABORTING MOD): return $this->config->get('config_ssl') . 'image/' . $new_image;
----------------------------------------------------------------------


---------- Date: 2017-06-03 14:59:28 ~ IP : 217.118.93.149 ----------
REQUEST URI : /index.php?route=information/information&amp;information_id=20
MOD DETAILS:
   modFile   : /home/h/hgmgroup/public_html/vqmod/xml/da_journal2_image_cdn.xml
   id        : Journal2 Image CDN
   version   : 1.5.x
   vqmver    : 2.4.0
   author    : digital-atelier.com

File Name    : catalog/model/tool/image.php(0)
VQModObject::applyMod - SEARCH NOT FOUND (ABORTING MOD): return $this->config->get('config_ssl') . 'image/' . $new_image;
----------------------------------------------------------------------


---------- Date: 2017-06-03 14:59:29 ~ IP : 217.118.93.149 ----------
REQUEST URI : /index.php?route=journal2/assets/css
MOD DETAILS:
   modFile   : /home/h/hgmgroup/public_html/vqmod/xml/da_journal2_image_cdn.xml
   id        : Journal2 Image CDN
   version   : 1.5.x
   vqmver    : 2.4.0
   author    : digital-atelier.com

File Name    : catalog/model/tool/image.php(0)
VQModObject::applyMod - SEARCH NOT FOUND (ABORTING MOD): return $this->config->get('config_ssl') . 'image/' . $new_image;
----------------------------------------------------------------------


---------- Date: 2017-06-03 14:59:30 ~ IP : 217.118.93.149 ----------
REQUEST URI : /index.php?route=journal2/assets/js
MOD DETAILS:
   modFile   : /home/h/hgmgroup/public_html/vqmod/xml/da_journal2_image_cdn.xml
   id        : Journal2 Image CDN
   version   : 1.5.x
   vqmver    : 2.4.0
   author    : digital-atelier.com

File Name    : catalog/model/tool/image.php(0)
VQModObject::applyMod - SEARCH NOT FOUND (ABORTING MOD): return $this->config->get('config_ssl') . 'image/' . $new_image;
----------------------------------------------------------------------


---------- Date: 2017-06-03 15:13:34 ~ IP : 217.118.93.149 ----------
REQUEST URI : /
MOD DETAILS:
   modFile   : /home/h/hgmgroup/public_html/vqmod/xml/da_journal2_image_cdn.xml
   id        : Journal2 Image CDN
   version   : 1.5.x
   vqmver    : 2.4.0
   author    : digital-atelier.com

File Name    : catalog/model/tool/image.php(0)
VQModObject::applyMod - SEARCH NOT FOUND (ABORTING MOD): return $this->config->get('config_ssl') . 'image/' . $new_image;
----------------------------------------------------------------------


---------- Date: 2017-06-03 15:13:36 ~ IP : 217.118.93.149 ----------
REQUEST URI : /index.php?route=journal2/assets/css
MOD DETAILS:
   modFile   : /home/h/hgmgroup/public_html/vqmod/xml/da_journal2_image_cdn.xml
   id        : Journal2 Image CDN
   version   : 1.5.x
   vqmver    : 2.4.0
   author    : digital-atelier.com

File Name    : catalog/model/tool/image.php(0)
VQModObject::applyMod - SEARCH NOT FOUND (ABORTING MOD): return $this->config->get('config_ssl') . 'image/' . $new_image;
----------------------------------------------------------------------


